<?xml version="1.0" encoding="UTF-8"?>
<!-- Generated by org.testng.reporters.JUnitXMLReporter -->
<testsuite ignored="0" hostname="KI129" failures="1" tests="2" name="Default test" time="602.392" errors="0" timestamp="2025-12-20T18:00:46 IST">
  <testcase classname="pagesTestCasesYasasiiWeb.KIMS_NutritionManagement_TestcaseYW" name="Patreg" time="96.91"/>
  <testcase classname="pagesTestCasesYasasiiWeb.KIMS_NutritionManagement_TestcaseYW" name="investigation" time="474.258">
    <failure type="org.openqa.selenium.ElementClickInterceptedException" message="element click intercepted: Element &amp;lt;div class=&amp;quot;menu-toggle&amp;quot;&amp;gt;...&amp;lt;/div&amp;gt; is not clickable at point (31, 23). Other element would receive the click: &amp;lt;div _ngcontent-mic-c2=&amp;quot;&amp;quot; aria-hidden=&amp;quot;false&amp;quot; aria-labelledby=&amp;quot;myLargeModalLabel&amp;quot; class=&amp;quot;modal ki-dialog fade blockoutside in show&amp;quot; kidialog=&amp;quot;&amp;quot; role=&amp;quot;dialog&amp;quot; tabindex=&amp;quot;-1&amp;quot; aria-modal=&amp;quot;true&amp;quot; style=&amp;quot;display: block;&amp;quot;&amp;gt;...&amp;lt;/div&amp;gt;
  (Session info: chrome=143.0.7499.111)
Build info: version: &amp;apos;4.11.0&amp;apos;, revision: &amp;apos;040bc5406b&amp;apos;
System info: os.name: &amp;apos;Windows 10&amp;apos;, os.arch: &amp;apos;amd64&amp;apos;, os.version: &amp;apos;10.0&amp;apos;, java.version: &amp;apos;17.0.15&amp;apos;
Driver info: org.openqa.selenium.chrome.ChromeDriver
Command: [2b07958f4361dc78a0e1a67b0ffe5e51, clickElement {id=f.D581D97E826DBAF8113468128EAEABBF.d.893A2BEAFD28CDF0D7EB0D9FE28B7CE4.e.2447}]
Capabilities {acceptInsecureCerts: false, browserName: chrome, browserVersion: 143.0.7499.111, chrome: {chromedriverVersion: 142.0.7444.175 (302067f14a4..., userDataDir: C:\Users\swathy\AppData\Loc...}, fedcm:accounts: true, goog:chromeOptions: {debuggerAddress: localhost:50674}, goog:processID: 904, networkConnectionEnabled: false, pageLoadStrategy: normal, platformName: windows, proxy: Proxy(), se:cdp: ws://localhost:50674/devtoo..., se:cdpVersion: 143.0.7499.111, setWindowRect: true, strictFileInteractability: false, timeouts: {implicit: 0, pageLoad: 300000, script: 30000}, unhandledPromptBehavior: dismiss and notify, webauthn:extension:credBlob: true, webauthn:extension:largeBlob: true, webauthn:extension:minPinLength: true, webauthn:extension:prf: true, webauthn:virtualAuthenticators: true}
Element: [[ChromeDriver: chrome on windows (2b07958f4361dc78a0e1a67b0ffe5e51)] -&amp;gt; xpath: //a[@class=&amp;apos;nav-link navbar-brand menu&amp;apos;]//div[@class=&amp;apos;menu-toggle&amp;apos;]]
Session ID: 2b07958f4361dc78a0e1a67b0ffe5e51">
      <![CDATA[org.openqa.selenium.ElementClickInterceptedException: element click intercepted: Element <div class="menu-toggle">...</div> is not clickable at point (31, 23). Other element would receive the click: <div _ngcontent-mic-c2="" aria-hidden="false" aria-labelledby="myLargeModalLabel" class="modal ki-dialog fade blockoutside in show" kidialog="" role="dialog" tabindex="-1" aria-modal="true" style="display: block;">...</div>
  (Session info: chrome=143.0.7499.111)
Build info: version: '4.11.0', revision: '040bc5406b'
System info: os.name: 'Windows 10', os.arch: 'amd64', os.version: '10.0', java.version: '17.0.15'
Driver info: org.openqa.selenium.chrome.ChromeDriver
Command: [2b07958f4361dc78a0e1a67b0ffe5e51, clickElement {id=f.D581D97E826DBAF8113468128EAEABBF.d.893A2BEAFD28CDF0D7EB0D9FE28B7CE4.e.2447}]
Capabilities {acceptInsecureCerts: false, browserName: chrome, browserVersion: 143.0.7499.111, chrome: {chromedriverVersion: 142.0.7444.175 (302067f14a4..., userDataDir: C:\Users\swathy\AppData\Loc...}, fedcm:accounts: true, goog:chromeOptions: {debuggerAddress: localhost:50674}, goog:processID: 904, networkConnectionEnabled: false, pageLoadStrategy: normal, platformName: windows, proxy: Proxy(), se:cdp: ws://localhost:50674/devtoo..., se:cdpVersion: 143.0.7499.111, setWindowRect: true, strictFileInteractability: false, timeouts: {implicit: 0, pageLoad: 300000, script: 30000}, unhandledPromptBehavior: dismiss and notify, webauthn:extension:credBlob: true, webauthn:extension:largeBlob: true, webauthn:extension:minPinLength: true, webauthn:extension:prf: true, webauthn:virtualAuthenticators: true}
Element: [[ChromeDriver: chrome on windows (2b07958f4361dc78a0e1a67b0ffe5e51)] -> xpath: //a[@class='nav-link navbar-brand menu']//div[@class='menu-toggle']]
Session ID: 2b07958f4361dc78a0e1a67b0ffe5e51
at java.base/jdk.internal.reflect.NativeConstructorAccessorImpl.newInstance0(Native Method)
at java.base/jdk.internal.reflect.NativeConstructorAccessorImpl.newInstance(NativeConstructorAccessorImpl.java:77)
at java.base/jdk.internal.reflect.DelegatingConstructorAccessorImpl.newInstance(DelegatingConstructorAccessorImpl.java:45)
at java.base/java.lang.reflect.Constructor.newInstanceWithCaller(Constructor.java:500)
at java.base/java.lang.reflect.Constructor.newInstance(Constructor.java:481)
at org.openqa.selenium.remote.codec.w3c.W3CHttpResponseCodec.createException(W3CHttpResponseCodec.java:200)
at org.openqa.selenium.remote.codec.w3c.W3CHttpResponseCodec.decode(W3CHttpResponseCodec.java:133)
at org.openqa.selenium.remote.codec.w3c.W3CHttpResponseCodec.decode(W3CHttpResponseCodec.java:52)
at org.openqa.selenium.remote.HttpCommandExecutor.execute(HttpCommandExecutor.java:191)
at org.openqa.selenium.remote.service.DriverCommandExecutor.invokeExecute(DriverCommandExecutor.java:196)
at org.openqa.selenium.remote.service.DriverCommandExecutor.execute(DriverCommandExecutor.java:171)
at org.openqa.selenium.remote.RemoteWebDriver.execute(RemoteWebDriver.java:518)
at org.openqa.selenium.remote.RemoteWebElement.execute(RemoteWebElement.java:224)
at org.openqa.selenium.remote.RemoteWebElement.click(RemoteWebElement.java:77)
at jdk.internal.reflect.GeneratedMethodAccessor2.invoke(Unknown Source)
at java.base/jdk.internal.reflect.DelegatingMethodAccessorImpl.invoke(DelegatingMethodAccessorImpl.java:43)
at java.base/java.lang.reflect.Method.invoke(Method.java:569)
at org.openqa.selenium.support.pagefactory.internal.LocatingElementHandler.invoke(LocatingElementHandler.java:51)
at jdk.proxy2/jdk.proxy2.$Proxy39.click(Unknown Source)
at pagesOfYasasiiWeb.KIMS_NutritionManagement_Yasasiiweb.BackendBillgeneration(KIMS_NutritionManagement_Yasasiiweb.java:986)
at pagesTestCasesYasasiiWeb.KIMS_NutritionManagement_TestcaseYW.investigation(KIMS_NutritionManagement_TestcaseYW.java:60)
at java.base/jdk.internal.reflect.NativeMethodAccessorImpl.invoke0(Native Method)
at java.base/jdk.internal.reflect.NativeMethodAccessorImpl.invoke(NativeMethodAccessorImpl.java:77)
at java.base/jdk.internal.reflect.DelegatingMethodAccessorImpl.invoke(DelegatingMethodAccessorImpl.java:43)
at java.base/java.lang.reflect.Method.invoke(Method.java:569)
at org.testng.internal.MethodInvocationHelper.invokeMethod(MethodInvocationHelper.java:132)
at org.testng.internal.TestInvoker.invokeMethod(TestInvoker.java:599)
at org.testng.internal.TestInvoker.invokeTestMethod(TestInvoker.java:174)
at org.testng.internal.MethodRunner.runInSequence(MethodRunner.java:46)
at org.testng.internal.TestInvoker$MethodInvocationAgent.invoke(TestInvoker.java:822)
at org.testng.internal.TestInvoker.invokeTestMethods(TestInvoker.java:147)
at org.testng.internal.TestMethodWorker.invokeTestMethods(TestMethodWorker.java:146)
at org.testng.internal.TestMethodWorker.run(TestMethodWorker.java:128)
at java.base/java.util.ArrayList.forEach(ArrayList.java:1511)
at org.testng.TestRunner.privateRun(TestRunner.java:764)
at org.testng.TestRunner.run(TestRunner.java:585)
at org.testng.SuiteRunner.runTest(SuiteRunner.java:384)
at org.testng.SuiteRunner.runSequentially(SuiteRunner.java:378)
at org.testng.SuiteRunner.privateRun(SuiteRunner.java:337)
at org.testng.SuiteRunner.run(SuiteRunner.java:286)
at org.testng.SuiteRunnerWorker.runSuite(SuiteRunnerWorker.java:53)
at org.testng.SuiteRunnerWorker.run(SuiteRunnerWorker.java:96)
at org.testng.TestNG.runSuitesSequentially(TestNG.java:1218)
at org.testng.TestNG.runSuitesLocally(TestNG.java:1140)
at org.testng.TestNG.runSuites(TestNG.java:1069)
at org.testng.TestNG.run(TestNG.java:1037)
at org.testng.remote.AbstractRemoteTestNG.run(AbstractRemoteTestNG.java:115)
at org.testng.remote.RemoteTestNG.initAndRun(RemoteTestNG.java:293)
at org.testng.remote.RemoteTestNG.main(RemoteTestNG.java:91)
]]>
    </failure>
  </testcase> <!-- investigation -->
</testsuite> <!-- Default test -->
