<?xml version="1.0" encoding="UTF-8"?>
<!-- Generated by org.testng.reporters.JUnitXMLReporter -->
<testsuite ignored="0" hostname="KI-54" failures="0" tests="2" name="Default test" time="367.356" errors="0" timestamp="2025-12-08T10:17:36 IST">
  <testcase classname="pagesTestCasesYasasiiWeb.KIMS_CpoePendingOrder_Billing_TestcaseYW" name="PatientReg" time="73.21"/>
  <testcase classname="pagesTestCasesYasasiiWeb.KIMS_CpoePendingOrder_Billing_TestcaseYW" name="CpoePending" time="264.323"/>
</testsuite> <!-- Default test -->
