<?xml version="1.0" encoding="UTF-8"?>
<!-- Generated by org.testng.reporters.JUnitXMLReporter -->
<testsuite ignored="60" hostname="KI-54" failures="4" tests="30" name="Test" time="1705.159" errors="0" timestamp="2025-12-09T11:01:46 IST">
  <testcase classname="com.baseYasasiiWeb.TestBaseYasasiiWeb" name="@AfterMethod getResult" time="0.286">
    <failure type="java.lang.NullPointerException" message="Cannot invoke &amp;quot;String.indexOf(String)&amp;quot; because &amp;quot;path&amp;quot; is null">
      <![CDATA[java.lang.NullPointerException: Cannot invoke "String.indexOf(String)" because "path" is null
at com.relevantcodes.extentreports.ExtentTest.isPathRelative(ExtentTest.java:502)
at com.relevantcodes.extentreports.ExtentTest.addScreenCapture(ExtentTest.java:287)
at com.baseYasasiiWeb.TestBaseYasasiiWeb.getResult(TestBaseYasasiiWeb.java:215)
at java.base/java.util.ArrayList.forEach(ArrayList.java:1511)
... Removed 32 stack frames]]>
    </failure>
  </testcase> <!-- @AfterMethod getResult -->
  <testcase classname="pagesTestCasesYasasiiWeb.KIMS_EMRhidenote_TeatcaseYW" name="@AfterClass logout" time="-1.765258304351E9">
    <skipped/>
  </testcase> <!-- @AfterClass logout -->
  <testcase classname="pagesTestCasesYasasiiWeb.KIMS_AdvanceRefund_TestcaseYW" name="@BeforeClass navigateemradt" time="0.003">
    <failure type="org.openqa.selenium.NoSuchSessionException" message="invalid session id
Build info: version: &amp;apos;4.11.0&amp;apos;, revision: &amp;apos;040bc5406b&amp;apos;
System info: os.name: &amp;apos;Windows 10&amp;apos;, os.arch: &amp;apos;amd64&amp;apos;, os.version: &amp;apos;10.0&amp;apos;, java.version: &amp;apos;17.0.7&amp;apos;
Driver info: org.openqa.selenium.chrome.ChromeDriver
Command: [cd773e2fbda3e83dfed749d202c178f4, setTimeout {implicit=10000}]
Capabilities {acceptInsecureCerts: false, browserName: chrome, browserVersion: 142.0.7444.176, chrome: {chromedriverVersion: 142.0.7444.175 (302067f14a4..., userDataDir: C:\Users\sriram\AppData\Loc...}, fedcm:accounts: true, goog:chromeOptions: {debuggerAddress: localhost:60679}, goog:processID: 14968, networkConnectionEnabled: false, pageLoadStrategy: normal, platformName: windows, proxy: Proxy(), se:cdp: ws://localhost:60679/devtoo..., se:cdpVersion: 142.0.7444.176, setWindowRect: true, strictFileInteractability: false, timeouts: {implicit: 0, pageLoad: 300000, script: 30000}, unhandledPromptBehavior: dismiss and notify, webauthn:extension:credBlob: true, webauthn:extension:largeBlob: true, webauthn:extension:minPinLength: true, webauthn:extension:prf: true, webauthn:virtualAuthenticators: true}
Session ID: cd773e2fbda3e83dfed749d202c178f4">
      <![CDATA[org.openqa.selenium.NoSuchSessionException: invalid session id
Build info: version: '4.11.0', revision: '040bc5406b'
System info: os.name: 'Windows 10', os.arch: 'amd64', os.version: '10.0', java.version: '17.0.7'
Driver info: org.openqa.selenium.chrome.ChromeDriver
Command: [cd773e2fbda3e83dfed749d202c178f4, setTimeout {implicit=10000}]
Capabilities {acceptInsecureCerts: false, browserName: chrome, browserVersion: 142.0.7444.176, chrome: {chromedriverVersion: 142.0.7444.175 (302067f14a4..., userDataDir: C:\Users\sriram\AppData\Loc...}, fedcm:accounts: true, goog:chromeOptions: {debuggerAddress: localhost:60679}, goog:processID: 14968, networkConnectionEnabled: false, pageLoadStrategy: normal, platformName: windows, proxy: Proxy(), se:cdp: ws://localhost:60679/devtoo..., se:cdpVersion: 142.0.7444.176, setWindowRect: true, strictFileInteractability: false, timeouts: {implicit: 0, pageLoad: 300000, script: 30000}, unhandledPromptBehavior: dismiss and notify, webauthn:extension:credBlob: true, webauthn:extension:largeBlob: true, webauthn:extension:minPinLength: true, webauthn:extension:prf: true, webauthn:virtualAuthenticators: true}
Session ID: cd773e2fbda3e83dfed749d202c178f4
at org.openqa.selenium.remote.codec.w3c.W3CHttpResponseCodec.createException(W3CHttpResponseCodec.java:200)
at org.openqa.selenium.remote.codec.w3c.W3CHttpResponseCodec.decode(W3CHttpResponseCodec.java:133)
at org.openqa.selenium.remote.codec.w3c.W3CHttpResponseCodec.decode(W3CHttpResponseCodec.java:52)
at org.openqa.selenium.remote.HttpCommandExecutor.execute(HttpCommandExecutor.java:191)
at org.openqa.selenium.remote.service.DriverCommandExecutor.invokeExecute(DriverCommandExecutor.java:196)
at org.openqa.selenium.remote.service.DriverCommandExecutor.execute(DriverCommandExecutor.java:171)
at org.openqa.selenium.remote.RemoteWebDriver.execute(RemoteWebDriver.java:518)
at org.openqa.selenium.remote.RemoteWebDriver$RemoteWebDriverOptions$RemoteTimeouts.implicitlyWait(RemoteWebDriver.java:878)
at com.baseYasasiiWeb.PageFactoryInitYasasiiWeb.<init>(PageFactoryInitYasasiiWeb.java:59)
at pagesOfYasasiiWeb.LoginPageYasasiiWeb.<init>(LoginPageYasasiiWeb.java:15)
at pagesTestCasesYasasiiWeb.KIMS_AdvanceRefund_TestcaseYW.navigateemradt(KIMS_AdvanceRefund_TestcaseYW.java:28)
at java.base/java.util.ArrayList.forEach(ArrayList.java:1511)
... Removed 30 stack frames]]>
    </failure>
  </testcase> <!-- @BeforeClass navigateemradt -->
  <testcase classname="com.baseYasasiiWeb.TestBaseYasasiiWeb" name="@BeforeMethod getTestMethodProperties" time="-1.765258304444E9">
    <skipped/>
  </testcase> <!-- @BeforeMethod getTestMethodProperties -->
  <testcase classname="com.baseYasasiiWeb.TestBaseYasasiiWeb" name="@AfterMethod getResult" time="-1.765258304449E9">
    <skipped/>
  </testcase> <!-- @AfterMethod getResult -->
  <testcase classname="com.baseYasasiiWeb.TestBaseYasasiiWeb" name="@BeforeMethod getTestMethodProperties" time="-1.765258304529E9">
    <skipped/>
  </testcase> <!-- @BeforeMethod getTestMethodProperties -->
  <testcase classname="com.baseYasasiiWeb.TestBaseYasasiiWeb" name="@AfterMethod getResult" time="-1.765258304533E9">
    <skipped/>
  </testcase> <!-- @AfterMethod getResult -->
  <testcase classname="pagesTestCasesYasasiiWeb.KIMS_AdvanceRefund_TestcaseYW" name="@AfterClass logout" time="-1.765258304534E9">
    <skipped/>
  </testcase> <!-- @AfterClass logout -->
  <testcase classname="pagesTestCasesYasasiiWeb.KIMS_Diagnosis_LogView_testcaseYW" name="@BeforeClass navigateemradt" time="0.003">
    <failure type="org.openqa.selenium.NoSuchSessionException" message="invalid session id
Build info: version: &amp;apos;4.11.0&amp;apos;, revision: &amp;apos;040bc5406b&amp;apos;
System info: os.name: &amp;apos;Windows 10&amp;apos;, os.arch: &amp;apos;amd64&amp;apos;, os.version: &amp;apos;10.0&amp;apos;, java.version: &amp;apos;17.0.7&amp;apos;
Driver info: org.openqa.selenium.chrome.ChromeDriver
Command: [cd773e2fbda3e83dfed749d202c178f4, setTimeout {implicit=10000}]
Capabilities {acceptInsecureCerts: false, browserName: chrome, browserVersion: 142.0.7444.176, chrome: {chromedriverVersion: 142.0.7444.175 (302067f14a4..., userDataDir: C:\Users\sriram\AppData\Loc...}, fedcm:accounts: true, goog:chromeOptions: {debuggerAddress: localhost:60679}, goog:processID: 14968, networkConnectionEnabled: false, pageLoadStrategy: normal, platformName: windows, proxy: Proxy(), se:cdp: ws://localhost:60679/devtoo..., se:cdpVersion: 142.0.7444.176, setWindowRect: true, strictFileInteractability: false, timeouts: {implicit: 0, pageLoad: 300000, script: 30000}, unhandledPromptBehavior: dismiss and notify, webauthn:extension:credBlob: true, webauthn:extension:largeBlob: true, webauthn:extension:minPinLength: true, webauthn:extension:prf: true, webauthn:virtualAuthenticators: true}
Session ID: cd773e2fbda3e83dfed749d202c178f4">
      <![CDATA[org.openqa.selenium.NoSuchSessionException: invalid session id
Build info: version: '4.11.0', revision: '040bc5406b'
System info: os.name: 'Windows 10', os.arch: 'amd64', os.version: '10.0', java.version: '17.0.7'
Driver info: org.openqa.selenium.chrome.ChromeDriver
Command: [cd773e2fbda3e83dfed749d202c178f4, setTimeout {implicit=10000}]
Capabilities {acceptInsecureCerts: false, browserName: chrome, browserVersion: 142.0.7444.176, chrome: {chromedriverVersion: 142.0.7444.175 (302067f14a4..., userDataDir: C:\Users\sriram\AppData\Loc...}, fedcm:accounts: true, goog:chromeOptions: {debuggerAddress: localhost:60679}, goog:processID: 14968, networkConnectionEnabled: false, pageLoadStrategy: normal, platformName: windows, proxy: Proxy(), se:cdp: ws://localhost:60679/devtoo..., se:cdpVersion: 142.0.7444.176, setWindowRect: true, strictFileInteractability: false, timeouts: {implicit: 0, pageLoad: 300000, script: 30000}, unhandledPromptBehavior: dismiss and notify, webauthn:extension:credBlob: true, webauthn:extension:largeBlob: true, webauthn:extension:minPinLength: true, webauthn:extension:prf: true, webauthn:virtualAuthenticators: true}
Session ID: cd773e2fbda3e83dfed749d202c178f4
at org.openqa.selenium.remote.codec.w3c.W3CHttpResponseCodec.createException(W3CHttpResponseCodec.java:200)
at org.openqa.selenium.remote.codec.w3c.W3CHttpResponseCodec.decode(W3CHttpResponseCodec.java:133)
at org.openqa.selenium.remote.codec.w3c.W3CHttpResponseCodec.decode(W3CHttpResponseCodec.java:52)
at org.openqa.selenium.remote.HttpCommandExecutor.execute(HttpCommandExecutor.java:191)
at org.openqa.selenium.remote.service.DriverCommandExecutor.invokeExecute(DriverCommandExecutor.java:196)
at org.openqa.selenium.remote.service.DriverCommandExecutor.execute(DriverCommandExecutor.java:171)
at org.openqa.selenium.remote.RemoteWebDriver.execute(RemoteWebDriver.java:518)
at org.openqa.selenium.remote.RemoteWebDriver$RemoteWebDriverOptions$RemoteTimeouts.implicitlyWait(RemoteWebDriver.java:878)
at com.baseYasasiiWeb.PageFactoryInitYasasiiWeb.<init>(PageFactoryInitYasasiiWeb.java:59)
at pagesOfYasasiiWeb.LoginPageYasasiiWeb.<init>(LoginPageYasasiiWeb.java:15)
at pagesTestCasesYasasiiWeb.KIMS_Diagnosis_LogView_testcaseYW.navigateemradt(KIMS_Diagnosis_LogView_testcaseYW.java:27)
at java.base/java.util.ArrayList.forEach(ArrayList.java:1511)
... Removed 30 stack frames]]>
    </failure>
  </testcase> <!-- @BeforeClass navigateemradt -->
  <testcase classname="com.baseYasasiiWeb.TestBaseYasasiiWeb" name="@BeforeMethod getTestMethodProperties" time="-1.76525830462E9">
    <skipped/>
  </testcase> <!-- @BeforeMethod getTestMethodProperties -->
  <testcase classname="com.baseYasasiiWeb.TestBaseYasasiiWeb" name="@AfterMethod getResult" time="-1.765258304625E9">
    <skipped/>
  </testcase> <!-- @AfterMethod getResult -->
  <testcase classname="com.baseYasasiiWeb.TestBaseYasasiiWeb" name="@BeforeMethod getTestMethodProperties" time="-1.765258304719E9">
    <skipped/>
  </testcase> <!-- @BeforeMethod getTestMethodProperties -->
  <testcase classname="com.baseYasasiiWeb.TestBaseYasasiiWeb" name="@AfterMethod getResult" time="-1.765258304724E9">
    <skipped/>
  </testcase> <!-- @AfterMethod getResult -->
  <testcase classname="pagesTestCasesYasasiiWeb.KIMS_Diagnosis_LogView_testcaseYW" name="@AfterClass logout" time="-1.765258304726E9">
    <skipped/>
  </testcase> <!-- @AfterClass logout -->
  <testcase classname="pagesTestCasesYasasiiWeb.KIMS_AppointmentFuture_Testcase" name="@BeforeClass navigateemradt" time="0.003">
    <failure type="org.openqa.selenium.NoSuchSessionException" message="invalid session id
Build info: version: &amp;apos;4.11.0&amp;apos;, revision: &amp;apos;040bc5406b&amp;apos;
System info: os.name: &amp;apos;Windows 10&amp;apos;, os.arch: &amp;apos;amd64&amp;apos;, os.version: &amp;apos;10.0&amp;apos;, java.version: &amp;apos;17.0.7&amp;apos;
Driver info: org.openqa.selenium.chrome.ChromeDriver
Command: [cd773e2fbda3e83dfed749d202c178f4, setTimeout {implicit=10000}]
Capabilities {acceptInsecureCerts: false, browserName: chrome, browserVersion: 142.0.7444.176, chrome: {chromedriverVersion: 142.0.7444.175 (302067f14a4..., userDataDir: C:\Users\sriram\AppData\Loc...}, fedcm:accounts: true, goog:chromeOptions: {debuggerAddress: localhost:60679}, goog:processID: 14968, networkConnectionEnabled: false, pageLoadStrategy: normal, platformName: windows, proxy: Proxy(), se:cdp: ws://localhost:60679/devtoo..., se:cdpVersion: 142.0.7444.176, setWindowRect: true, strictFileInteractability: false, timeouts: {implicit: 0, pageLoad: 300000, script: 30000}, unhandledPromptBehavior: dismiss and notify, webauthn:extension:credBlob: true, webauthn:extension:largeBlob: true, webauthn:extension:minPinLength: true, webauthn:extension:prf: true, webauthn:virtualAuthenticators: true}
Session ID: cd773e2fbda3e83dfed749d202c178f4">
      <![CDATA[org.openqa.selenium.NoSuchSessionException: invalid session id
Build info: version: '4.11.0', revision: '040bc5406b'
System info: os.name: 'Windows 10', os.arch: 'amd64', os.version: '10.0', java.version: '17.0.7'
Driver info: org.openqa.selenium.chrome.ChromeDriver
Command: [cd773e2fbda3e83dfed749d202c178f4, setTimeout {implicit=10000}]
Capabilities {acceptInsecureCerts: false, browserName: chrome, browserVersion: 142.0.7444.176, chrome: {chromedriverVersion: 142.0.7444.175 (302067f14a4..., userDataDir: C:\Users\sriram\AppData\Loc...}, fedcm:accounts: true, goog:chromeOptions: {debuggerAddress: localhost:60679}, goog:processID: 14968, networkConnectionEnabled: false, pageLoadStrategy: normal, platformName: windows, proxy: Proxy(), se:cdp: ws://localhost:60679/devtoo..., se:cdpVersion: 142.0.7444.176, setWindowRect: true, strictFileInteractability: false, timeouts: {implicit: 0, pageLoad: 300000, script: 30000}, unhandledPromptBehavior: dismiss and notify, webauthn:extension:credBlob: true, webauthn:extension:largeBlob: true, webauthn:extension:minPinLength: true, webauthn:extension:prf: true, webauthn:virtualAuthenticators: true}
Session ID: cd773e2fbda3e83dfed749d202c178f4
at org.openqa.selenium.remote.codec.w3c.W3CHttpResponseCodec.createException(W3CHttpResponseCodec.java:200)
at org.openqa.selenium.remote.codec.w3c.W3CHttpResponseCodec.decode(W3CHttpResponseCodec.java:133)
at org.openqa.selenium.remote.codec.w3c.W3CHttpResponseCodec.decode(W3CHttpResponseCodec.java:52)
at org.openqa.selenium.remote.HttpCommandExecutor.execute(HttpCommandExecutor.java:191)
at org.openqa.selenium.remote.service.DriverCommandExecutor.invokeExecute(DriverCommandExecutor.java:196)
at org.openqa.selenium.remote.service.DriverCommandExecutor.execute(DriverCommandExecutor.java:171)
at org.openqa.selenium.remote.RemoteWebDriver.execute(RemoteWebDriver.java:518)
at org.openqa.selenium.remote.RemoteWebDriver$RemoteWebDriverOptions$RemoteTimeouts.implicitlyWait(RemoteWebDriver.java:878)
at com.baseYasasiiWeb.PageFactoryInitYasasiiWeb.<init>(PageFactoryInitYasasiiWeb.java:59)
at pagesOfYasasiiWeb.LoginPageYasasiiWeb.<init>(LoginPageYasasiiWeb.java:15)
at pagesTestCasesYasasiiWeb.KIMS_AppointmentFuture_Testcase.navigateemradt(KIMS_AppointmentFuture_Testcase.java:27)
at java.base/java.util.ArrayList.forEach(ArrayList.java:1511)
... Removed 30 stack frames]]>
    </failure>
  </testcase> <!-- @BeforeClass navigateemradt -->
  <testcase classname="com.baseYasasiiWeb.TestBaseYasasiiWeb" name="@BeforeMethod getTestMethodProperties" time="-1.765258304825E9">
    <skipped/>
  </testcase> <!-- @BeforeMethod getTestMethodProperties -->
  <testcase classname="com.baseYasasiiWeb.TestBaseYasasiiWeb" name="@AfterMethod getResult" time="-1.765258304828E9">
    <skipped/>
  </testcase> <!-- @AfterMethod getResult -->
  <testcase classname="com.baseYasasiiWeb.TestBaseYasasiiWeb" name="@BeforeMethod getTestMethodProperties" time="-1.765258304918E9">
    <skipped/>
  </testcase> <!-- @BeforeMethod getTestMethodProperties -->
  <testcase classname="com.baseYasasiiWeb.TestBaseYasasiiWeb" name="@AfterMethod getResult" time="-1.765258304922E9">
    <skipped/>
  </testcase> <!-- @AfterMethod getResult -->
  <testcase classname="pagesTestCasesYasasiiWeb.KIMS_AppointmentFuture_Testcase" name="@AfterClass logout" time="-1.765258304924E9">
    <skipped/>
  </testcase> <!-- @AfterClass logout -->
  <testcase classname="pagesTestCasesYasasiiWeb.KIMS_EmployeeAuthorization_TestcaseYW" name="@BeforeClass navigateemradt" time="0.004">
    <failure type="org.openqa.selenium.NoSuchSessionException" message="invalid session id
Build info: version: &amp;apos;4.11.0&amp;apos;, revision: &amp;apos;040bc5406b&amp;apos;
System info: os.name: &amp;apos;Windows 10&amp;apos;, os.arch: &amp;apos;amd64&amp;apos;, os.version: &amp;apos;10.0&amp;apos;, java.version: &amp;apos;17.0.7&amp;apos;
Driver info: org.openqa.selenium.chrome.ChromeDriver
Command: [cd773e2fbda3e83dfed749d202c178f4, setTimeout {implicit=10000}]
Capabilities {acceptInsecureCerts: false, browserName: chrome, browserVersion: 142.0.7444.176, chrome: {chromedriverVersion: 142.0.7444.175 (302067f14a4..., userDataDir: C:\Users\sriram\AppData\Loc...}, fedcm:accounts: true, goog:chromeOptions: {debuggerAddress: localhost:60679}, goog:processID: 14968, networkConnectionEnabled: false, pageLoadStrategy: normal, platformName: windows, proxy: Proxy(), se:cdp: ws://localhost:60679/devtoo..., se:cdpVersion: 142.0.7444.176, setWindowRect: true, strictFileInteractability: false, timeouts: {implicit: 0, pageLoad: 300000, script: 30000}, unhandledPromptBehavior: dismiss and notify, webauthn:extension:credBlob: true, webauthn:extension:largeBlob: true, webauthn:extension:minPinLength: true, webauthn:extension:prf: true, webauthn:virtualAuthenticators: true}
Session ID: cd773e2fbda3e83dfed749d202c178f4">
      <![CDATA[org.openqa.selenium.NoSuchSessionException: invalid session id
Build info: version: '4.11.0', revision: '040bc5406b'
System info: os.name: 'Windows 10', os.arch: 'amd64', os.version: '10.0', java.version: '17.0.7'
Driver info: org.openqa.selenium.chrome.ChromeDriver
Command: [cd773e2fbda3e83dfed749d202c178f4, setTimeout {implicit=10000}]
Capabilities {acceptInsecureCerts: false, browserName: chrome, browserVersion: 142.0.7444.176, chrome: {chromedriverVersion: 142.0.7444.175 (302067f14a4..., userDataDir: C:\Users\sriram\AppData\Loc...}, fedcm:accounts: true, goog:chromeOptions: {debuggerAddress: localhost:60679}, goog:processID: 14968, networkConnectionEnabled: false, pageLoadStrategy: normal, platformName: windows, proxy: Proxy(), se:cdp: ws://localhost:60679/devtoo..., se:cdpVersion: 142.0.7444.176, setWindowRect: true, strictFileInteractability: false, timeouts: {implicit: 0, pageLoad: 300000, script: 30000}, unhandledPromptBehavior: dismiss and notify, webauthn:extension:credBlob: true, webauthn:extension:largeBlob: true, webauthn:extension:minPinLength: true, webauthn:extension:prf: true, webauthn:virtualAuthenticators: true}
Session ID: cd773e2fbda3e83dfed749d202c178f4
at org.openqa.selenium.remote.codec.w3c.W3CHttpResponseCodec.createException(W3CHttpResponseCodec.java:200)
at org.openqa.selenium.remote.codec.w3c.W3CHttpResponseCodec.decode(W3CHttpResponseCodec.java:133)
at org.openqa.selenium.remote.codec.w3c.W3CHttpResponseCodec.decode(W3CHttpResponseCodec.java:52)
at org.openqa.selenium.remote.HttpCommandExecutor.execute(HttpCommandExecutor.java:191)
at org.openqa.selenium.remote.service.DriverCommandExecutor.invokeExecute(DriverCommandExecutor.java:196)
at org.openqa.selenium.remote.service.DriverCommandExecutor.execute(DriverCommandExecutor.java:171)
at org.openqa.selenium.remote.RemoteWebDriver.execute(RemoteWebDriver.java:518)
at org.openqa.selenium.remote.RemoteWebDriver$RemoteWebDriverOptions$RemoteTimeouts.implicitlyWait(RemoteWebDriver.java:878)
at com.baseYasasiiWeb.PageFactoryInitYasasiiWeb.<init>(PageFactoryInitYasasiiWeb.java:59)
at pagesOfYasasiiWeb.LoginPageYasasiiWeb.<init>(LoginPageYasasiiWeb.java:15)
at pagesTestCasesYasasiiWeb.KIMS_EmployeeAuthorization_TestcaseYW.navigateemradt(KIMS_EmployeeAuthorization_TestcaseYW.java:27)
at java.base/java.util.ArrayList.forEach(ArrayList.java:1511)
... Removed 30 stack frames]]>
    </failure>
  </testcase> <!-- @BeforeClass navigateemradt -->
  <testcase classname="com.baseYasasiiWeb.TestBaseYasasiiWeb" name="@BeforeMethod getTestMethodProperties" time="-1.765258305018E9">
    <skipped/>
  </testcase> <!-- @BeforeMethod getTestMethodProperties -->
  <testcase classname="com.baseYasasiiWeb.TestBaseYasasiiWeb" name="@AfterMethod getResult" time="-1.765258305022E9">
    <skipped/>
  </testcase> <!-- @AfterMethod getResult -->
  <testcase classname="com.baseYasasiiWeb.TestBaseYasasiiWeb" name="@BeforeMethod getTestMethodProperties" time="-1.7652583051E9">
    <skipped/>
  </testcase> <!-- @BeforeMethod getTestMethodProperties -->
  <testcase classname="com.baseYasasiiWeb.TestBaseYasasiiWeb" name="@AfterMethod getResult" time="-1.765258305105E9">
    <skipped/>
  </testcase> <!-- @AfterMethod getResult -->
  <testcase classname="pagesTestCasesYasasiiWeb.KIMS_EmployeeAuthorization_TestcaseYW" name="@AfterClass logout" time="-1.765258305106E9">
    <skipped/>
  </testcase> <!-- @AfterClass logout -->
  <testcase classname="pagesTestCasesYasasiiWeb.KIMS_DialysisNote_TestcaseYW" name="@BeforeClass navigateFOPage" time="0.004">
    <failure type="org.openqa.selenium.NoSuchSessionException" message="invalid session id
Build info: version: &amp;apos;4.11.0&amp;apos;, revision: &amp;apos;040bc5406b&amp;apos;
System info: os.name: &amp;apos;Windows 10&amp;apos;, os.arch: &amp;apos;amd64&amp;apos;, os.version: &amp;apos;10.0&amp;apos;, java.version: &amp;apos;17.0.7&amp;apos;
Driver info: org.openqa.selenium.chrome.ChromeDriver
Command: [cd773e2fbda3e83dfed749d202c178f4, setTimeout {implicit=10000}]
Capabilities {acceptInsecureCerts: false, browserName: chrome, browserVersion: 142.0.7444.176, chrome: {chromedriverVersion: 142.0.7444.175 (302067f14a4..., userDataDir: C:\Users\sriram\AppData\Loc...}, fedcm:accounts: true, goog:chromeOptions: {debuggerAddress: localhost:60679}, goog:processID: 14968, networkConnectionEnabled: false, pageLoadStrategy: normal, platformName: windows, proxy: Proxy(), se:cdp: ws://localhost:60679/devtoo..., se:cdpVersion: 142.0.7444.176, setWindowRect: true, strictFileInteractability: false, timeouts: {implicit: 0, pageLoad: 300000, script: 30000}, unhandledPromptBehavior: dismiss and notify, webauthn:extension:credBlob: true, webauthn:extension:largeBlob: true, webauthn:extension:minPinLength: true, webauthn:extension:prf: true, webauthn:virtualAuthenticators: true}
Session ID: cd773e2fbda3e83dfed749d202c178f4">
      <![CDATA[org.openqa.selenium.NoSuchSessionException: invalid session id
Build info: version: '4.11.0', revision: '040bc5406b'
System info: os.name: 'Windows 10', os.arch: 'amd64', os.version: '10.0', java.version: '17.0.7'
Driver info: org.openqa.selenium.chrome.ChromeDriver
Command: [cd773e2fbda3e83dfed749d202c178f4, setTimeout {implicit=10000}]
Capabilities {acceptInsecureCerts: false, browserName: chrome, browserVersion: 142.0.7444.176, chrome: {chromedriverVersion: 142.0.7444.175 (302067f14a4..., userDataDir: C:\Users\sriram\AppData\Loc...}, fedcm:accounts: true, goog:chromeOptions: {debuggerAddress: localhost:60679}, goog:processID: 14968, networkConnectionEnabled: false, pageLoadStrategy: normal, platformName: windows, proxy: Proxy(), se:cdp: ws://localhost:60679/devtoo..., se:cdpVersion: 142.0.7444.176, setWindowRect: true, strictFileInteractability: false, timeouts: {implicit: 0, pageLoad: 300000, script: 30000}, unhandledPromptBehavior: dismiss and notify, webauthn:extension:credBlob: true, webauthn:extension:largeBlob: true, webauthn:extension:minPinLength: true, webauthn:extension:prf: true, webauthn:virtualAuthenticators: true}
Session ID: cd773e2fbda3e83dfed749d202c178f4
at org.openqa.selenium.remote.codec.w3c.W3CHttpResponseCodec.createException(W3CHttpResponseCodec.java:200)
at org.openqa.selenium.remote.codec.w3c.W3CHttpResponseCodec.decode(W3CHttpResponseCodec.java:133)
at org.openqa.selenium.remote.codec.w3c.W3CHttpResponseCodec.decode(W3CHttpResponseCodec.java:52)
at org.openqa.selenium.remote.HttpCommandExecutor.execute(HttpCommandExecutor.java:191)
at org.openqa.selenium.remote.service.DriverCommandExecutor.invokeExecute(DriverCommandExecutor.java:196)
at org.openqa.selenium.remote.service.DriverCommandExecutor.execute(DriverCommandExecutor.java:171)
at org.openqa.selenium.remote.RemoteWebDriver.execute(RemoteWebDriver.java:518)
at org.openqa.selenium.remote.RemoteWebDriver$RemoteWebDriverOptions$RemoteTimeouts.implicitlyWait(RemoteWebDriver.java:878)
at com.baseYasasiiWeb.PageFactoryInitYasasiiWeb.<init>(PageFactoryInitYasasiiWeb.java:59)
at pagesOfYasasiiWeb.LoginPageYasasiiWeb.<init>(LoginPageYasasiiWeb.java:15)
at pagesTestCasesYasasiiWeb.KIMS_DialysisNote_TestcaseYW.navigateFOPage(KIMS_DialysisNote_TestcaseYW.java:26)
at java.base/java.util.ArrayList.forEach(ArrayList.java:1511)
... Removed 30 stack frames]]>
    </failure>
  </testcase> <!-- @BeforeClass navigateFOPage -->
  <testcase classname="com.baseYasasiiWeb.TestBaseYasasiiWeb" name="@BeforeMethod getTestMethodProperties" time="-1.765258305187E9">
    <skipped/>
  </testcase> <!-- @BeforeMethod getTestMethodProperties -->
  <testcase classname="com.baseYasasiiWeb.TestBaseYasasiiWeb" name="@AfterMethod getResult" time="-1.76525830519E9">
    <skipped/>
  </testcase> <!-- @AfterMethod getResult -->
  <testcase classname="com.baseYasasiiWeb.TestBaseYasasiiWeb" name="@BeforeMethod getTestMethodProperties" time="-1.765258305264E9">
    <skipped/>
  </testcase> <!-- @BeforeMethod getTestMethodProperties -->
  <testcase classname="com.baseYasasiiWeb.TestBaseYasasiiWeb" name="@AfterMethod getResult" time="-1.765258305267E9">
    <skipped/>
  </testcase> <!-- @AfterMethod getResult -->
  <testcase classname="pagesTestCasesYasasiiWeb.KIMS_DialysisNote_TestcaseYW" name="@AfterClass logout" time="-1.765258305268E9">
    <skipped/>
  </testcase> <!-- @AfterClass logout -->
  <testcase classname="pagesTestCasesYasasiiWeb.KIMS_AppointmentView_inEMR_TestcaseYW" name="@BeforeClass navigateemradt" time="0.003">
    <failure type="org.openqa.selenium.NoSuchSessionException" message="invalid session id
Build info: version: &amp;apos;4.11.0&amp;apos;, revision: &amp;apos;040bc5406b&amp;apos;
System info: os.name: &amp;apos;Windows 10&amp;apos;, os.arch: &amp;apos;amd64&amp;apos;, os.version: &amp;apos;10.0&amp;apos;, java.version: &amp;apos;17.0.7&amp;apos;
Driver info: org.openqa.selenium.chrome.ChromeDriver
Command: [cd773e2fbda3e83dfed749d202c178f4, setTimeout {implicit=10000}]
Capabilities {acceptInsecureCerts: false, browserName: chrome, browserVersion: 142.0.7444.176, chrome: {chromedriverVersion: 142.0.7444.175 (302067f14a4..., userDataDir: C:\Users\sriram\AppData\Loc...}, fedcm:accounts: true, goog:chromeOptions: {debuggerAddress: localhost:60679}, goog:processID: 14968, networkConnectionEnabled: false, pageLoadStrategy: normal, platformName: windows, proxy: Proxy(), se:cdp: ws://localhost:60679/devtoo..., se:cdpVersion: 142.0.7444.176, setWindowRect: true, strictFileInteractability: false, timeouts: {implicit: 0, pageLoad: 300000, script: 30000}, unhandledPromptBehavior: dismiss and notify, webauthn:extension:credBlob: true, webauthn:extension:largeBlob: true, webauthn:extension:minPinLength: true, webauthn:extension:prf: true, webauthn:virtualAuthenticators: true}
Session ID: cd773e2fbda3e83dfed749d202c178f4">
      <![CDATA[org.openqa.selenium.NoSuchSessionException: invalid session id
Build info: version: '4.11.0', revision: '040bc5406b'
System info: os.name: 'Windows 10', os.arch: 'amd64', os.version: '10.0', java.version: '17.0.7'
Driver info: org.openqa.selenium.chrome.ChromeDriver
Command: [cd773e2fbda3e83dfed749d202c178f4, setTimeout {implicit=10000}]
Capabilities {acceptInsecureCerts: false, browserName: chrome, browserVersion: 142.0.7444.176, chrome: {chromedriverVersion: 142.0.7444.175 (302067f14a4..., userDataDir: C:\Users\sriram\AppData\Loc...}, fedcm:accounts: true, goog:chromeOptions: {debuggerAddress: localhost:60679}, goog:processID: 14968, networkConnectionEnabled: false, pageLoadStrategy: normal, platformName: windows, proxy: Proxy(), se:cdp: ws://localhost:60679/devtoo..., se:cdpVersion: 142.0.7444.176, setWindowRect: true, strictFileInteractability: false, timeouts: {implicit: 0, pageLoad: 300000, script: 30000}, unhandledPromptBehavior: dismiss and notify, webauthn:extension:credBlob: true, webauthn:extension:largeBlob: true, webauthn:extension:minPinLength: true, webauthn:extension:prf: true, webauthn:virtualAuthenticators: true}
Session ID: cd773e2fbda3e83dfed749d202c178f4
at org.openqa.selenium.remote.codec.w3c.W3CHttpResponseCodec.createException(W3CHttpResponseCodec.java:200)
at org.openqa.selenium.remote.codec.w3c.W3CHttpResponseCodec.decode(W3CHttpResponseCodec.java:133)
at org.openqa.selenium.remote.codec.w3c.W3CHttpResponseCodec.decode(W3CHttpResponseCodec.java:52)
at org.openqa.selenium.remote.HttpCommandExecutor.execute(HttpCommandExecutor.java:191)
at org.openqa.selenium.remote.service.DriverCommandExecutor.invokeExecute(DriverCommandExecutor.java:196)
at org.openqa.selenium.remote.service.DriverCommandExecutor.execute(DriverCommandExecutor.java:171)
at org.openqa.selenium.remote.RemoteWebDriver.execute(RemoteWebDriver.java:518)
at org.openqa.selenium.remote.RemoteWebDriver$RemoteWebDriverOptions$RemoteTimeouts.implicitlyWait(RemoteWebDriver.java:878)
at com.baseYasasiiWeb.PageFactoryInitYasasiiWeb.<init>(PageFactoryInitYasasiiWeb.java:59)
at pagesOfYasasiiWeb.LoginPageYasasiiWeb.<init>(LoginPageYasasiiWeb.java:15)
at pagesTestCasesYasasiiWeb.KIMS_AppointmentView_inEMR_TestcaseYW.navigateemradt(KIMS_AppointmentView_inEMR_TestcaseYW.java:27)
at java.base/java.util.ArrayList.forEach(ArrayList.java:1511)
... Removed 30 stack frames]]>
    </failure>
  </testcase> <!-- @BeforeClass navigateemradt -->
  <testcase classname="com.baseYasasiiWeb.TestBaseYasasiiWeb" name="@BeforeMethod getTestMethodProperties" time="-1.765258305349E9">
    <skipped/>
  </testcase> <!-- @BeforeMethod getTestMethodProperties -->
  <testcase classname="com.baseYasasiiWeb.TestBaseYasasiiWeb" name="@AfterMethod getResult" time="-1.765258305353E9">
    <skipped/>
  </testcase> <!-- @AfterMethod getResult -->
  <testcase classname="com.baseYasasiiWeb.TestBaseYasasiiWeb" name="@BeforeMethod getTestMethodProperties" time="-1.765258305432E9">
    <skipped/>
  </testcase> <!-- @BeforeMethod getTestMethodProperties -->
  <testcase classname="com.baseYasasiiWeb.TestBaseYasasiiWeb" name="@AfterMethod getResult" time="-1.765258305435E9">
    <skipped/>
  </testcase> <!-- @AfterMethod getResult -->
  <testcase classname="pagesTestCasesYasasiiWeb.KIMS_AppointmentView_inEMR_TestcaseYW" name="@AfterClass logout" time="-1.765258305436E9">
    <skipped/>
  </testcase> <!-- @AfterClass logout -->
  <testcase classname="pagesTestCasesYasasiiWeb.KIMS_BillCancelandRefund_TestCaseYW" name="@BeforeClass navigateemradt" time="0.003">
    <failure type="org.openqa.selenium.NoSuchSessionException" message="invalid session id
Build info: version: &amp;apos;4.11.0&amp;apos;, revision: &amp;apos;040bc5406b&amp;apos;
System info: os.name: &amp;apos;Windows 10&amp;apos;, os.arch: &amp;apos;amd64&amp;apos;, os.version: &amp;apos;10.0&amp;apos;, java.version: &amp;apos;17.0.7&amp;apos;
Driver info: org.openqa.selenium.chrome.ChromeDriver
Command: [cd773e2fbda3e83dfed749d202c178f4, setTimeout {implicit=10000}]
Capabilities {acceptInsecureCerts: false, browserName: chrome, browserVersion: 142.0.7444.176, chrome: {chromedriverVersion: 142.0.7444.175 (302067f14a4..., userDataDir: C:\Users\sriram\AppData\Loc...}, fedcm:accounts: true, goog:chromeOptions: {debuggerAddress: localhost:60679}, goog:processID: 14968, networkConnectionEnabled: false, pageLoadStrategy: normal, platformName: windows, proxy: Proxy(), se:cdp: ws://localhost:60679/devtoo..., se:cdpVersion: 142.0.7444.176, setWindowRect: true, strictFileInteractability: false, timeouts: {implicit: 0, pageLoad: 300000, script: 30000}, unhandledPromptBehavior: dismiss and notify, webauthn:extension:credBlob: true, webauthn:extension:largeBlob: true, webauthn:extension:minPinLength: true, webauthn:extension:prf: true, webauthn:virtualAuthenticators: true}
Session ID: cd773e2fbda3e83dfed749d202c178f4">
      <![CDATA[org.openqa.selenium.NoSuchSessionException: invalid session id
Build info: version: '4.11.0', revision: '040bc5406b'
System info: os.name: 'Windows 10', os.arch: 'amd64', os.version: '10.0', java.version: '17.0.7'
Driver info: org.openqa.selenium.chrome.ChromeDriver
Command: [cd773e2fbda3e83dfed749d202c178f4, setTimeout {implicit=10000}]
Capabilities {acceptInsecureCerts: false, browserName: chrome, browserVersion: 142.0.7444.176, chrome: {chromedriverVersion: 142.0.7444.175 (302067f14a4..., userDataDir: C:\Users\sriram\AppData\Loc...}, fedcm:accounts: true, goog:chromeOptions: {debuggerAddress: localhost:60679}, goog:processID: 14968, networkConnectionEnabled: false, pageLoadStrategy: normal, platformName: windows, proxy: Proxy(), se:cdp: ws://localhost:60679/devtoo..., se:cdpVersion: 142.0.7444.176, setWindowRect: true, strictFileInteractability: false, timeouts: {implicit: 0, pageLoad: 300000, script: 30000}, unhandledPromptBehavior: dismiss and notify, webauthn:extension:credBlob: true, webauthn:extension:largeBlob: true, webauthn:extension:minPinLength: true, webauthn:extension:prf: true, webauthn:virtualAuthenticators: true}
Session ID: cd773e2fbda3e83dfed749d202c178f4
at org.openqa.selenium.remote.codec.w3c.W3CHttpResponseCodec.createException(W3CHttpResponseCodec.java:200)
at org.openqa.selenium.remote.codec.w3c.W3CHttpResponseCodec.decode(W3CHttpResponseCodec.java:133)
at org.openqa.selenium.remote.codec.w3c.W3CHttpResponseCodec.decode(W3CHttpResponseCodec.java:52)
at org.openqa.selenium.remote.HttpCommandExecutor.execute(HttpCommandExecutor.java:191)
at org.openqa.selenium.remote.service.DriverCommandExecutor.invokeExecute(DriverCommandExecutor.java:196)
at org.openqa.selenium.remote.service.DriverCommandExecutor.execute(DriverCommandExecutor.java:171)
at org.openqa.selenium.remote.RemoteWebDriver.execute(RemoteWebDriver.java:518)
at org.openqa.selenium.remote.RemoteWebDriver$RemoteWebDriverOptions$RemoteTimeouts.implicitlyWait(RemoteWebDriver.java:878)
at com.baseYasasiiWeb.PageFactoryInitYasasiiWeb.<init>(PageFactoryInitYasasiiWeb.java:59)
at pagesOfYasasiiWeb.LoginPageYasasiiWeb.<init>(LoginPageYasasiiWeb.java:15)
at pagesTestCasesYasasiiWeb.KIMS_BillCancelandRefund_TestCaseYW.navigateemradt(KIMS_BillCancelandRefund_TestCaseYW.java:28)
at java.base/java.util.ArrayList.forEach(ArrayList.java:1511)
... Removed 30 stack frames]]>
    </failure>
  </testcase> <!-- @BeforeClass navigateemradt -->
  <testcase classname="com.baseYasasiiWeb.TestBaseYasasiiWeb" name="@BeforeMethod getTestMethodProperties" time="-1.765258305517E9">
    <skipped/>
  </testcase> <!-- @BeforeMethod getTestMethodProperties -->
  <testcase classname="com.baseYasasiiWeb.TestBaseYasasiiWeb" name="@AfterMethod getResult" time="-1.765258305522E9">
    <skipped/>
  </testcase> <!-- @AfterMethod getResult -->
  <testcase classname="com.baseYasasiiWeb.TestBaseYasasiiWeb" name="@BeforeMethod getTestMethodProperties" time="-1.765258305595E9">
    <skipped/>
  </testcase> <!-- @BeforeMethod getTestMethodProperties -->
  <testcase classname="com.baseYasasiiWeb.TestBaseYasasiiWeb" name="@AfterMethod getResult" time="-1.7652583056E9">
    <skipped/>
  </testcase> <!-- @AfterMethod getResult -->
  <testcase classname="pagesTestCasesYasasiiWeb.KIMS_BillCancelandRefund_TestCaseYW" name="@AfterClass logout" time="-1.765258305601E9">
    <skipped/>
  </testcase> <!-- @AfterClass logout -->
  <testcase classname="pagesTestCasesYasasiiWeb.KIMS_AppointmentCheckin_TestcaseYW" name="@BeforeClass navigateemradt" time="0.003">
    <failure type="org.openqa.selenium.NoSuchSessionException" message="invalid session id
Build info: version: &amp;apos;4.11.0&amp;apos;, revision: &amp;apos;040bc5406b&amp;apos;
System info: os.name: &amp;apos;Windows 10&amp;apos;, os.arch: &amp;apos;amd64&amp;apos;, os.version: &amp;apos;10.0&amp;apos;, java.version: &amp;apos;17.0.7&amp;apos;
Driver info: org.openqa.selenium.chrome.ChromeDriver
Command: [cd773e2fbda3e83dfed749d202c178f4, setTimeout {implicit=10000}]
Capabilities {acceptInsecureCerts: false, browserName: chrome, browserVersion: 142.0.7444.176, chrome: {chromedriverVersion: 142.0.7444.175 (302067f14a4..., userDataDir: C:\Users\sriram\AppData\Loc...}, fedcm:accounts: true, goog:chromeOptions: {debuggerAddress: localhost:60679}, goog:processID: 14968, networkConnectionEnabled: false, pageLoadStrategy: normal, platformName: windows, proxy: Proxy(), se:cdp: ws://localhost:60679/devtoo..., se:cdpVersion: 142.0.7444.176, setWindowRect: true, strictFileInteractability: false, timeouts: {implicit: 0, pageLoad: 300000, script: 30000}, unhandledPromptBehavior: dismiss and notify, webauthn:extension:credBlob: true, webauthn:extension:largeBlob: true, webauthn:extension:minPinLength: true, webauthn:extension:prf: true, webauthn:virtualAuthenticators: true}
Session ID: cd773e2fbda3e83dfed749d202c178f4">
      <![CDATA[org.openqa.selenium.NoSuchSessionException: invalid session id
Build info: version: '4.11.0', revision: '040bc5406b'
System info: os.name: 'Windows 10', os.arch: 'amd64', os.version: '10.0', java.version: '17.0.7'
Driver info: org.openqa.selenium.chrome.ChromeDriver
Command: [cd773e2fbda3e83dfed749d202c178f4, setTimeout {implicit=10000}]
Capabilities {acceptInsecureCerts: false, browserName: chrome, browserVersion: 142.0.7444.176, chrome: {chromedriverVersion: 142.0.7444.175 (302067f14a4..., userDataDir: C:\Users\sriram\AppData\Loc...}, fedcm:accounts: true, goog:chromeOptions: {debuggerAddress: localhost:60679}, goog:processID: 14968, networkConnectionEnabled: false, pageLoadStrategy: normal, platformName: windows, proxy: Proxy(), se:cdp: ws://localhost:60679/devtoo..., se:cdpVersion: 142.0.7444.176, setWindowRect: true, strictFileInteractability: false, timeouts: {implicit: 0, pageLoad: 300000, script: 30000}, unhandledPromptBehavior: dismiss and notify, webauthn:extension:credBlob: true, webauthn:extension:largeBlob: true, webauthn:extension:minPinLength: true, webauthn:extension:prf: true, webauthn:virtualAuthenticators: true}
Session ID: cd773e2fbda3e83dfed749d202c178f4
at org.openqa.selenium.remote.codec.w3c.W3CHttpResponseCodec.createException(W3CHttpResponseCodec.java:200)
at org.openqa.selenium.remote.codec.w3c.W3CHttpResponseCodec.decode(W3CHttpResponseCodec.java:133)
at org.openqa.selenium.remote.codec.w3c.W3CHttpResponseCodec.decode(W3CHttpResponseCodec.java:52)
at org.openqa.selenium.remote.HttpCommandExecutor.execute(HttpCommandExecutor.java:191)
at org.openqa.selenium.remote.service.DriverCommandExecutor.invokeExecute(DriverCommandExecutor.java:196)
at org.openqa.selenium.remote.service.DriverCommandExecutor.execute(DriverCommandExecutor.java:171)
at org.openqa.selenium.remote.RemoteWebDriver.execute(RemoteWebDriver.java:518)
at org.openqa.selenium.remote.RemoteWebDriver$RemoteWebDriverOptions$RemoteTimeouts.implicitlyWait(RemoteWebDriver.java:878)
at com.baseYasasiiWeb.PageFactoryInitYasasiiWeb.<init>(PageFactoryInitYasasiiWeb.java:59)
at pagesOfYasasiiWeb.LoginPageYasasiiWeb.<init>(LoginPageYasasiiWeb.java:15)
at pagesTestCasesYasasiiWeb.KIMS_AppointmentCheckin_TestcaseYW.navigateemradt(KIMS_AppointmentCheckin_TestcaseYW.java:27)
at java.base/java.util.ArrayList.forEach(ArrayList.java:1511)
... Removed 30 stack frames]]>
    </failure>
  </testcase> <!-- @BeforeClass navigateemradt -->
  <testcase classname="com.baseYasasiiWeb.TestBaseYasasiiWeb" name="@BeforeMethod getTestMethodProperties" time="-1.765258305686E9">
    <skipped/>
  </testcase> <!-- @BeforeMethod getTestMethodProperties -->
  <testcase classname="com.baseYasasiiWeb.TestBaseYasasiiWeb" name="@AfterMethod getResult" time="-1.765258305689E9">
    <skipped/>
  </testcase> <!-- @AfterMethod getResult -->
  <testcase classname="pagesTestCasesYasasiiWeb.KIMS_AppointmentCheckin_TestcaseYW" name="@AfterClass logout" time="-1.765258305691E9">
    <skipped/>
  </testcase> <!-- @AfterClass logout -->
  <testcase classname="pagesTestCasesYasasiiWeb.KIMS_EMRBlockandFreeze_TestcasesYW" name="@BeforeClass navigateemradt" time="0.004">
    <failure type="org.openqa.selenium.NoSuchSessionException" message="invalid session id
Build info: version: &amp;apos;4.11.0&amp;apos;, revision: &amp;apos;040bc5406b&amp;apos;
System info: os.name: &amp;apos;Windows 10&amp;apos;, os.arch: &amp;apos;amd64&amp;apos;, os.version: &amp;apos;10.0&amp;apos;, java.version: &amp;apos;17.0.7&amp;apos;
Driver info: org.openqa.selenium.chrome.ChromeDriver
Command: [cd773e2fbda3e83dfed749d202c178f4, setTimeout {implicit=10000}]
Capabilities {acceptInsecureCerts: false, browserName: chrome, browserVersion: 142.0.7444.176, chrome: {chromedriverVersion: 142.0.7444.175 (302067f14a4..., userDataDir: C:\Users\sriram\AppData\Loc...}, fedcm:accounts: true, goog:chromeOptions: {debuggerAddress: localhost:60679}, goog:processID: 14968, networkConnectionEnabled: false, pageLoadStrategy: normal, platformName: windows, proxy: Proxy(), se:cdp: ws://localhost:60679/devtoo..., se:cdpVersion: 142.0.7444.176, setWindowRect: true, strictFileInteractability: false, timeouts: {implicit: 0, pageLoad: 300000, script: 30000}, unhandledPromptBehavior: dismiss and notify, webauthn:extension:credBlob: true, webauthn:extension:largeBlob: true, webauthn:extension:minPinLength: true, webauthn:extension:prf: true, webauthn:virtualAuthenticators: true}
Session ID: cd773e2fbda3e83dfed749d202c178f4">
      <![CDATA[org.openqa.selenium.NoSuchSessionException: invalid session id
Build info: version: '4.11.0', revision: '040bc5406b'
System info: os.name: 'Windows 10', os.arch: 'amd64', os.version: '10.0', java.version: '17.0.7'
Driver info: org.openqa.selenium.chrome.ChromeDriver
Command: [cd773e2fbda3e83dfed749d202c178f4, setTimeout {implicit=10000}]
Capabilities {acceptInsecureCerts: false, browserName: chrome, browserVersion: 142.0.7444.176, chrome: {chromedriverVersion: 142.0.7444.175 (302067f14a4..., userDataDir: C:\Users\sriram\AppData\Loc...}, fedcm:accounts: true, goog:chromeOptions: {debuggerAddress: localhost:60679}, goog:processID: 14968, networkConnectionEnabled: false, pageLoadStrategy: normal, platformName: windows, proxy: Proxy(), se:cdp: ws://localhost:60679/devtoo..., se:cdpVersion: 142.0.7444.176, setWindowRect: true, strictFileInteractability: false, timeouts: {implicit: 0, pageLoad: 300000, script: 30000}, unhandledPromptBehavior: dismiss and notify, webauthn:extension:credBlob: true, webauthn:extension:largeBlob: true, webauthn:extension:minPinLength: true, webauthn:extension:prf: true, webauthn:virtualAuthenticators: true}
Session ID: cd773e2fbda3e83dfed749d202c178f4
at org.openqa.selenium.remote.codec.w3c.W3CHttpResponseCodec.createException(W3CHttpResponseCodec.java:200)
at org.openqa.selenium.remote.codec.w3c.W3CHttpResponseCodec.decode(W3CHttpResponseCodec.java:133)
at org.openqa.selenium.remote.codec.w3c.W3CHttpResponseCodec.decode(W3CHttpResponseCodec.java:52)
at org.openqa.selenium.remote.HttpCommandExecutor.execute(HttpCommandExecutor.java:191)
at org.openqa.selenium.remote.service.DriverCommandExecutor.invokeExecute(DriverCommandExecutor.java:196)
at org.openqa.selenium.remote.service.DriverCommandExecutor.execute(DriverCommandExecutor.java:171)
at org.openqa.selenium.remote.RemoteWebDriver.execute(RemoteWebDriver.java:518)
at org.openqa.selenium.remote.RemoteWebDriver$RemoteWebDriverOptions$RemoteTimeouts.implicitlyWait(RemoteWebDriver.java:878)
at com.baseYasasiiWeb.PageFactoryInitYasasiiWeb.<init>(PageFactoryInitYasasiiWeb.java:59)
at pagesOfYasasiiWeb.LoginPageYasasiiWeb.<init>(LoginPageYasasiiWeb.java:15)
at pagesTestCasesYasasiiWeb.KIMS_EMRBlockandFreeze_TestcasesYW.navigateemradt(KIMS_EMRBlockandFreeze_TestcasesYW.java:27)
at java.base/java.util.ArrayList.forEach(ArrayList.java:1511)
... Removed 30 stack frames]]>
    </failure>
  </testcase> <!-- @BeforeClass navigateemradt -->
  <testcase classname="com.baseYasasiiWeb.TestBaseYasasiiWeb" name="@BeforeMethod getTestMethodProperties" time="-1.765258305778E9">
    <skipped/>
  </testcase> <!-- @BeforeMethod getTestMethodProperties -->
  <testcase classname="com.baseYasasiiWeb.TestBaseYasasiiWeb" name="@AfterMethod getResult" time="-1.765258305783E9">
    <skipped/>
  </testcase> <!-- @AfterMethod getResult -->
  <testcase classname="pagesTestCasesYasasiiWeb.KIMS_EMRBlockandFreeze_TestcasesYW" name="@AfterClass logout" time="-1.765258305785E9">
    <skipped/>
  </testcase> <!-- @AfterClass logout -->
  <testcase classname="pagesTestCasesYasasiiWeb.KIMS_BirthRegistrationTestCasesYW" name="@BeforeClass navigateemradt" time="0.003">
    <failure type="org.openqa.selenium.NoSuchSessionException" message="invalid session id
Build info: version: &amp;apos;4.11.0&amp;apos;, revision: &amp;apos;040bc5406b&amp;apos;
System info: os.name: &amp;apos;Windows 10&amp;apos;, os.arch: &amp;apos;amd64&amp;apos;, os.version: &amp;apos;10.0&amp;apos;, java.version: &amp;apos;17.0.7&amp;apos;
Driver info: org.openqa.selenium.chrome.ChromeDriver
Command: [cd773e2fbda3e83dfed749d202c178f4, setTimeout {implicit=10000}]
Capabilities {acceptInsecureCerts: false, browserName: chrome, browserVersion: 142.0.7444.176, chrome: {chromedriverVersion: 142.0.7444.175 (302067f14a4..., userDataDir: C:\Users\sriram\AppData\Loc...}, fedcm:accounts: true, goog:chromeOptions: {debuggerAddress: localhost:60679}, goog:processID: 14968, networkConnectionEnabled: false, pageLoadStrategy: normal, platformName: windows, proxy: Proxy(), se:cdp: ws://localhost:60679/devtoo..., se:cdpVersion: 142.0.7444.176, setWindowRect: true, strictFileInteractability: false, timeouts: {implicit: 0, pageLoad: 300000, script: 30000}, unhandledPromptBehavior: dismiss and notify, webauthn:extension:credBlob: true, webauthn:extension:largeBlob: true, webauthn:extension:minPinLength: true, webauthn:extension:prf: true, webauthn:virtualAuthenticators: true}
Session ID: cd773e2fbda3e83dfed749d202c178f4">
      <![CDATA[org.openqa.selenium.NoSuchSessionException: invalid session id
Build info: version: '4.11.0', revision: '040bc5406b'
System info: os.name: 'Windows 10', os.arch: 'amd64', os.version: '10.0', java.version: '17.0.7'
Driver info: org.openqa.selenium.chrome.ChromeDriver
Command: [cd773e2fbda3e83dfed749d202c178f4, setTimeout {implicit=10000}]
Capabilities {acceptInsecureCerts: false, browserName: chrome, browserVersion: 142.0.7444.176, chrome: {chromedriverVersion: 142.0.7444.175 (302067f14a4..., userDataDir: C:\Users\sriram\AppData\Loc...}, fedcm:accounts: true, goog:chromeOptions: {debuggerAddress: localhost:60679}, goog:processID: 14968, networkConnectionEnabled: false, pageLoadStrategy: normal, platformName: windows, proxy: Proxy(), se:cdp: ws://localhost:60679/devtoo..., se:cdpVersion: 142.0.7444.176, setWindowRect: true, strictFileInteractability: false, timeouts: {implicit: 0, pageLoad: 300000, script: 30000}, unhandledPromptBehavior: dismiss and notify, webauthn:extension:credBlob: true, webauthn:extension:largeBlob: true, webauthn:extension:minPinLength: true, webauthn:extension:prf: true, webauthn:virtualAuthenticators: true}
Session ID: cd773e2fbda3e83dfed749d202c178f4
at org.openqa.selenium.remote.codec.w3c.W3CHttpResponseCodec.createException(W3CHttpResponseCodec.java:200)
at org.openqa.selenium.remote.codec.w3c.W3CHttpResponseCodec.decode(W3CHttpResponseCodec.java:133)
at org.openqa.selenium.remote.codec.w3c.W3CHttpResponseCodec.decode(W3CHttpResponseCodec.java:52)
at org.openqa.selenium.remote.HttpCommandExecutor.execute(HttpCommandExecutor.java:191)
at org.openqa.selenium.remote.service.DriverCommandExecutor.invokeExecute(DriverCommandExecutor.java:196)
at org.openqa.selenium.remote.service.DriverCommandExecutor.execute(DriverCommandExecutor.java:171)
at org.openqa.selenium.remote.RemoteWebDriver.execute(RemoteWebDriver.java:518)
at org.openqa.selenium.remote.RemoteWebDriver$RemoteWebDriverOptions$RemoteTimeouts.implicitlyWait(RemoteWebDriver.java:878)
at com.baseYasasiiWeb.PageFactoryInitYasasiiWeb.<init>(PageFactoryInitYasasiiWeb.java:59)
at pagesOfYasasiiWeb.LoginPageYasasiiWeb.<init>(LoginPageYasasiiWeb.java:15)
at pagesTestCasesYasasiiWeb.KIMS_BirthRegistrationTestCasesYW.navigateemradt(KIMS_BirthRegistrationTestCasesYW.java:26)
at java.base/java.util.ArrayList.forEach(ArrayList.java:1511)
... Removed 30 stack frames]]>
    </failure>
  </testcase> <!-- @BeforeClass navigateemradt -->
  <testcase classname="com.baseYasasiiWeb.TestBaseYasasiiWeb" name="@BeforeMethod getTestMethodProperties" time="-1.765258305866E9">
    <skipped/>
  </testcase> <!-- @BeforeMethod getTestMethodProperties -->
  <testcase classname="com.baseYasasiiWeb.TestBaseYasasiiWeb" name="@AfterMethod getResult" time="-1.765258305869E9">
    <skipped/>
  </testcase> <!-- @AfterMethod getResult -->
  <testcase classname="com.baseYasasiiWeb.TestBaseYasasiiWeb" name="@BeforeMethod getTestMethodProperties" time="-1.765258305947E9">
    <skipped/>
  </testcase> <!-- @BeforeMethod getTestMethodProperties -->
  <testcase classname="com.baseYasasiiWeb.TestBaseYasasiiWeb" name="@AfterMethod getResult" time="-1.76525830595E9">
    <skipped/>
  </testcase> <!-- @AfterMethod getResult -->
  <testcase classname="com.baseYasasiiWeb.TestBaseYasasiiWeb" name="@BeforeMethod getTestMethodProperties" time="-1.765258306031E9">
    <skipped/>
  </testcase> <!-- @BeforeMethod getTestMethodProperties -->
  <testcase classname="com.baseYasasiiWeb.TestBaseYasasiiWeb" name="@AfterMethod getResult" time="-1.765258306035E9">
    <skipped/>
  </testcase> <!-- @AfterMethod getResult -->
  <testcase classname="com.baseYasasiiWeb.TestBaseYasasiiWeb" name="@BeforeMethod getTestMethodProperties" time="-1.765258306113E9">
    <skipped/>
  </testcase> <!-- @BeforeMethod getTestMethodProperties -->
  <testcase classname="com.baseYasasiiWeb.TestBaseYasasiiWeb" name="@AfterMethod getResult" time="-1.765258306116E9">
    <skipped/>
  </testcase> <!-- @AfterMethod getResult -->
  <testcase classname="com.baseYasasiiWeb.TestBaseYasasiiWeb" name="@BeforeMethod getTestMethodProperties" time="-1.765258306185E9">
    <skipped/>
  </testcase> <!-- @BeforeMethod getTestMethodProperties -->
  <testcase classname="com.baseYasasiiWeb.TestBaseYasasiiWeb" name="@AfterMethod getResult" time="-1.765258306188E9">
    <skipped/>
  </testcase> <!-- @AfterMethod getResult -->
  <testcase classname="pagesTestCasesYasasiiWeb.KIMS_BirthRegistrationTestCasesYW" name="@AfterClass logout" time="-1.765258306189E9">
    <skipped/>
  </testcase> <!-- @AfterClass logout -->
  <testcase classname="pagesTestCasesYasasiiWeb.KIMS_ClosedEncounterBilling_TestCaseYW" name="closeEncounter" time="107.075"/>
  <testcase classname="pagesTestCasesYasasiiWeb.KIMS_CpoePendingOrder_Billing_TestcaseYW" name="PatientReg" time="112.739"/>
  <testcase classname="pagesTestCasesYasasiiWeb.KIMS_CpoePendingOrder_Billing_TestcaseYW" name="CpoePending" time="246.454"/>
  <testcase classname="pagesTestCasesYasasiiWeb.KIMS_AdjustmentRefund_TestcaseYW" name="Reg" time="68.443">
    <failure type="org.openqa.selenium.StaleElementReferenceException" message="stale element reference: stale element not found in the current frame
  (Session info: chrome=142.0.7444.176)
For documentation on this error, please visit: https://www.selenium.dev/documentation/webdriver/troubleshooting/errors#stale-element-reference-exception
Build info: version: &amp;apos;4.11.0&amp;apos;, revision: &amp;apos;040bc5406b&amp;apos;
System info: os.name: &amp;apos;Windows 10&amp;apos;, os.arch: &amp;apos;amd64&amp;apos;, os.version: &amp;apos;10.0&amp;apos;, java.version: &amp;apos;17.0.7&amp;apos;
Driver info: org.openqa.selenium.chrome.ChromeDriver
Command: [cd773e2fbda3e83dfed749d202c178f4, clickElement {id=f.D1AC1045CD0B207A413D72FB195BA27B.d.EE22040CB13A4EF8114E24A23485F9A7.e.6598}]
Capabilities {acceptInsecureCerts: false, browserName: chrome, browserVersion: 142.0.7444.176, chrome: {chromedriverVersion: 142.0.7444.175 (302067f14a4..., userDataDir: C:\Users\sriram\AppData\Loc...}, fedcm:accounts: true, goog:chromeOptions: {debuggerAddress: localhost:60679}, goog:processID: 14968, networkConnectionEnabled: false, pageLoadStrategy: normal, platformName: windows, proxy: Proxy(), se:cdp: ws://localhost:60679/devtoo..., se:cdpVersion: 142.0.7444.176, setWindowRect: true, strictFileInteractability: false, timeouts: {implicit: 0, pageLoad: 300000, script: 30000}, unhandledPromptBehavior: dismiss and notify, webauthn:extension:credBlob: true, webauthn:extension:largeBlob: true, webauthn:extension:minPinLength: true, webauthn:extension:prf: true, webauthn:virtualAuthenticators: true}
Element: [[ChromeDriver: chrome on windows (cd773e2fbda3e83dfed749d202c178f4)] -&amp;gt; xpath: /html[1]/body[1]/app-root[1]/app-layout[1]/main[1]/app-fo-landing[1]/div[2]/app-patient-view[1]/form[1]/div[2]/app-billing-overview[1]/div[1]/div[2]/app-encounter-billing[1]/tabset[1]/div[1]/tab[1]/div[1]/div[1]/app-billing-card[1]/div[1]/form[1]/div[1]/div[1]/div[1]/div[2]/div[1]/div[1]/div[1]/div[1]]
Session ID: cd773e2fbda3e83dfed749d202c178f4">
      <![CDATA[org.openqa.selenium.StaleElementReferenceException: stale element reference: stale element not found in the current frame
  (Session info: chrome=142.0.7444.176)
For documentation on this error, please visit: https://www.selenium.dev/documentation/webdriver/troubleshooting/errors#stale-element-reference-exception
Build info: version: '4.11.0', revision: '040bc5406b'
System info: os.name: 'Windows 10', os.arch: 'amd64', os.version: '10.0', java.version: '17.0.7'
Driver info: org.openqa.selenium.chrome.ChromeDriver
Command: [cd773e2fbda3e83dfed749d202c178f4, clickElement {id=f.D1AC1045CD0B207A413D72FB195BA27B.d.EE22040CB13A4EF8114E24A23485F9A7.e.6598}]
Capabilities {acceptInsecureCerts: false, browserName: chrome, browserVersion: 142.0.7444.176, chrome: {chromedriverVersion: 142.0.7444.175 (302067f14a4..., userDataDir: C:\Users\sriram\AppData\Loc...}, fedcm:accounts: true, goog:chromeOptions: {debuggerAddress: localhost:60679}, goog:processID: 14968, networkConnectionEnabled: false, pageLoadStrategy: normal, platformName: windows, proxy: Proxy(), se:cdp: ws://localhost:60679/devtoo..., se:cdpVersion: 142.0.7444.176, setWindowRect: true, strictFileInteractability: false, timeouts: {implicit: 0, pageLoad: 300000, script: 30000}, unhandledPromptBehavior: dismiss and notify, webauthn:extension:credBlob: true, webauthn:extension:largeBlob: true, webauthn:extension:minPinLength: true, webauthn:extension:prf: true, webauthn:virtualAuthenticators: true}
Element: [[ChromeDriver: chrome on windows (cd773e2fbda3e83dfed749d202c178f4)] -> xpath: /html[1]/body[1]/app-root[1]/app-layout[1]/main[1]/app-fo-landing[1]/div[2]/app-patient-view[1]/form[1]/div[2]/app-billing-overview[1]/div[1]/div[2]/app-encounter-billing[1]/tabset[1]/div[1]/tab[1]/div[1]/div[1]/app-billing-card[1]/div[1]/form[1]/div[1]/div[1]/div[1]/div[2]/div[1]/div[1]/div[1]/div[1]]
Session ID: cd773e2fbda3e83dfed749d202c178f4
at org.openqa.selenium.remote.codec.w3c.W3CHttpResponseCodec.createException(W3CHttpResponseCodec.java:200)
at org.openqa.selenium.remote.codec.w3c.W3CHttpResponseCodec.decode(W3CHttpResponseCodec.java:133)
at org.openqa.selenium.remote.codec.w3c.W3CHttpResponseCodec.decode(W3CHttpResponseCodec.java:52)
at org.openqa.selenium.remote.HttpCommandExecutor.execute(HttpCommandExecutor.java:191)
at org.openqa.selenium.remote.service.DriverCommandExecutor.invokeExecute(DriverCommandExecutor.java:196)
at org.openqa.selenium.remote.service.DriverCommandExecutor.execute(DriverCommandExecutor.java:171)
at org.openqa.selenium.remote.RemoteWebDriver.execute(RemoteWebDriver.java:518)
at org.openqa.selenium.remote.RemoteWebElement.execute(RemoteWebElement.java:224)
at org.openqa.selenium.remote.RemoteWebElement.click(RemoteWebElement.java:77)
at org.openqa.selenium.support.pagefactory.internal.LocatingElementHandler.invoke(LocatingElementHandler.java:51)
at jdk.proxy2/jdk.proxy2.$Proxy39.click(Unknown Source)
at pagesOfYasasiiWeb.KIMS_AdjustmentRefund_Yasassiweb.combpay(KIMS_AdjustmentRefund_Yasassiweb.java:583)
at pagesTestCasesYasasiiWeb.KIMS_AdjustmentRefund_TestcaseYW.Reg(KIMS_AdjustmentRefund_TestcaseYW.java:43)
at java.base/java.util.ArrayList.forEach(ArrayList.java:1511)
... Removed 35 stack frames]]>
    </failure>
  </testcase> <!-- Reg -->
  <testcase classname="pagesTestCasesYasasiiWeb.KIMS_AdjustmentRefund_TestcaseYW" name="AdjustRefund" time="78.118">
    <failure type="org.openqa.selenium.NoSuchElementException" message="no such element: Unable to locate element: {&amp;quot;method&amp;quot;:&amp;quot;xpath&amp;quot;,&amp;quot;selector&amp;quot;:&amp;quot;/html[1]/body[1]/app-root[1]/app-layout[1]/main[1]/lib-request-approval[1]/div[1]/form[1]/tabset[1]/div[1]/div[1]/tab[2]/div[1]/div[1]/table[1]/tbody[1]/tr[1]/td[1]/span[1]/ki-checkbox-control[1]/label[1]/label[1]/span[1]&amp;quot;}
  (Session info: chrome=142.0.7444.176)
For documentation on this error, please visit: https://www.selenium.dev/documentation/webdriver/troubleshooting/errors#no-such-element-exception
Build info: version: &amp;apos;4.11.0&amp;apos;, revision: &amp;apos;040bc5406b&amp;apos;
System info: os.name: &amp;apos;Windows 10&amp;apos;, os.arch: &amp;apos;amd64&amp;apos;, os.version: &amp;apos;10.0&amp;apos;, java.version: &amp;apos;17.0.7&amp;apos;
Driver info: org.openqa.selenium.chrome.ChromeDriver
Command: [cd773e2fbda3e83dfed749d202c178f4, findElement {using=xpath, value=/html[1]/body[1]/app-root[1]/app-layout[1]/main[1]/lib-request-approval[1]/div[1]/form[1]/tabset[1]/div[1]/div[1]/tab[2]/div[1]/div[1]/table[1]/tbody[1]/tr[1]/td[1]/span[1]/ki-checkbox-control[1]/label[1]/label[1]/span[1]}]
Capabilities {acceptInsecureCerts: false, browserName: chrome, browserVersion: 142.0.7444.176, chrome: {chromedriverVersion: 142.0.7444.175 (302067f14a4..., userDataDir: C:\Users\sriram\AppData\Loc...}, fedcm:accounts: true, goog:chromeOptions: {debuggerAddress: localhost:60679}, goog:processID: 14968, networkConnectionEnabled: false, pageLoadStrategy: normal, platformName: windows, proxy: Proxy(), se:cdp: ws://localhost:60679/devtoo..., se:cdpVersion: 142.0.7444.176, setWindowRect: true, strictFileInteractability: false, timeouts: {implicit: 0, pageLoad: 300000, script: 30000}, unhandledPromptBehavior: dismiss and notify, webauthn:extension:credBlob: true, webauthn:extension:largeBlob: true, webauthn:extension:minPinLength: true, webauthn:extension:prf: true, webauthn:virtualAuthenticators: true}
Session ID: cd773e2fbda3e83dfed749d202c178f4">
      <![CDATA[org.openqa.selenium.NoSuchElementException: no such element: Unable to locate element: {"method":"xpath","selector":"/html[1]/body[1]/app-root[1]/app-layout[1]/main[1]/lib-request-approval[1]/div[1]/form[1]/tabset[1]/div[1]/div[1]/tab[2]/div[1]/div[1]/table[1]/tbody[1]/tr[1]/td[1]/span[1]/ki-checkbox-control[1]/label[1]/label[1]/span[1]"}
  (Session info: chrome=142.0.7444.176)
For documentation on this error, please visit: https://www.selenium.dev/documentation/webdriver/troubleshooting/errors#no-such-element-exception
Build info: version: '4.11.0', revision: '040bc5406b'
System info: os.name: 'Windows 10', os.arch: 'amd64', os.version: '10.0', java.version: '17.0.7'
Driver info: org.openqa.selenium.chrome.ChromeDriver
Command: [cd773e2fbda3e83dfed749d202c178f4, findElement {using=xpath, value=/html[1]/body[1]/app-root[1]/app-layout[1]/main[1]/lib-request-approval[1]/div[1]/form[1]/tabset[1]/div[1]/div[1]/tab[2]/div[1]/div[1]/table[1]/tbody[1]/tr[1]/td[1]/span[1]/ki-checkbox-control[1]/label[1]/label[1]/span[1]}]
Capabilities {acceptInsecureCerts: false, browserName: chrome, browserVersion: 142.0.7444.176, chrome: {chromedriverVersion: 142.0.7444.175 (302067f14a4..., userDataDir: C:\Users\sriram\AppData\Loc...}, fedcm:accounts: true, goog:chromeOptions: {debuggerAddress: localhost:60679}, goog:processID: 14968, networkConnectionEnabled: false, pageLoadStrategy: normal, platformName: windows, proxy: Proxy(), se:cdp: ws://localhost:60679/devtoo..., se:cdpVersion: 142.0.7444.176, setWindowRect: true, strictFileInteractability: false, timeouts: {implicit: 0, pageLoad: 300000, script: 30000}, unhandledPromptBehavior: dismiss and notify, webauthn:extension:credBlob: true, webauthn:extension:largeBlob: true, webauthn:extension:minPinLength: true, webauthn:extension:prf: true, webauthn:virtualAuthenticators: true}
Session ID: cd773e2fbda3e83dfed749d202c178f4
at org.openqa.selenium.remote.codec.w3c.W3CHttpResponseCodec.createException(W3CHttpResponseCodec.java:200)
at org.openqa.selenium.remote.codec.w3c.W3CHttpResponseCodec.decode(W3CHttpResponseCodec.java:133)
at org.openqa.selenium.remote.codec.w3c.W3CHttpResponseCodec.decode(W3CHttpResponseCodec.java:52)
at org.openqa.selenium.remote.HttpCommandExecutor.execute(HttpCommandExecutor.java:191)
at org.openqa.selenium.remote.service.DriverCommandExecutor.invokeExecute(DriverCommandExecutor.java:196)
at org.openqa.selenium.remote.service.DriverCommandExecutor.execute(DriverCommandExecutor.java:171)
at org.openqa.selenium.remote.RemoteWebDriver.execute(RemoteWebDriver.java:518)
at org.openqa.selenium.remote.ElementLocation$ElementFinder$2.findElement(ElementLocation.java:165)
at org.openqa.selenium.remote.ElementLocation.findElement(ElementLocation.java:59)
at org.openqa.selenium.remote.RemoteWebDriver.findElement(RemoteWebDriver.java:355)
at org.openqa.selenium.remote.RemoteWebDriver.findElement(RemoteWebDriver.java:349)
at org.openqa.selenium.support.pagefactory.DefaultElementLocator.findElement(DefaultElementLocator.java:68)
at org.openqa.selenium.support.pagefactory.internal.LocatingElementHandler.invoke(LocatingElementHandler.java:38)
at jdk.proxy2/jdk.proxy2.$Proxy39.click(Unknown Source)
at pagesOfYasasiiWeb.KIMS_AdjustmentRefund_Yasassiweb.RcmRefund(KIMS_AdjustmentRefund_Yasassiweb.java:887)
at pagesTestCasesYasasiiWeb.KIMS_AdjustmentRefund_TestcaseYW.AdjustRefund(KIMS_AdjustmentRefund_TestcaseYW.java:57)
at java.base/java.util.ArrayList.forEach(ArrayList.java:1511)
... Removed 32 stack frames]]>
    </failure>
  </testcase> <!-- AdjustRefund -->
  <testcase classname="pagesTestCasesYasasiiWeb.KIMS_Appointment_master_blockAndfreeze_TestcaseYW" name="AppointmentCheckin" time="177.329"/>
  <testcase classname="pagesTestCasesYasasiiWeb.KIMS_BlockandFreeze_TestcaseYW" name="blockFreeze" time="440.656">
    <failure type="org.openqa.selenium.ElementNotInteractableException" message="element not interactable
  (Session info: chrome=142.0.7444.176)
Build info: version: &amp;apos;4.11.0&amp;apos;, revision: &amp;apos;040bc5406b&amp;apos;
System info: os.name: &amp;apos;Windows 10&amp;apos;, os.arch: &amp;apos;amd64&amp;apos;, os.version: &amp;apos;10.0&amp;apos;, java.version: &amp;apos;17.0.7&amp;apos;
Driver info: org.openqa.selenium.chrome.ChromeDriver
Command: [cd773e2fbda3e83dfed749d202c178f4, clickElement {id=f.7A42EA30E0443BD6F59042BB93728069.d.907B8424DD28761D224D0FC955369069.e.12526}]
Capabilities {acceptInsecureCerts: false, browserName: chrome, browserVersion: 142.0.7444.176, chrome: {chromedriverVersion: 142.0.7444.175 (302067f14a4..., userDataDir: C:\Users\sriram\AppData\Loc...}, fedcm:accounts: true, goog:chromeOptions: {debuggerAddress: localhost:60679}, goog:processID: 14968, networkConnectionEnabled: false, pageLoadStrategy: normal, platformName: windows, proxy: Proxy(), se:cdp: ws://localhost:60679/devtoo..., se:cdpVersion: 142.0.7444.176, setWindowRect: true, strictFileInteractability: false, timeouts: {implicit: 0, pageLoad: 300000, script: 30000}, unhandledPromptBehavior: dismiss and notify, webauthn:extension:credBlob: true, webauthn:extension:largeBlob: true, webauthn:extension:minPinLength: true, webauthn:extension:prf: true, webauthn:virtualAuthenticators: true}
Element: [[ChromeDriver: chrome on windows (cd773e2fbda3e83dfed749d202c178f4)] -&amp;gt; xpath: //i[@class=&amp;apos;ki ki-trash&amp;apos;]]
Session ID: cd773e2fbda3e83dfed749d202c178f4">
      <![CDATA[org.openqa.selenium.ElementNotInteractableException: element not interactable
  (Session info: chrome=142.0.7444.176)
Build info: version: '4.11.0', revision: '040bc5406b'
System info: os.name: 'Windows 10', os.arch: 'amd64', os.version: '10.0', java.version: '17.0.7'
Driver info: org.openqa.selenium.chrome.ChromeDriver
Command: [cd773e2fbda3e83dfed749d202c178f4, clickElement {id=f.7A42EA30E0443BD6F59042BB93728069.d.907B8424DD28761D224D0FC955369069.e.12526}]
Capabilities {acceptInsecureCerts: false, browserName: chrome, browserVersion: 142.0.7444.176, chrome: {chromedriverVersion: 142.0.7444.175 (302067f14a4..., userDataDir: C:\Users\sriram\AppData\Loc...}, fedcm:accounts: true, goog:chromeOptions: {debuggerAddress: localhost:60679}, goog:processID: 14968, networkConnectionEnabled: false, pageLoadStrategy: normal, platformName: windows, proxy: Proxy(), se:cdp: ws://localhost:60679/devtoo..., se:cdpVersion: 142.0.7444.176, setWindowRect: true, strictFileInteractability: false, timeouts: {implicit: 0, pageLoad: 300000, script: 30000}, unhandledPromptBehavior: dismiss and notify, webauthn:extension:credBlob: true, webauthn:extension:largeBlob: true, webauthn:extension:minPinLength: true, webauthn:extension:prf: true, webauthn:virtualAuthenticators: true}
Element: [[ChromeDriver: chrome on windows (cd773e2fbda3e83dfed749d202c178f4)] -> xpath: //i[@class='ki ki-trash']]
Session ID: cd773e2fbda3e83dfed749d202c178f4
at org.openqa.selenium.remote.codec.w3c.W3CHttpResponseCodec.createException(W3CHttpResponseCodec.java:200)
at org.openqa.selenium.remote.codec.w3c.W3CHttpResponseCodec.decode(W3CHttpResponseCodec.java:133)
at org.openqa.selenium.remote.codec.w3c.W3CHttpResponseCodec.decode(W3CHttpResponseCodec.java:52)
at org.openqa.selenium.remote.HttpCommandExecutor.execute(HttpCommandExecutor.java:191)
at org.openqa.selenium.remote.service.DriverCommandExecutor.invokeExecute(DriverCommandExecutor.java:196)
at org.openqa.selenium.remote.service.DriverCommandExecutor.execute(DriverCommandExecutor.java:171)
at org.openqa.selenium.remote.RemoteWebDriver.execute(RemoteWebDriver.java:518)
at org.openqa.selenium.remote.RemoteWebElement.execute(RemoteWebElement.java:224)
at org.openqa.selenium.remote.RemoteWebElement.click(RemoteWebElement.java:77)
at pagesOfYasasiiWeb.Kims_BlockandFreeze_Yasassiweb.freeze(Kims_BlockandFreeze_Yasassiweb.java:1058)
at pagesTestCasesYasasiiWeb.KIMS_BlockandFreeze_TestcaseYW.blockFreeze(KIMS_BlockandFreeze_TestcaseYW.java:42)
at java.base/java.util.ArrayList.forEach(ArrayList.java:1511)
... Removed 32 stack frames]]>
    </failure>
  </testcase> <!-- blockFreeze -->
  <testcase classname="pagesTestCasesYasasiiWeb.KIMS_EMRhidenote_TeatcaseYW" name="Reg" time="110.889"/>
  <testcase classname="pagesTestCasesYasasiiWeb.KIMS_EMRhidenote_TeatcaseYW" name="Hidenote" time="197.04">
    <failure type="org.openqa.selenium.NoSuchSessionException" message="invalid session id: session deleted as the browser has closed the connection
from disconnected: Unable to receive message from renderer
  (Session info: chrome=142.0.7444.176)
Build info: version: &amp;apos;4.11.0&amp;apos;, revision: &amp;apos;040bc5406b&amp;apos;
System info: os.name: &amp;apos;Windows 10&amp;apos;, os.arch: &amp;apos;amd64&amp;apos;, os.version: &amp;apos;10.0&amp;apos;, java.version: &amp;apos;17.0.7&amp;apos;
Driver info: org.openqa.selenium.chrome.ChromeDriver
Command: [cd773e2fbda3e83dfed749d202c178f4, get {url=chrome://settings/clearBrowserData}]
Capabilities {acceptInsecureCerts: false, browserName: chrome, browserVersion: 142.0.7444.176, chrome: {chromedriverVersion: 142.0.7444.175 (302067f14a4..., userDataDir: C:\Users\sriram\AppData\Loc...}, fedcm:accounts: true, goog:chromeOptions: {debuggerAddress: localhost:60679}, goog:processID: 14968, networkConnectionEnabled: false, pageLoadStrategy: normal, platformName: windows, proxy: Proxy(), se:cdp: ws://localhost:60679/devtoo..., se:cdpVersion: 142.0.7444.176, setWindowRect: true, strictFileInteractability: false, timeouts: {implicit: 0, pageLoad: 300000, script: 30000}, unhandledPromptBehavior: dismiss and notify, webauthn:extension:credBlob: true, webauthn:extension:largeBlob: true, webauthn:extension:minPinLength: true, webauthn:extension:prf: true, webauthn:virtualAuthenticators: true}
Session ID: cd773e2fbda3e83dfed749d202c178f4">
      <![CDATA[org.openqa.selenium.NoSuchSessionException: invalid session id: session deleted as the browser has closed the connection
from disconnected: Unable to receive message from renderer
  (Session info: chrome=142.0.7444.176)
Build info: version: '4.11.0', revision: '040bc5406b'
System info: os.name: 'Windows 10', os.arch: 'amd64', os.version: '10.0', java.version: '17.0.7'
Driver info: org.openqa.selenium.chrome.ChromeDriver
Command: [cd773e2fbda3e83dfed749d202c178f4, get {url=chrome://settings/clearBrowserData}]
Capabilities {acceptInsecureCerts: false, browserName: chrome, browserVersion: 142.0.7444.176, chrome: {chromedriverVersion: 142.0.7444.175 (302067f14a4..., userDataDir: C:\Users\sriram\AppData\Loc...}, fedcm:accounts: true, goog:chromeOptions: {debuggerAddress: localhost:60679}, goog:processID: 14968, networkConnectionEnabled: false, pageLoadStrategy: normal, platformName: windows, proxy: Proxy(), se:cdp: ws://localhost:60679/devtoo..., se:cdpVersion: 142.0.7444.176, setWindowRect: true, strictFileInteractability: false, timeouts: {implicit: 0, pageLoad: 300000, script: 30000}, unhandledPromptBehavior: dismiss and notify, webauthn:extension:credBlob: true, webauthn:extension:largeBlob: true, webauthn:extension:minPinLength: true, webauthn:extension:prf: true, webauthn:virtualAuthenticators: true}
Session ID: cd773e2fbda3e83dfed749d202c178f4
at org.openqa.selenium.remote.codec.w3c.W3CHttpResponseCodec.createException(W3CHttpResponseCodec.java:200)
at org.openqa.selenium.remote.codec.w3c.W3CHttpResponseCodec.decode(W3CHttpResponseCodec.java:133)
at org.openqa.selenium.remote.codec.w3c.W3CHttpResponseCodec.decode(W3CHttpResponseCodec.java:52)
at org.openqa.selenium.remote.HttpCommandExecutor.execute(HttpCommandExecutor.java:191)
at org.openqa.selenium.remote.service.DriverCommandExecutor.invokeExecute(DriverCommandExecutor.java:196)
at org.openqa.selenium.remote.service.DriverCommandExecutor.execute(DriverCommandExecutor.java:171)
at org.openqa.selenium.remote.RemoteWebDriver.execute(RemoteWebDriver.java:518)
at org.openqa.selenium.remote.RemoteWebDriver.get(RemoteWebDriver.java:300)
at pagesOfYasasiiWeb.KIMS_EMRhidenote_Yasassiweb.CPOE(KIMS_EMRhidenote_Yasassiweb.java:933)
at pagesTestCasesYasasiiWeb.KIMS_EMRhidenote_TeatcaseYW.Hidenote(KIMS_EMRhidenote_TeatcaseYW.java:58)
at java.base/java.util.ArrayList.forEach(ArrayList.java:1511)
... Removed 32 stack frames]]>
    </failure>
  </testcase> <!-- Hidenote -->
  <testcase classname="pagesTestCasesYasasiiWeb.KIMS_AdvanceRefund_TestcaseYW" name="Reg" time="0.0">
    <skipped/>
  </testcase> <!-- Reg -->
  <testcase classname="pagesTestCasesYasasiiWeb.KIMS_AdvanceRefund_TestcaseYW" name="billCancel" time="0.0">
    <skipped/>
  </testcase> <!-- billCancel -->
  <testcase classname="pagesTestCasesYasasiiWeb.KIMS_Diagnosis_LogView_testcaseYW" name="Reg" time="0.0">
    <skipped/>
  </testcase> <!-- Reg -->
  <testcase classname="pagesTestCasesYasasiiWeb.KIMS_Diagnosis_LogView_testcaseYW" name="Hidenote" time="0.0">
    <skipped/>
  </testcase> <!-- Hidenote -->
  <testcase classname="pagesTestCasesYasasiiWeb.KIMS_AppointmentFuture_Testcase" name="AppFuture" time="0.0">
    <skipped/>
  </testcase> <!-- AppFuture -->
  <testcase classname="pagesTestCasesYasasiiWeb.KIMS_AppointmentFuture_Testcase" name="AppFuture1" time="0.0">
    <skipped/>
  </testcase> <!-- AppFuture1 -->
  <testcase classname="pagesTestCasesYasasiiWeb.KIMS_EmployeeAuthorization_TestcaseYW" name="Patreg" time="0.0">
    <skipped/>
  </testcase> <!-- Patreg -->
  <testcase classname="pagesTestCasesYasasiiWeb.KIMS_EmployeeAuthorization_TestcaseYW" name="SecondOpinion" time="0.0">
    <skipped/>
  </testcase> <!-- SecondOpinion -->
  <testcase classname="pagesTestCasesYasasiiWeb.KIMS_DialysisNote_TestcaseYW" name="PAtreg" time="0.0">
    <skipped/>
  </testcase> <!-- PAtreg -->
  <testcase classname="pagesTestCasesYasasiiWeb.KIMS_DialysisNote_TestcaseYW" name="DialysisNote" time="0.0">
    <skipped/>
  </testcase> <!-- DialysisNote -->
  <testcase classname="pagesTestCasesYasasiiWeb.KIMS_AppointmentView_inEMR_TestcaseYW" name="Reg" time="0.0">
    <skipped/>
  </testcase> <!-- Reg -->
  <testcase classname="pagesTestCasesYasasiiWeb.KIMS_AppointmentView_inEMR_TestcaseYW" name="EMRapp" time="0.0">
    <skipped/>
  </testcase> <!-- EMRapp -->
  <testcase classname="pagesTestCasesYasasiiWeb.KIMS_BillCancelandRefund_TestCaseYW" name="BirthReg" time="0.0">
    <skipped/>
  </testcase> <!-- BirthReg -->
  <testcase classname="pagesTestCasesYasasiiWeb.KIMS_BillCancelandRefund_TestCaseYW" name="billCancel" time="0.0">
    <skipped/>
  </testcase> <!-- billCancel -->
  <testcase classname="pagesTestCasesYasasiiWeb.KIMS_AppointmentCheckin_TestcaseYW" name="Reg" time="0.0">
    <skipped/>
  </testcase> <!-- Reg -->
  <testcase classname="pagesTestCasesYasasiiWeb.KIMS_EMRBlockandFreeze_TestcasesYW" name="EMRBlock" time="0.0">
    <skipped/>
  </testcase> <!-- EMRBlock -->
  <testcase classname="pagesTestCasesYasasiiWeb.KIMS_BirthRegistrationTestCasesYW" name="BirthReg" time="0.0">
    <skipped/>
  </testcase> <!-- BirthReg -->
  <testcase classname="pagesTestCasesYasasiiWeb.KIMS_BirthRegistrationTestCasesYW" name="Doctornote" time="0.0">
    <skipped/>
  </testcase> <!-- Doctornote -->
  <testcase classname="pagesTestCasesYasasiiWeb.KIMS_BirthRegistrationTestCasesYW" name="babynote" time="0.0">
    <skipped/>
  </testcase> <!-- babynote -->
  <testcase classname="pagesTestCasesYasasiiWeb.KIMS_BirthRegistrationTestCasesYW" name="Babydischarge" time="0.0">
    <skipped/>
  </testcase> <!-- Babydischarge -->
  <testcase classname="pagesTestCasesYasasiiWeb.KIMS_BirthRegistrationTestCasesYW" name="MOMdischarge" time="0.0">
    <skipped/>
  </testcase> <!-- MOMdischarge -->
  <testcase classname="com.baseYasasiiWeb.TestBaseYasasiiWeb" name="@BeforeSuite setup" time="0.0">
    <ignored/>
  </testcase> <!-- @BeforeSuite setup -->
  <testcase classname="com.baseYasasiiWeb.TestBaseYasasiiWeb" name="@BeforeSuite setup" time="0.0">
    <ignored/>
  </testcase> <!-- @BeforeSuite setup -->
  <testcase classname="com.baseYasasiiWeb.TestBaseYasasiiWeb" name="@BeforeSuite setup" time="0.0">
    <ignored/>
  </testcase> <!-- @BeforeSuite setup -->
  <testcase classname="com.baseYasasiiWeb.TestBaseYasasiiWeb" name="@BeforeSuite setup" time="0.0">
    <ignored/>
  </testcase> <!-- @BeforeSuite setup -->
  <testcase classname="com.baseYasasiiWeb.TestBaseYasasiiWeb" name="@BeforeSuite setup" time="0.0">
    <ignored/>
  </testcase> <!-- @BeforeSuite setup -->
  <testcase classname="com.baseYasasiiWeb.TestBaseYasasiiWeb" name="@BeforeSuite setup" time="0.0">
    <ignored/>
  </testcase> <!-- @BeforeSuite setup -->
  <testcase classname="com.baseYasasiiWeb.TestBaseYasasiiWeb" name="@BeforeSuite setup" time="0.0">
    <ignored/>
  </testcase> <!-- @BeforeSuite setup -->
  <testcase classname="com.baseYasasiiWeb.TestBaseYasasiiWeb" name="@BeforeSuite setup" time="0.0">
    <ignored/>
  </testcase> <!-- @BeforeSuite setup -->
  <testcase classname="com.baseYasasiiWeb.TestBaseYasasiiWeb" name="@BeforeSuite setup" time="0.0">
    <ignored/>
  </testcase> <!-- @BeforeSuite setup -->
  <testcase classname="com.baseYasasiiWeb.TestBaseYasasiiWeb" name="@BeforeSuite setup" time="0.0">
    <ignored/>
  </testcase> <!-- @BeforeSuite setup -->
  <testcase classname="com.baseYasasiiWeb.TestBaseYasasiiWeb" name="@BeforeSuite setup" time="0.0">
    <ignored/>
  </testcase> <!-- @BeforeSuite setup -->
  <testcase classname="com.baseYasasiiWeb.TestBaseYasasiiWeb" name="@BeforeSuite setup" time="0.0">
    <ignored/>
  </testcase> <!-- @BeforeSuite setup -->
  <testcase classname="com.baseYasasiiWeb.TestBaseYasasiiWeb" name="@BeforeSuite setup" time="0.0">
    <ignored/>
  </testcase> <!-- @BeforeSuite setup -->
  <testcase classname="com.baseYasasiiWeb.TestBaseYasasiiWeb" name="@BeforeSuite setup" time="0.0">
    <ignored/>
  </testcase> <!-- @BeforeSuite setup -->
  <testcase classname="com.baseYasasiiWeb.TestBaseYasasiiWeb" name="@BeforeSuite setup" time="0.0">
    <ignored/>
  </testcase> <!-- @BeforeSuite setup -->
  <testcase classname="com.baseYasasiiWeb.TestBaseYasasiiWeb" name="@AfterSuite teardown" time="0.0">
    <ignored/>
  </testcase> <!-- @AfterSuite teardown -->
  <testcase classname="com.baseYasasiiWeb.TestBaseYasasiiWeb" name="@AfterSuite teardown" time="0.0">
    <ignored/>
  </testcase> <!-- @AfterSuite teardown -->
  <testcase classname="com.baseYasasiiWeb.TestBaseYasasiiWeb" name="@AfterSuite teardown" time="0.0">
    <ignored/>
  </testcase> <!-- @AfterSuite teardown -->
  <testcase classname="com.baseYasasiiWeb.TestBaseYasasiiWeb" name="@AfterSuite teardown" time="0.0">
    <ignored/>
  </testcase> <!-- @AfterSuite teardown -->
  <testcase classname="com.baseYasasiiWeb.TestBaseYasasiiWeb" name="@AfterSuite teardown" time="0.0">
    <ignored/>
  </testcase> <!-- @AfterSuite teardown -->
  <testcase classname="com.baseYasasiiWeb.TestBaseYasasiiWeb" name="@AfterSuite teardown" time="0.0">
    <ignored/>
  </testcase> <!-- @AfterSuite teardown -->
  <testcase classname="com.baseYasasiiWeb.TestBaseYasasiiWeb" name="@AfterSuite teardown" time="0.0">
    <ignored/>
  </testcase> <!-- @AfterSuite teardown -->
  <testcase classname="com.baseYasasiiWeb.TestBaseYasasiiWeb" name="@AfterSuite teardown" time="0.0">
    <ignored/>
  </testcase> <!-- @AfterSuite teardown -->
  <testcase classname="com.baseYasasiiWeb.TestBaseYasasiiWeb" name="@AfterSuite teardown" time="0.0">
    <ignored/>
  </testcase> <!-- @AfterSuite teardown -->
  <testcase classname="com.baseYasasiiWeb.TestBaseYasasiiWeb" name="@AfterSuite teardown" time="0.0">
    <ignored/>
  </testcase> <!-- @AfterSuite teardown -->
  <testcase classname="com.baseYasasiiWeb.TestBaseYasasiiWeb" name="@AfterSuite teardown" time="0.0">
    <ignored/>
  </testcase> <!-- @AfterSuite teardown -->
  <testcase classname="com.baseYasasiiWeb.TestBaseYasasiiWeb" name="@AfterSuite teardown" time="0.0">
    <ignored/>
  </testcase> <!-- @AfterSuite teardown -->
  <testcase classname="com.baseYasasiiWeb.TestBaseYasasiiWeb" name="@AfterSuite teardown" time="0.0">
    <ignored/>
  </testcase> <!-- @AfterSuite teardown -->
  <testcase classname="com.baseYasasiiWeb.TestBaseYasasiiWeb" name="@AfterSuite teardown" time="0.0">
    <ignored/>
  </testcase> <!-- @AfterSuite teardown -->
  <testcase classname="com.baseYasasiiWeb.TestBaseYasasiiWeb" name="@AfterSuite teardown" time="0.0">
    <ignored/>
  </testcase> <!-- @AfterSuite teardown -->
  <testcase classname="com.baseYasasiiWeb.TestBaseYasasiiWeb" name="@AfterSuite extentReportEnd" time="0.0">
    <ignored/>
  </testcase> <!-- @AfterSuite extentReportEnd -->
  <testcase classname="com.baseYasasiiWeb.TestBaseYasasiiWeb" name="@AfterSuite extentReportEnd" time="0.0">
    <ignored/>
  </testcase> <!-- @AfterSuite extentReportEnd -->
  <testcase classname="com.baseYasasiiWeb.TestBaseYasasiiWeb" name="@AfterSuite extentReportEnd" time="0.0">
    <ignored/>
  </testcase> <!-- @AfterSuite extentReportEnd -->
  <testcase classname="com.baseYasasiiWeb.TestBaseYasasiiWeb" name="@AfterSuite extentReportEnd" time="0.0">
    <ignored/>
  </testcase> <!-- @AfterSuite extentReportEnd -->
  <testcase classname="com.baseYasasiiWeb.TestBaseYasasiiWeb" name="@AfterSuite extentReportEnd" time="0.0">
    <ignored/>
  </testcase> <!-- @AfterSuite extentReportEnd -->
  <testcase classname="com.baseYasasiiWeb.TestBaseYasasiiWeb" name="@AfterSuite extentReportEnd" time="0.0">
    <ignored/>
  </testcase> <!-- @AfterSuite extentReportEnd -->
  <testcase classname="com.baseYasasiiWeb.TestBaseYasasiiWeb" name="@AfterSuite extentReportEnd" time="0.0">
    <ignored/>
  </testcase> <!-- @AfterSuite extentReportEnd -->
  <testcase classname="com.baseYasasiiWeb.TestBaseYasasiiWeb" name="@AfterSuite extentReportEnd" time="0.0">
    <ignored/>
  </testcase> <!-- @AfterSuite extentReportEnd -->
  <testcase classname="com.baseYasasiiWeb.TestBaseYasasiiWeb" name="@AfterSuite extentReportEnd" time="0.0">
    <ignored/>
  </testcase> <!-- @AfterSuite extentReportEnd -->
  <testcase classname="com.baseYasasiiWeb.TestBaseYasasiiWeb" name="@AfterSuite extentReportEnd" time="0.0">
    <ignored/>
  </testcase> <!-- @AfterSuite extentReportEnd -->
  <testcase classname="com.baseYasasiiWeb.TestBaseYasasiiWeb" name="@AfterSuite extentReportEnd" time="0.0">
    <ignored/>
  </testcase> <!-- @AfterSuite extentReportEnd -->
  <testcase classname="com.baseYasasiiWeb.TestBaseYasasiiWeb" name="@AfterSuite extentReportEnd" time="0.0">
    <ignored/>
  </testcase> <!-- @AfterSuite extentReportEnd -->
  <testcase classname="com.baseYasasiiWeb.TestBaseYasasiiWeb" name="@AfterSuite extentReportEnd" time="0.0">
    <ignored/>
  </testcase> <!-- @AfterSuite extentReportEnd -->
  <testcase classname="com.baseYasasiiWeb.TestBaseYasasiiWeb" name="@AfterSuite extentReportEnd" time="0.0">
    <ignored/>
  </testcase> <!-- @AfterSuite extentReportEnd -->
  <testcase classname="com.baseYasasiiWeb.TestBaseYasasiiWeb" name="@AfterSuite extentReportEnd" time="0.0">
    <ignored/>
  </testcase> <!-- @AfterSuite extentReportEnd -->
  <testcase classname="com.baseYasasiiWeb.TestBaseYasasiiWeb" name="@BeforeTest startTest" time="0.0">
    <ignored/>
  </testcase> <!-- @BeforeTest startTest -->
  <testcase classname="com.baseYasasiiWeb.TestBaseYasasiiWeb" name="@BeforeTest startTest" time="0.0">
    <ignored/>
  </testcase> <!-- @BeforeTest startTest -->
  <testcase classname="com.baseYasasiiWeb.TestBaseYasasiiWeb" name="@BeforeTest startTest" time="0.0">
    <ignored/>
  </testcase> <!-- @BeforeTest startTest -->
  <testcase classname="com.baseYasasiiWeb.TestBaseYasasiiWeb" name="@BeforeTest startTest" time="0.0">
    <ignored/>
  </testcase> <!-- @BeforeTest startTest -->
  <testcase classname="com.baseYasasiiWeb.TestBaseYasasiiWeb" name="@BeforeTest startTest" time="0.0">
    <ignored/>
  </testcase> <!-- @BeforeTest startTest -->
  <testcase classname="com.baseYasasiiWeb.TestBaseYasasiiWeb" name="@BeforeTest startTest" time="0.0">
    <ignored/>
  </testcase> <!-- @BeforeTest startTest -->
  <testcase classname="com.baseYasasiiWeb.TestBaseYasasiiWeb" name="@BeforeTest startTest" time="0.0">
    <ignored/>
  </testcase> <!-- @BeforeTest startTest -->
  <testcase classname="com.baseYasasiiWeb.TestBaseYasasiiWeb" name="@BeforeTest startTest" time="0.0">
    <ignored/>
  </testcase> <!-- @BeforeTest startTest -->
  <testcase classname="com.baseYasasiiWeb.TestBaseYasasiiWeb" name="@BeforeTest startTest" time="0.0">
    <ignored/>
  </testcase> <!-- @BeforeTest startTest -->
  <testcase classname="com.baseYasasiiWeb.TestBaseYasasiiWeb" name="@BeforeTest startTest" time="0.0">
    <ignored/>
  </testcase> <!-- @BeforeTest startTest -->
  <testcase classname="com.baseYasasiiWeb.TestBaseYasasiiWeb" name="@BeforeTest startTest" time="0.0">
    <ignored/>
  </testcase> <!-- @BeforeTest startTest -->
  <testcase classname="com.baseYasasiiWeb.TestBaseYasasiiWeb" name="@BeforeTest startTest" time="0.0">
    <ignored/>
  </testcase> <!-- @BeforeTest startTest -->
  <testcase classname="com.baseYasasiiWeb.TestBaseYasasiiWeb" name="@BeforeTest startTest" time="0.0">
    <ignored/>
  </testcase> <!-- @BeforeTest startTest -->
  <testcase classname="com.baseYasasiiWeb.TestBaseYasasiiWeb" name="@BeforeTest startTest" time="0.0">
    <ignored/>
  </testcase> <!-- @BeforeTest startTest -->
  <testcase classname="com.baseYasasiiWeb.TestBaseYasasiiWeb" name="@BeforeTest startTest" time="0.0">
    <ignored/>
  </testcase> <!-- @BeforeTest startTest -->
</testsuite> <!-- Test -->
