<!DOCTYPE html>

<html>
  <head>
  <meta charset='utf-8'>
  <title>TestNG reports</title>

    <link type="text/css" href="testng-reports1.css" rel="stylesheet" id="ultra" />
    <link type="text/css" href="testng-reports.css" rel="stylesheet" id="retro" disabled="false"/>
    <script type="text/javascript" src="jquery-3.4.1.min.js"></script>
    <script type="text/javascript" src="testng-reports.js"></script>
    <script type="text/javascript" src="https://www.google.com/jsapi"></script>
    <script type='text/javascript'>
      google.load('visualization', '1', {packages:['table']});
      google.setOnLoadCallback(drawTable);
      var suiteTableInitFunctions = new Array();
      var suiteTableData = new Array();
    </script>
    <!--
      <script type="text/javascript" src="jquery-ui/js/jquery-ui-1.8.16.custom.min.js"></script>
     -->
  </head>

  <body>
    <div class="top-banner-root">
      <span class="top-banner-title-font">Test results</span>
      <button id="button" class="button">Switch Retro Theme</button> <!-- button -->
      <br/>
<<<<<<< HEAD
<<<<<<< HEAD
      <span class="top-banner-font-1">1 suite</span>
=======
      <span class="top-banner-font-1">1 suite, 2 failed tests</span>
>>>>>>> 29f32e9c0a2118d834460452f3bd334fbabb7995
=======
      <span class="top-banner-font-1">1 suite, 5 failed tests</span>
>>>>>>> 51f94719481d278426bcbd44679352d94dd6d292
    </div> <!-- top-banner-root -->
    <div class="navigator-root">
      <div class="navigator-suite-header">
        <span>All suites</span>
        <a href="#" title="Collapse/expand all the suites" class="collapse-all-link">
          <img src="collapseall.gif" class="collapse-all-icon">
          </img> <!-- collapse-all-icon -->
        </a> <!-- collapse-all-link -->
      </div> <!-- navigator-suite-header -->
      <div class="suite">
        <div class="rounded-window">
          <div class="suite-header light-rounded-window-top">
            <a href="#" panel-name="suite-Default_suite" class="navigator-link">
              <span class="suite-name border-passed">Default suite</span>
            </a> <!-- navigator-link -->
          </div> <!-- suite-header light-rounded-window-top -->
          <div class="navigator-suite-content">
            <div class="suite-section-title">
              <span>Info</span>
            </div> <!-- suite-section-title -->
            <div class="suite-section-content">
              <ul>
                <li>
                  <a href="#" panel-name="test-xml-Default_suite" class="navigator-link ">
<<<<<<< HEAD
<<<<<<< HEAD
                    <span>C:\Users\sriram\AppData\Local\Temp\testng-eclipse-1329222286\testng-customsuite.xml</span>
=======
                    <span>C:\Users\swathy\AppData\Local\Temp\testng-eclipse--1567983428\testng-customsuite.xml</span>
>>>>>>> 29f32e9c0a2118d834460452f3bd334fbabb7995
=======
                    <span>C:\Users\swathy\AppData\Local\Temp\testng-eclipse-1416164099\testng-customsuite.xml</span>
>>>>>>> 51f94719481d278426bcbd44679352d94dd6d292
                  </a> <!-- navigator-link  -->
                </li>
                <li>
                  <a href="#" panel-name="testlist-Default_suite" class="navigator-link ">
                    <span class="test-stats">1 test</span>
                  </a> <!-- navigator-link  -->
                </li>
                <li>
                  <a href="#" panel-name="group-Default_suite" class="navigator-link ">
                    <span>0 groups</span>
                  </a> <!-- navigator-link  -->
                </li>
                <li>
                  <a href="#" panel-name="times-Default_suite" class="navigator-link ">
                    <span>Times</span>
                  </a> <!-- navigator-link  -->
                </li>
                <li>
                  <a href="#" panel-name="reporter-Default_suite" class="navigator-link ">
                    <span>Reporter output</span>
                  </a> <!-- navigator-link  -->
                </li>
                <li>
                  <a href="#" panel-name="ignored-methods-Default_suite" class="navigator-link ">
                    <span>Ignored methods</span>
                  </a> <!-- navigator-link  -->
                </li>
                <li>
                  <a href="#" panel-name="chronological-Default_suite" class="navigator-link ">
                    <span>Chronological view</span>
                  </a> <!-- navigator-link  -->
                </li>
              </ul>
            </div> <!-- suite-section-content -->
            <div class="result-section">
              <div class="suite-section-title">
                <span>Results</span>
              </div> <!-- suite-section-title -->
              <div class="suite-section-content">
                <ul>
                  <li>
<<<<<<< HEAD
<<<<<<< HEAD
                    <span class="method-stats">2 methods,   2 passed</span>
                  </li>
                  <li>
                    <span class="method-list-title passed">Passed methods</span>
                    <span class="show-or-hide-methods passed">
                      <a href="#" panel-name="suite-Default_suite" class="hide-methods passed suite-Default_suite"> (hide)</a> <!-- hide-methods passed suite-Default_suite -->
                      <a href="#" panel-name="suite-Default_suite" class="show-methods passed suite-Default_suite"> (show)</a> <!-- show-methods passed suite-Default_suite -->
                    </span>
                    <div class="method-list-content passed suite-Default_suite">
                      <span>
                        <img src="passed.png" width="3%"/>
                        <a href="#" panel-name="suite-Default_suite" title="pagesTestCasesYasasiiWeb.KIMS_CpoePendingOrder_Billing_TestcaseYW" class="method navigator-link" hash-for-method="CpoePending(Mrs, Parvathy, I, 14/12/1998, 789950070147, 8987670290, Kandhan dargen, G0000001684425, Radhakrishna...)">CpoePending(Mrs, Parvathy, I, 14/12/1998, 789950070147, 8987670290, Kandhan dargen, G0000001684425, Radhakrishna...)</a> <!-- method navigator-link -->
                      </span>
                      <br/>
                      <span>
                        <img src="passed.png" width="3%"/>
                        <a href="#" panel-name="suite-Default_suite" title="pagesTestCasesYasasiiWeb.KIMS_CpoePendingOrder_Billing_TestcaseYW" class="method navigator-link" hash-for-method="PatientReg(Mrs, Parvathy, I, 14/12/1998, 789950070147, 8987670290, Kandhan dargen, G0000001683025, Radhakrishna...)">PatientReg(Mrs, Parvathy, I, 14/12/1998, 789950070147, 8987670290, Kandhan dargen, G0000001683025, Radhakrishna...)</a> <!-- method navigator-link -->
                      </span>
                      <br/>
                    </div> <!-- method-list-content passed suite-Default_suite -->
                  </li>
=======
                    <span class="method-stats">2 methods, 2 failed,   </span>
=======
                    <span class="method-stats">5 methods, 5 failed,   </span>
>>>>>>> 51f94719481d278426bcbd44679352d94dd6d292
                  </li>
                  <li>
                    <span class="method-list-title failed">Failed methods</span>
                    <span class="show-or-hide-methods failed">
                      <a href="#" panel-name="suite-Default_suite" class="hide-methods failed suite-Default_suite"> (hide)</a> <!-- hide-methods failed suite-Default_suite -->
                      <a href="#" panel-name="suite-Default_suite" class="show-methods failed suite-Default_suite"> (show)</a> <!-- show-methods failed suite-Default_suite -->
                    </span>
                    <div class="method-list-content failed suite-Default_suite">
                      <span>
                        <img src="failed.png" width="3%"/>
                        <a href="#" panel-name="suite-Default_suite" title="pagesTestCasesYasasiiWeb.KIMS_PatientJourney_IP_TestcaseYW" class="method navigator-link" hash-for-method="BirthReg(Miss, Karthika, D, 11-Mar-1987, 000191902790, 9787106813, rajaji colony, G0000001688025, Raina S, Ra...)">BirthReg(Miss, Karthika, D, 11-Mar-1987, 000191902790, 9787106813, rajaji colony, G0000001688025, Raina S, Ra...)</a> <!-- method navigator-link -->
                      </span>
                      <br/>
                      <span>
                        <img src="failed.png" width="3%"/>
                        <a href="#" panel-name="suite-Default_suite" title="pagesTestCasesYasasiiWeb.KIMS_PatientJourney_IP_TestcaseYW" class="method navigator-link" hash-for-method="Discharge(Miss, Karthika, D, 11-Mar-1987, 000191902790, 9787106813, rajaji colony, G0000001688025, Raina S, Ra...)">Discharge(Miss, Karthika, D, 11-Mar-1987, 000191902790, 9787106813, rajaji colony, G0000001688025, Raina S, Ra...)</a> <!-- method navigator-link -->
                      </span>
                      <br/>
                      <span>
                        <img src="failed.png" width="3%"/>
                        <a href="#" panel-name="suite-Default_suite" title="pagesTestCasesYasasiiWeb.KIMS_PatientJourney_IP_TestcaseYW" class="method navigator-link" hash-for-method="IPMEdication(Miss, Karthika, D, 11-Mar-1987, 000191902790, 9787106813, rajaji colony, G0000001688025, Raina S, Ra...)">IPMEdication(Miss, Karthika, D, 11-Mar-1987, 000191902790, 9787106813, rajaji colony, G0000001688025, Raina S, Ra...)</a> <!-- method navigator-link -->
                      </span>
                      <br/>
                      <span>
                        <img src="failed.png" width="3%"/>
                        <a href="#" panel-name="suite-Default_suite" title="pagesTestCasesYasasiiWeb.KIMS_PatientJourney_IP_TestcaseYW" class="method navigator-link" hash-for-method="finalbilling(Miss, Karthika, D, 11-Mar-1987, 000191902790, 9787106813, rajaji colony, G0000001688025, Raina S, Ra...)">finalbilling(Miss, Karthika, D, 11-Mar-1987, 000191902790, 9787106813, rajaji colony, G0000001688025, Raina S, Ra...)</a> <!-- method navigator-link -->
                      </span>
                      <br/>
                      <span>
                        <img src="failed.png" width="3%"/>
                        <a href="#" panel-name="suite-Default_suite" title="pagesTestCasesYasasiiWeb.KIMS_PatientJourney_IP_TestcaseYW" class="method navigator-link" hash-for-method="medicine_discontinue(Miss, Karthika, D, 11-Mar-1987, 000191902790, 9787106813, rajaji colony, G0000001688025, Raina S, Ra...)">medicine_discontinue(Miss, Karthika, D, 11-Mar-1987, 000191902790, 9787106813, rajaji colony, G0000001688025, Raina S, Ra...)</a> <!-- method navigator-link -->
                      </span>
                      <br/>
                    </div> <!-- method-list-content failed suite-Default_suite -->
                  </li>
>>>>>>> 29f32e9c0a2118d834460452f3bd334fbabb7995
                </ul>
              </div> <!-- suite-section-content -->
            </div> <!-- result-section -->
          </div> <!-- navigator-suite-content -->
        </div> <!-- rounded-window -->
      </div> <!-- suite -->
    </div> <!-- navigator-root -->
    <div class="wrapper">
      <div class="main-panel-root">
        <div panel-name="suite-Default_suite" class="panel Default_suite">
<<<<<<< HEAD
          <div class="suite-Default_suite-class-passed">
            <div class="main-panel-header rounded-window-top">
              <img src="passed.png"/>
              <span class="class-name">pagesTestCasesYasasiiWeb.KIMS_CpoePendingOrder_Billing_TestcaseYW</span>
=======
          <div class="suite-Default_suite-class-failed">
            <div class="main-panel-header rounded-window-top">
              <img src="failed.png"/>
<<<<<<< HEAD
              <span class="class-name">pagesTestCasesYasasiiWeb.KIMS_Investigation_Additionaltest_sampleTracker_TestcaseYW</span>
>>>>>>> 29f32e9c0a2118d834460452f3bd334fbabb7995
=======
              <span class="class-name">pagesTestCasesYasasiiWeb.KIMS_PatientJourney_IP_TestcaseYW</span>
>>>>>>> 51f94719481d278426bcbd44679352d94dd6d292
            </div> <!-- main-panel-header rounded-window-top -->
            <div class="main-panel-content rounded-window-bottom">
              <div class="method">
                <div class="method-content">
<<<<<<< HEAD
<<<<<<< HEAD
                  <a name="CpoePending(Mrs, Parvathy, I, 14/12/1998, 789950070147, 8987670290, Kandhan dargen, G0000001684425, Radhakrishna...)">
                  </a> <!-- CpoePending(Mrs, Parvathy, I, 14/12/1998, 789950070147, 8987670290, Kandhan dargen, G0000001684425, Radhakrishna...) -->
                  <span class="method-name">CpoePending</span>
                  <span class="parameters">(Mrs, Parvathy, I, 14/12/1998, 789950070147, 8987670290, Kandhan dargen, G0000001684425, Radhakrishnan Marimuthu, NGL18286, KAmeda123$, KIMSHEALTH Nagarcoil, admin, KAmeda123$)</span>
=======
                  <a name="Patreg(Sindhu, M, 50, 2023567589, KIMS, 24, Rajiv  NAGAR, 117257610611, G0000001608025, Raina S, Sodium (IS...)">
                  </a> <!-- Patreg(Sindhu, M, 50, 2023567589, KIMS, 24, Rajiv  NAGAR, 117257610611, G0000001608025, Raina S, Sodium (IS...) -->
                  <span class="method-name">Patreg</span>
                  <span class="parameters">(Sindhu, M, 50, 2023567589, KIMS, 24, Rajiv  NAGAR, 117257610611, G0000001608025, Raina S, Sodium (ISE Indirect), admin, KAmeda123$, KIMSHEALTH Nagarcoil)</span>
                  <div class="stack-trace">org.openqa.selenium.ElementClickInterceptedException: element click intercepted: Element &lt;span class=&quot;btn btn-link ng-star-inserted&quot;&gt;...&lt;/span&gt; is not clickable at point (698, 540). Other element would receive the click: &lt;div _ngcontent-gpg-c2=&quot;&quot; aria-hidden=&quot;false&quot; aria-labelledby=&quot;myLargeModalLabel&quot; class=&quot;modal ki-dialog fade blockoutside in show&quot; kidialog=&quot;&quot; role=&quot;dialog&quot; tabindex=&quot;-1&quot; aria-modal=&quot;true&quot; style=&quot;display: block;&quot;&gt;...&lt;/div&gt;
=======
                  <a name="BirthReg(Miss, Karthika, D, 11-Mar-1987, 000191902790, 9787106813, rajaji colony, G0000001688025, Raina S, Ra...)">
                  </a> <!-- BirthReg(Miss, Karthika, D, 11-Mar-1987, 000191902790, 9787106813, rajaji colony, G0000001688025, Raina S, Ra...) -->
                  <span class="method-name">BirthReg</span>
                  <span class="parameters">(Miss, Karthika, D, 11-Mar-1987, 000191902790, 9787106813, rajaji colony, G0000001688025, Raina S, Raina S(raina), raina, KAmeda123$, Pharmacy IP orderset, fouser1, KAmeda123$, Nur001, fouser1, KAmeda123$, PVSMRD, KAmeda123$, Shaolin Zoya(Fouser1))</span>
                  <div class="stack-trace">org.openqa.selenium.ElementClickInterceptedException: element click intercepted: Element &lt;button _ngcontent-vln-c49=&quot;&quot; class=&quot;btn btn-dark-green active&quot; id=&quot;billingsave&quot; type=&quot;button&quot; disabled=&quot;&quot;&gt;...&lt;/button&gt; is not clickable at point (1193, 568). Other element would receive the click: &lt;div _ngcontent-vln-c49=&quot;&quot; class=&quot;right-area ta-r rtl-right p0 mob-ftr&quot;&gt;...&lt;/div&gt;
>>>>>>> 51f94719481d278426bcbd44679352d94dd6d292
  (Session info: chrome=142.0.7444.177)
Build info: version: &apos;4.11.0&apos;, revision: &apos;040bc5406b&apos;
System info: os.name: &apos;Windows 10&apos;, os.arch: &apos;amd64&apos;, os.version: &apos;10.0&apos;, java.version: &apos;17.0.15&apos;
Driver info: org.openqa.selenium.chrome.ChromeDriver
Command: [b2abe2424843c2e5f7edf9d0255eb404, clickElement {id=f.ECC03EC6766D34CC6AB54E06A8A61088.d.BC8D3E22FF2874B201C28420B0FB0815.e.1050}]
Capabilities {acceptInsecureCerts: false, browserName: chrome, browserVersion: 142.0.7444.177, chrome: {chromedriverVersion: 142.0.7444.175 (302067f14a4..., userDataDir: C:\Users\swathy\AppData\Loc...}, fedcm:accounts: true, goog:chromeOptions: {debuggerAddress: localhost:64192}, goog:processID: 19680, networkConnectionEnabled: false, pageLoadStrategy: normal, platformName: windows, proxy: Proxy(), se:cdp: ws://localhost:64192/devtoo..., se:cdpVersion: 142.0.7444.177, setWindowRect: true, strictFileInteractability: false, timeouts: {implicit: 0, pageLoad: 300000, script: 30000}, unhandledPromptBehavior: dismiss and notify, webauthn:extension:credBlob: true, webauthn:extension:largeBlob: true, webauthn:extension:minPinLength: true, webauthn:extension:prf: true, webauthn:virtualAuthenticators: true}
Element: [[ChromeDriver: chrome on windows (b2abe2424843c2e5f7edf9d0255eb404)] -&gt; xpath: //button[@id=&apos;billingsave&apos;]]
Session ID: b2abe2424843c2e5f7edf9d0255eb404
	at java.base/jdk.internal.reflect.NativeConstructorAccessorImpl.newInstance0(Native Method)
	at java.base/jdk.internal.reflect.NativeConstructorAccessorImpl.newInstance(NativeConstructorAccessorImpl.java:77)
	at java.base/jdk.internal.reflect.DelegatingConstructorAccessorImpl.newInstance(DelegatingConstructorAccessorImpl.java:45)
	at java.base/java.lang.reflect.Constructor.newInstanceWithCaller(Constructor.java:500)
	at java.base/java.lang.reflect.Constructor.newInstance(Constructor.java:481)
	at org.openqa.selenium.remote.codec.w3c.W3CHttpResponseCodec.createException(W3CHttpResponseCodec.java:200)
	at org.openqa.selenium.remote.codec.w3c.W3CHttpResponseCodec.decode(W3CHttpResponseCodec.java:133)
	at org.openqa.selenium.remote.codec.w3c.W3CHttpResponseCodec.decode(W3CHttpResponseCodec.java:52)
	at org.openqa.selenium.remote.HttpCommandExecutor.execute(HttpCommandExecutor.java:191)
	at org.openqa.selenium.remote.service.DriverCommandExecutor.invokeExecute(DriverCommandExecutor.java:196)
	at org.openqa.selenium.remote.service.DriverCommandExecutor.execute(DriverCommandExecutor.java:171)
	at org.openqa.selenium.remote.RemoteWebDriver.execute(RemoteWebDriver.java:518)
	at org.openqa.selenium.remote.RemoteWebElement.execute(RemoteWebElement.java:224)
	at org.openqa.selenium.remote.RemoteWebElement.click(RemoteWebElement.java:77)
	at jdk.internal.reflect.GeneratedMethodAccessor2.invoke(Unknown Source)
	at java.base/jdk.internal.reflect.DelegatingMethodAccessorImpl.invoke(DelegatingMethodAccessorImpl.java:43)
	at java.base/java.lang.reflect.Method.invoke(Method.java:569)
	at org.openqa.selenium.support.pagefactory.internal.LocatingElementHandler.invoke(LocatingElementHandler.java:51)
	at jdk.proxy2/jdk.proxy2.$Proxy39.click(Unknown Source)
	at pagesOfYasasiiWeb.KIMS_PatientJourney_IP_Yasasiiweb.Patreg(KIMS_PatientJourney_IP_Yasasiiweb.java:1049)
	at pagesTestCasesYasasiiWeb.KIMS_PatientJourney_IP_TestcaseYW.BirthReg(KIMS_PatientJourney_IP_TestcaseYW.java:59)
	at java.base/jdk.internal.reflect.NativeMethodAccessorImpl.invoke0(Native Method)
	at java.base/jdk.internal.reflect.NativeMethodAccessorImpl.invoke(NativeMethodAccessorImpl.java:77)
	at java.base/jdk.internal.reflect.DelegatingMethodAccessorImpl.invoke(DelegatingMethodAccessorImpl.java:43)
	at java.base/java.lang.reflect.Method.invoke(Method.java:569)
	at org.testng.internal.MethodInvocationHelper.invokeMethod(MethodInvocationHelper.java:132)
	at org.testng.internal.TestInvoker.invokeMethod(TestInvoker.java:599)
	at org.testng.internal.TestInvoker.invokeTestMethod(TestInvoker.java:174)
	at org.testng.internal.MethodRunner.runInSequence(MethodRunner.java:46)
	at org.testng.internal.TestInvoker$MethodInvocationAgent.invoke(TestInvoker.java:822)
	at org.testng.internal.TestInvoker.invokeTestMethods(TestInvoker.java:147)
	at org.testng.internal.TestMethodWorker.invokeTestMethods(TestMethodWorker.java:146)
	at org.testng.internal.TestMethodWorker.run(TestMethodWorker.java:128)
	at java.base/java.util.ArrayList.forEach(ArrayList.java:1511)
	at org.testng.TestRunner.privateRun(TestRunner.java:764)
	at org.testng.TestRunner.run(TestRunner.java:585)
	at org.testng.SuiteRunner.runTest(SuiteRunner.java:384)
	at org.testng.SuiteRunner.runSequentially(SuiteRunner.java:378)
	at org.testng.SuiteRunner.privateRun(SuiteRunner.java:337)
	at org.testng.SuiteRunner.run(SuiteRunner.java:286)
	at org.testng.SuiteRunnerWorker.runSuite(SuiteRunnerWorker.java:53)
	at org.testng.SuiteRunnerWorker.run(SuiteRunnerWorker.java:96)
	at org.testng.TestNG.runSuitesSequentially(TestNG.java:1218)
	at org.testng.TestNG.runSuitesLocally(TestNG.java:1140)
	at org.testng.TestNG.runSuites(TestNG.java:1069)
	at org.testng.TestNG.run(TestNG.java:1037)
	at org.testng.remote.AbstractRemoteTestNG.run(AbstractRemoteTestNG.java:115)
	at org.testng.remote.RemoteTestNG.initAndRun(RemoteTestNG.java:293)
	at org.testng.remote.RemoteTestNG.main(RemoteTestNG.java:91)

</div> <!-- stack-trace -->
>>>>>>> 29f32e9c0a2118d834460452f3bd334fbabb7995
                </div> <!-- method-content -->
              </div> <!-- method -->
              <div class="method">
                <div class="method-content">
<<<<<<< HEAD
<<<<<<< HEAD
                  <a name="PatientReg(Mrs, Parvathy, I, 14/12/1998, 789950070147, 8987670290, Kandhan dargen, G0000001683025, Radhakrishna...)">
                  </a> <!-- PatientReg(Mrs, Parvathy, I, 14/12/1998, 789950070147, 8987670290, Kandhan dargen, G0000001683025, Radhakrishna...) -->
                  <span class="method-name">PatientReg</span>
                  <span class="parameters">(Mrs, Parvathy, I, 14/12/1998, 789950070147, 8987670290, Kandhan dargen, G0000001683025, Radhakrishnan Marimuthu, NGL18286, KAmeda123$, KIMSHEALTH Nagarcoil, admin, KAmeda123$)</span>
                </div> <!-- method-content -->
              </div> <!-- method -->
            </div> <!-- main-panel-content rounded-window-bottom -->
          </div> <!-- suite-Default_suite-class-passed -->
        </div> <!-- panel Default_suite -->
        <div panel-name="test-xml-Default_suite" class="panel">
          <div class="main-panel-header rounded-window-top">
            <span class="header-content">C:\Users\sriram\AppData\Local\Temp\testng-eclipse-1329222286\testng-customsuite.xml</span>
=======
                  <a name="investigation(Sindhu, M, 50, 2023567589, KIMS, 24, Rajiv  NAGAR, 117257610611, G0000001608025, Raina S, Sodium (IS...)">
                  </a> <!-- investigation(Sindhu, M, 50, 2023567589, KIMS, 24, Rajiv  NAGAR, 117257610611, G0000001608025, Raina S, Sodium (IS...) -->
                  <span class="method-name">investigation</span>
                  <span class="parameters">(Sindhu, M, 50, 2023567589, KIMS, 24, Rajiv  NAGAR, 117257610611, G0000001608025, Raina S, Sodium (ISE Indirect), admin, KAmeda123$, KIMSHEALTH Nagarcoil)</span>
                  <div class="stack-trace">org.openqa.selenium.NoSuchWindowException: no such window: target window already closed
from unknown error: web view not found
=======
                  <a name="Discharge(Miss, Karthika, D, 11-Mar-1987, 000191902790, 9787106813, rajaji colony, G0000001688025, Raina S, Ra...)">
                  </a> <!-- Discharge(Miss, Karthika, D, 11-Mar-1987, 000191902790, 9787106813, rajaji colony, G0000001688025, Raina S, Ra...) -->
                  <span class="method-name">Discharge</span>
                  <span class="parameters">(Miss, Karthika, D, 11-Mar-1987, 000191902790, 9787106813, rajaji colony, G0000001688025, Raina S, Raina S(raina), raina, KAmeda123$, Pharmacy IP orderset, fouser1, KAmeda123$, Nur001, fouser1, KAmeda123$, PVSMRD, KAmeda123$, Shaolin Zoya(Fouser1))</span>
                  <div class="stack-trace">org.openqa.selenium.NoSuchElementException: no such element: Unable to locate element: {&quot;method&quot;:&quot;xpath&quot;,&quot;selector&quot;:&quot;//button[normalize-space()=&apos;Edit Existing Note&apos;]&quot;}
  (Session info: chrome=142.0.7444.177)
For documentation on this error, please visit: https://www.selenium.dev/documentation/webdriver/troubleshooting/errors#no-such-element-exception
Build info: version: &apos;4.11.0&apos;, revision: &apos;040bc5406b&apos;
System info: os.name: &apos;Windows 10&apos;, os.arch: &apos;amd64&apos;, os.version: &apos;10.0&apos;, java.version: &apos;17.0.15&apos;
Driver info: org.openqa.selenium.chrome.ChromeDriver
Command: [b2abe2424843c2e5f7edf9d0255eb404, findElement {using=xpath, value=//button[normalize-space()=&apos;Edit Existing Note&apos;]}]
Capabilities {acceptInsecureCerts: false, browserName: chrome, browserVersion: 142.0.7444.177, chrome: {chromedriverVersion: 142.0.7444.175 (302067f14a4..., userDataDir: C:\Users\swathy\AppData\Loc...}, fedcm:accounts: true, goog:chromeOptions: {debuggerAddress: localhost:64192}, goog:processID: 19680, networkConnectionEnabled: false, pageLoadStrategy: normal, platformName: windows, proxy: Proxy(), se:cdp: ws://localhost:64192/devtoo..., se:cdpVersion: 142.0.7444.177, setWindowRect: true, strictFileInteractability: false, timeouts: {implicit: 0, pageLoad: 300000, script: 30000}, unhandledPromptBehavior: dismiss and notify, webauthn:extension:credBlob: true, webauthn:extension:largeBlob: true, webauthn:extension:minPinLength: true, webauthn:extension:prf: true, webauthn:virtualAuthenticators: true}
Session ID: b2abe2424843c2e5f7edf9d0255eb404
	at java.base/jdk.internal.reflect.NativeConstructorAccessorImpl.newInstance0(Native Method)
	at java.base/jdk.internal.reflect.NativeConstructorAccessorImpl.newInstance(NativeConstructorAccessorImpl.java:77)
	at java.base/jdk.internal.reflect.DelegatingConstructorAccessorImpl.newInstance(DelegatingConstructorAccessorImpl.java:45)
	at java.base/java.lang.reflect.Constructor.newInstanceWithCaller(Constructor.java:500)
	at java.base/java.lang.reflect.Constructor.newInstance(Constructor.java:481)
	at org.openqa.selenium.remote.codec.w3c.W3CHttpResponseCodec.createException(W3CHttpResponseCodec.java:200)
	at org.openqa.selenium.remote.codec.w3c.W3CHttpResponseCodec.decode(W3CHttpResponseCodec.java:133)
	at org.openqa.selenium.remote.codec.w3c.W3CHttpResponseCodec.decode(W3CHttpResponseCodec.java:52)
	at org.openqa.selenium.remote.HttpCommandExecutor.execute(HttpCommandExecutor.java:191)
	at org.openqa.selenium.remote.service.DriverCommandExecutor.invokeExecute(DriverCommandExecutor.java:196)
	at org.openqa.selenium.remote.service.DriverCommandExecutor.execute(DriverCommandExecutor.java:171)
	at org.openqa.selenium.remote.RemoteWebDriver.execute(RemoteWebDriver.java:518)
	at org.openqa.selenium.remote.ElementLocation$ElementFinder$2.findElement(ElementLocation.java:165)
	at org.openqa.selenium.remote.ElementLocation.findElement(ElementLocation.java:59)
	at org.openqa.selenium.remote.RemoteWebDriver.findElement(RemoteWebDriver.java:355)
	at org.openqa.selenium.remote.RemoteWebDriver.findElement(RemoteWebDriver.java:349)
	at pagesOfYasasiiWeb.KIMS_PatientJourney_IP_Yasasiiweb.doctoreNote1(KIMS_PatientJourney_IP_Yasasiiweb.java:3477)
	at pagesTestCasesYasasiiWeb.KIMS_PatientJourney_IP_TestcaseYW.Discharge(KIMS_PatientJourney_IP_TestcaseYW.java:124)
	at java.base/jdk.internal.reflect.NativeMethodAccessorImpl.invoke0(Native Method)
	at java.base/jdk.internal.reflect.NativeMethodAccessorImpl.invoke(NativeMethodAccessorImpl.java:77)
	at java.base/jdk.internal.reflect.DelegatingMethodAccessorImpl.invoke(DelegatingMethodAccessorImpl.java:43)
	at java.base/java.lang.reflect.Method.invoke(Method.java:569)
	at org.testng.internal.MethodInvocationHelper.invokeMethod(MethodInvocationHelper.java:132)
	at org.testng.internal.TestInvoker.invokeMethod(TestInvoker.java:599)
	at org.testng.internal.TestInvoker.invokeTestMethod(TestInvoker.java:174)
	at org.testng.internal.MethodRunner.runInSequence(MethodRunner.java:46)
	at org.testng.internal.TestInvoker$MethodInvocationAgent.invoke(TestInvoker.java:822)
	at org.testng.internal.TestInvoker.invokeTestMethods(TestInvoker.java:147)
	at org.testng.internal.TestMethodWorker.invokeTestMethods(TestMethodWorker.java:146)
	at org.testng.internal.TestMethodWorker.run(TestMethodWorker.java:128)
	at java.base/java.util.ArrayList.forEach(ArrayList.java:1511)
	at org.testng.TestRunner.privateRun(TestRunner.java:764)
	at org.testng.TestRunner.run(TestRunner.java:585)
	at org.testng.SuiteRunner.runTest(SuiteRunner.java:384)
	at org.testng.SuiteRunner.runSequentially(SuiteRunner.java:378)
	at org.testng.SuiteRunner.privateRun(SuiteRunner.java:337)
	at org.testng.SuiteRunner.run(SuiteRunner.java:286)
	at org.testng.SuiteRunnerWorker.runSuite(SuiteRunnerWorker.java:53)
	at org.testng.SuiteRunnerWorker.run(SuiteRunnerWorker.java:96)
	at org.testng.TestNG.runSuitesSequentially(TestNG.java:1218)
	at org.testng.TestNG.runSuitesLocally(TestNG.java:1140)
	at org.testng.TestNG.runSuites(TestNG.java:1069)
	at org.testng.TestNG.run(TestNG.java:1037)
	at org.testng.remote.AbstractRemoteTestNG.run(AbstractRemoteTestNG.java:115)
	at org.testng.remote.RemoteTestNG.initAndRun(RemoteTestNG.java:293)
	at org.testng.remote.RemoteTestNG.main(RemoteTestNG.java:91)

</div> <!-- stack-trace -->
                </div> <!-- method-content -->
              </div> <!-- method -->
              <div class="method">
                <div class="method-content">
                  <a name="IPMEdication(Miss, Karthika, D, 11-Mar-1987, 000191902790, 9787106813, rajaji colony, G0000001688025, Raina S, Ra...)">
                  </a> <!-- IPMEdication(Miss, Karthika, D, 11-Mar-1987, 000191902790, 9787106813, rajaji colony, G0000001688025, Raina S, Ra...) -->
                  <span class="method-name">IPMEdication</span>
                  <span class="parameters">(Miss, Karthika, D, 11-Mar-1987, 000191902790, 9787106813, rajaji colony, G0000001688025, Raina S, Raina S(raina), raina, KAmeda123$, Pharmacy IP orderset, fouser1, KAmeda123$, Nur001, fouser1, KAmeda123$, PVSMRD, KAmeda123$, Shaolin Zoya(Fouser1))</span>
                  <div class="stack-trace">org.openqa.selenium.ElementClickInterceptedException: element click intercepted: Element &lt;label _ngcontent-ivo-c48=&quot;&quot; class=&quot;item-name&quot;&gt;...&lt;/label&gt; is not clickable at point (91, 523). Other element would receive the click: &lt;div _ngcontent-ivo-c2=&quot;&quot; aria-hidden=&quot;false&quot; aria-labelledby=&quot;myLargeModalLabel&quot; class=&quot;modal ki-dialog fade blockoutside in show&quot; kidialog=&quot;&quot; role=&quot;dialog&quot; tabindex=&quot;-1&quot; aria-modal=&quot;true&quot; style=&quot;display: block;&quot;&gt;...&lt;/div&gt;
>>>>>>> 51f94719481d278426bcbd44679352d94dd6d292
  (Session info: chrome=142.0.7444.177)
Build info: version: &apos;4.11.0&apos;, revision: &apos;040bc5406b&apos;
System info: os.name: &apos;Windows 10&apos;, os.arch: &apos;amd64&apos;, os.version: &apos;10.0&apos;, java.version: &apos;17.0.15&apos;
Driver info: org.openqa.selenium.chrome.ChromeDriver
Command: [b2abe2424843c2e5f7edf9d0255eb404, clickElement {id=f.02D594B845D363554571F0A8E0084823.d.E12853A5C12C3389CD8F1A66DA922B75.e.1351}]
Capabilities {acceptInsecureCerts: false, browserName: chrome, browserVersion: 142.0.7444.177, chrome: {chromedriverVersion: 142.0.7444.175 (302067f14a4..., userDataDir: C:\Users\swathy\AppData\Loc...}, fedcm:accounts: true, goog:chromeOptions: {debuggerAddress: localhost:64192}, goog:processID: 19680, networkConnectionEnabled: false, pageLoadStrategy: normal, platformName: windows, proxy: Proxy(), se:cdp: ws://localhost:64192/devtoo..., se:cdpVersion: 142.0.7444.177, setWindowRect: true, strictFileInteractability: false, timeouts: {implicit: 0, pageLoad: 300000, script: 30000}, unhandledPromptBehavior: dismiss and notify, webauthn:extension:credBlob: true, webauthn:extension:largeBlob: true, webauthn:extension:minPinLength: true, webauthn:extension:prf: true, webauthn:virtualAuthenticators: true}
Element: [[ChromeDriver: chrome on windows (b2abe2424843c2e5f7edf9d0255eb404)] -&gt; xpath: //label[normalize-space()=&apos;CPOE Orderset&apos;]]
Session ID: b2abe2424843c2e5f7edf9d0255eb404
	at java.base/jdk.internal.reflect.NativeConstructorAccessorImpl.newInstance0(Native Method)
	at java.base/jdk.internal.reflect.NativeConstructorAccessorImpl.newInstance(NativeConstructorAccessorImpl.java:77)
	at java.base/jdk.internal.reflect.DelegatingConstructorAccessorImpl.newInstance(DelegatingConstructorAccessorImpl.java:45)
	at java.base/java.lang.reflect.Constructor.newInstanceWithCaller(Constructor.java:500)
	at java.base/java.lang.reflect.Constructor.newInstance(Constructor.java:481)
	at org.openqa.selenium.remote.codec.w3c.W3CHttpResponseCodec.createException(W3CHttpResponseCodec.java:200)
	at org.openqa.selenium.remote.codec.w3c.W3CHttpResponseCodec.decode(W3CHttpResponseCodec.java:133)
	at org.openqa.selenium.remote.codec.w3c.W3CHttpResponseCodec.decode(W3CHttpResponseCodec.java:52)
	at org.openqa.selenium.remote.HttpCommandExecutor.execute(HttpCommandExecutor.java:191)
	at org.openqa.selenium.remote.service.DriverCommandExecutor.invokeExecute(DriverCommandExecutor.java:196)
	at org.openqa.selenium.remote.service.DriverCommandExecutor.execute(DriverCommandExecutor.java:171)
	at org.openqa.selenium.remote.RemoteWebDriver.execute(RemoteWebDriver.java:518)
	at org.openqa.selenium.remote.RemoteWebElement.execute(RemoteWebElement.java:224)
	at org.openqa.selenium.remote.RemoteWebElement.click(RemoteWebElement.java:77)
	at jdk.internal.reflect.GeneratedMethodAccessor2.invoke(Unknown Source)
	at java.base/jdk.internal.reflect.DelegatingMethodAccessorImpl.invoke(DelegatingMethodAccessorImpl.java:43)
	at java.base/java.lang.reflect.Method.invoke(Method.java:569)
	at org.openqa.selenium.support.pagefactory.internal.LocatingElementHandler.invoke(LocatingElementHandler.java:51)
	at jdk.proxy2/jdk.proxy2.$Proxy39.click(Unknown Source)
	at pagesOfYasasiiWeb.KIMS_PatientJourney_IP_Yasasiiweb.doctoreNote(KIMS_PatientJourney_IP_Yasasiiweb.java:1332)
	at pagesTestCasesYasasiiWeb.KIMS_PatientJourney_IP_TestcaseYW.IPMEdication(KIMS_PatientJourney_IP_TestcaseYW.java:75)
	at java.base/jdk.internal.reflect.NativeMethodAccessorImpl.invoke0(Native Method)
	at java.base/jdk.internal.reflect.NativeMethodAccessorImpl.invoke(NativeMethodAccessorImpl.java:77)
	at java.base/jdk.internal.reflect.DelegatingMethodAccessorImpl.invoke(DelegatingMethodAccessorImpl.java:43)
	at java.base/java.lang.reflect.Method.invoke(Method.java:569)
	at org.testng.internal.MethodInvocationHelper.invokeMethod(MethodInvocationHelper.java:132)
	at org.testng.internal.TestInvoker.invokeMethod(TestInvoker.java:599)
	at org.testng.internal.TestInvoker.invokeTestMethod(TestInvoker.java:174)
	at org.testng.internal.MethodRunner.runInSequence(MethodRunner.java:46)
	at org.testng.internal.TestInvoker$MethodInvocationAgent.invoke(TestInvoker.java:822)
	at org.testng.internal.TestInvoker.invokeTestMethods(TestInvoker.java:147)
	at org.testng.internal.TestMethodWorker.invokeTestMethods(TestMethodWorker.java:146)
	at org.testng.internal.TestMethodWorker.run(TestMethodWorker.java:128)
	at java.base/java.util.ArrayList.forEach(ArrayList.java:1511)
	at org.testng.TestRunner.privateRun(TestRunner.java:764)
	at org.testng.TestRunner.run(TestRunner.java:585)
	at org.testng.SuiteRunner.runTest(SuiteRunner.java:384)
	at org.testng.SuiteRunner.runSequentially(SuiteRunner.java:378)
	at org.testng.SuiteRunner.privateRun(SuiteRunner.java:337)
	at org.testng.SuiteRunner.run(SuiteRunner.java:286)
	at org.testng.SuiteRunnerWorker.runSuite(SuiteRunnerWorker.java:53)
	at org.testng.SuiteRunnerWorker.run(SuiteRunnerWorker.java:96)
	at org.testng.TestNG.runSuitesSequentially(TestNG.java:1218)
	at org.testng.TestNG.runSuitesLocally(TestNG.java:1140)
	at org.testng.TestNG.runSuites(TestNG.java:1069)
	at org.testng.TestNG.run(TestNG.java:1037)
	at org.testng.remote.AbstractRemoteTestNG.run(AbstractRemoteTestNG.java:115)
	at org.testng.remote.RemoteTestNG.initAndRun(RemoteTestNG.java:293)
	at org.testng.remote.RemoteTestNG.main(RemoteTestNG.java:91)

</div> <!-- stack-trace -->
                </div> <!-- method-content -->
              </div> <!-- method -->
              <div class="method">
                <div class="method-content">
                  <a name="finalbilling(Miss, Karthika, D, 11-Mar-1987, 000191902790, 9787106813, rajaji colony, G0000001688025, Raina S, Ra...)">
                  </a> <!-- finalbilling(Miss, Karthika, D, 11-Mar-1987, 000191902790, 9787106813, rajaji colony, G0000001688025, Raina S, Ra...) -->
                  <span class="method-name">finalbilling</span>
                  <span class="parameters">(Miss, Karthika, D, 11-Mar-1987, 000191902790, 9787106813, rajaji colony, G0000001688025, Raina S, Raina S(raina), raina, KAmeda123$, Pharmacy IP orderset, fouser1, KAmeda123$, Nur001, fouser1, KAmeda123$, PVSMRD, KAmeda123$, Shaolin Zoya(Fouser1))</span>
                  <div class="stack-trace">org.openqa.selenium.NoSuchElementException: no such element: Unable to locate element: {&quot;method&quot;:&quot;xpath&quot;,&quot;selector&quot;:&quot;//i[@class=&apos;fa fa-eye&apos;]&quot;}
  (Session info: chrome=142.0.7444.177)
For documentation on this error, please visit: https://www.selenium.dev/documentation/webdriver/troubleshooting/errors#no-such-element-exception
Build info: version: &apos;4.11.0&apos;, revision: &apos;040bc5406b&apos;
System info: os.name: &apos;Windows 10&apos;, os.arch: &apos;amd64&apos;, os.version: &apos;10.0&apos;, java.version: &apos;17.0.15&apos;
Driver info: org.openqa.selenium.chrome.ChromeDriver
Command: [b2abe2424843c2e5f7edf9d0255eb404, findElement {using=xpath, value=//i[@class=&apos;fa fa-eye&apos;]}]
Capabilities {acceptInsecureCerts: false, browserName: chrome, browserVersion: 142.0.7444.177, chrome: {chromedriverVersion: 142.0.7444.175 (302067f14a4..., userDataDir: C:\Users\swathy\AppData\Loc...}, fedcm:accounts: true, goog:chromeOptions: {debuggerAddress: localhost:64192}, goog:processID: 19680, networkConnectionEnabled: false, pageLoadStrategy: normal, platformName: windows, proxy: Proxy(), se:cdp: ws://localhost:64192/devtoo..., se:cdpVersion: 142.0.7444.177, setWindowRect: true, strictFileInteractability: false, timeouts: {implicit: 0, pageLoad: 300000, script: 30000}, unhandledPromptBehavior: dismiss and notify, webauthn:extension:credBlob: true, webauthn:extension:largeBlob: true, webauthn:extension:minPinLength: true, webauthn:extension:prf: true, webauthn:virtualAuthenticators: true}
Session ID: b2abe2424843c2e5f7edf9d0255eb404
	at java.base/jdk.internal.reflect.NativeConstructorAccessorImpl.newInstance0(Native Method)
	at java.base/jdk.internal.reflect.NativeConstructorAccessorImpl.newInstance(NativeConstructorAccessorImpl.java:77)
	at java.base/jdk.internal.reflect.DelegatingConstructorAccessorImpl.newInstance(DelegatingConstructorAccessorImpl.java:45)
	at java.base/java.lang.reflect.Constructor.newInstanceWithCaller(Constructor.java:500)
	at java.base/java.lang.reflect.Constructor.newInstance(Constructor.java:481)
	at org.openqa.selenium.remote.codec.w3c.W3CHttpResponseCodec.createException(W3CHttpResponseCodec.java:200)
	at org.openqa.selenium.remote.codec.w3c.W3CHttpResponseCodec.decode(W3CHttpResponseCodec.java:133)
	at org.openqa.selenium.remote.codec.w3c.W3CHttpResponseCodec.decode(W3CHttpResponseCodec.java:52)
	at org.openqa.selenium.remote.HttpCommandExecutor.execute(HttpCommandExecutor.java:191)
	at org.openqa.selenium.remote.service.DriverCommandExecutor.invokeExecute(DriverCommandExecutor.java:196)
	at org.openqa.selenium.remote.service.DriverCommandExecutor.execute(DriverCommandExecutor.java:171)
	at org.openqa.selenium.remote.RemoteWebDriver.execute(RemoteWebDriver.java:518)
	at org.openqa.selenium.remote.ElementLocation$ElementFinder$2.findElement(ElementLocation.java:165)
	at org.openqa.selenium.remote.ElementLocation.findElement(ElementLocation.java:59)
	at org.openqa.selenium.remote.RemoteWebDriver.findElement(RemoteWebDriver.java:355)
	at org.openqa.selenium.remote.RemoteWebDriver.findElement(RemoteWebDriver.java:349)
	at org.openqa.selenium.support.pagefactory.DefaultElementLocator.findElement(DefaultElementLocator.java:68)
	at org.openqa.selenium.support.pagefactory.internal.LocatingElementHandler.invoke(LocatingElementHandler.java:38)
	at jdk.proxy2/jdk.proxy2.$Proxy39.click(Unknown Source)
	at pagesOfYasasiiWeb.KIMS_PatientJourney_IP_Yasasiiweb.FinalBilling(KIMS_PatientJourney_IP_Yasasiiweb.java:4278)
	at pagesTestCasesYasasiiWeb.KIMS_PatientJourney_IP_TestcaseYW.finalbilling(KIMS_PatientJourney_IP_TestcaseYW.java:150)
	at java.base/jdk.internal.reflect.NativeMethodAccessorImpl.invoke0(Native Method)
	at java.base/jdk.internal.reflect.NativeMethodAccessorImpl.invoke(NativeMethodAccessorImpl.java:77)
	at java.base/jdk.internal.reflect.DelegatingMethodAccessorImpl.invoke(DelegatingMethodAccessorImpl.java:43)
	at java.base/java.lang.reflect.Method.invoke(Method.java:569)
	at org.testng.internal.MethodInvocationHelper.invokeMethod(MethodInvocationHelper.java:132)
	at org.testng.internal.TestInvoker.invokeMethod(TestInvoker.java:599)
	at org.testng.internal.TestInvoker.invokeTestMethod(TestInvoker.java:174)
	at org.testng.internal.MethodRunner.runInSequence(MethodRunner.java:46)
	at org.testng.internal.TestInvoker$MethodInvocationAgent.invoke(TestInvoker.java:822)
	at org.testng.internal.TestInvoker.invokeTestMethods(TestInvoker.java:147)
	at org.testng.internal.TestMethodWorker.invokeTestMethods(TestMethodWorker.java:146)
	at org.testng.internal.TestMethodWorker.run(TestMethodWorker.java:128)
	at java.base/java.util.ArrayList.forEach(ArrayList.java:1511)
	at org.testng.TestRunner.privateRun(TestRunner.java:764)
	at org.testng.TestRunner.run(TestRunner.java:585)
	at org.testng.SuiteRunner.runTest(SuiteRunner.java:384)
	at org.testng.SuiteRunner.runSequentially(SuiteRunner.java:378)
	at org.testng.SuiteRunner.privateRun(SuiteRunner.java:337)
	at org.testng.SuiteRunner.run(SuiteRunner.java:286)
	at org.testng.SuiteRunnerWorker.runSuite(SuiteRunnerWorker.java:53)
	at org.testng.SuiteRunnerWorker.run(SuiteRunnerWorker.java:96)
	at org.testng.TestNG.runSuitesSequentially(TestNG.java:1218)
	at org.testng.TestNG.runSuitesLocally(TestNG.java:1140)
	at org.testng.TestNG.runSuites(TestNG.java:1069)
	at org.testng.TestNG.run(TestNG.java:1037)
	at org.testng.remote.AbstractRemoteTestNG.run(AbstractRemoteTestNG.java:115)
	at org.testng.remote.RemoteTestNG.initAndRun(RemoteTestNG.java:293)
	at org.testng.remote.RemoteTestNG.main(RemoteTestNG.java:91)

</div> <!-- stack-trace -->
                </div> <!-- method-content -->
              </div> <!-- method -->
              <div class="method">
                <div class="method-content">
                  <a name="medicine_discontinue(Miss, Karthika, D, 11-Mar-1987, 000191902790, 9787106813, rajaji colony, G0000001688025, Raina S, Ra...)">
                  </a> <!-- medicine_discontinue(Miss, Karthika, D, 11-Mar-1987, 000191902790, 9787106813, rajaji colony, G0000001688025, Raina S, Ra...) -->
                  <span class="method-name">medicine_discontinue</span>
                  <span class="parameters">(Miss, Karthika, D, 11-Mar-1987, 000191902790, 9787106813, rajaji colony, G0000001688025, Raina S, Raina S(raina), raina, KAmeda123$, Pharmacy IP orderset, fouser1, KAmeda123$, Nur001, fouser1, KAmeda123$, PVSMRD, KAmeda123$, Shaolin Zoya(Fouser1))</span>
                  <div class="stack-trace">org.openqa.selenium.NoSuchElementException: no such element: Unable to locate element: {&quot;method&quot;:&quot;xpath&quot;,&quot;selector&quot;:&quot;//input[@id=&apos;chiefcomplainttext&apos;]&quot;}
  (Session info: chrome=142.0.7444.177)
For documentation on this error, please visit: https://www.selenium.dev/documentation/webdriver/troubleshooting/errors#no-such-element-exception
Build info: version: &apos;4.11.0&apos;, revision: &apos;040bc5406b&apos;
System info: os.name: &apos;Windows 10&apos;, os.arch: &apos;amd64&apos;, os.version: &apos;10.0&apos;, java.version: &apos;17.0.15&apos;
Driver info: org.openqa.selenium.chrome.ChromeDriver
Command: [b2abe2424843c2e5f7edf9d0255eb404, findElement {using=xpath, value=//input[@id=&apos;chiefcomplainttext&apos;]}]
Capabilities {acceptInsecureCerts: false, browserName: chrome, browserVersion: 142.0.7444.177, chrome: {chromedriverVersion: 142.0.7444.175 (302067f14a4..., userDataDir: C:\Users\swathy\AppData\Loc...}, fedcm:accounts: true, goog:chromeOptions: {debuggerAddress: localhost:64192}, goog:processID: 19680, networkConnectionEnabled: false, pageLoadStrategy: normal, platformName: windows, proxy: Proxy(), se:cdp: ws://localhost:64192/devtoo..., se:cdpVersion: 142.0.7444.177, setWindowRect: true, strictFileInteractability: false, timeouts: {implicit: 0, pageLoad: 300000, script: 30000}, unhandledPromptBehavior: dismiss and notify, webauthn:extension:credBlob: true, webauthn:extension:largeBlob: true, webauthn:extension:minPinLength: true, webauthn:extension:prf: true, webauthn:virtualAuthenticators: true}
Session ID: b2abe2424843c2e5f7edf9d0255eb404
	at java.base/jdk.internal.reflect.NativeConstructorAccessorImpl.newInstance0(Native Method)
	at java.base/jdk.internal.reflect.NativeConstructorAccessorImpl.newInstance(NativeConstructorAccessorImpl.java:77)
	at java.base/jdk.internal.reflect.DelegatingConstructorAccessorImpl.newInstance(DelegatingConstructorAccessorImpl.java:45)
	at java.base/java.lang.reflect.Constructor.newInstanceWithCaller(Constructor.java:500)
	at java.base/java.lang.reflect.Constructor.newInstance(Constructor.java:481)
	at org.openqa.selenium.remote.codec.w3c.W3CHttpResponseCodec.createException(W3CHttpResponseCodec.java:200)
	at org.openqa.selenium.remote.codec.w3c.W3CHttpResponseCodec.decode(W3CHttpResponseCodec.java:133)
	at org.openqa.selenium.remote.codec.w3c.W3CHttpResponseCodec.decode(W3CHttpResponseCodec.java:52)
	at org.openqa.selenium.remote.HttpCommandExecutor.execute(HttpCommandExecutor.java:191)
	at org.openqa.selenium.remote.service.DriverCommandExecutor.invokeExecute(DriverCommandExecutor.java:196)
	at org.openqa.selenium.remote.service.DriverCommandExecutor.execute(DriverCommandExecutor.java:171)
	at org.openqa.selenium.remote.RemoteWebDriver.execute(RemoteWebDriver.java:518)
	at org.openqa.selenium.remote.ElementLocation$ElementFinder$2.findElement(ElementLocation.java:165)
	at org.openqa.selenium.remote.ElementLocation.findElement(ElementLocation.java:59)
	at org.openqa.selenium.remote.RemoteWebDriver.findElement(RemoteWebDriver.java:355)
	at org.openqa.selenium.remote.RemoteWebDriver.findElement(RemoteWebDriver.java:349)
	at org.openqa.selenium.support.pagefactory.DefaultElementLocator.findElement(DefaultElementLocator.java:68)
	at org.openqa.selenium.support.pagefactory.internal.LocatingElementHandler.invoke(LocatingElementHandler.java:38)
	at jdk.proxy2/jdk.proxy2.$Proxy39.clear(Unknown Source)
	at pagesOfYasasiiWeb.KIMS_PatientJourney_IP_Yasasiiweb.doctoreNote_discharge(KIMS_PatientJourney_IP_Yasasiiweb.java:2871)
	at pagesTestCasesYasasiiWeb.KIMS_PatientJourney_IP_TestcaseYW.medicine_discontinue(KIMS_PatientJourney_IP_TestcaseYW.java:102)
	at java.base/jdk.internal.reflect.NativeMethodAccessorImpl.invoke0(Native Method)
	at java.base/jdk.internal.reflect.NativeMethodAccessorImpl.invoke(NativeMethodAccessorImpl.java:77)
	at java.base/jdk.internal.reflect.DelegatingMethodAccessorImpl.invoke(DelegatingMethodAccessorImpl.java:43)
	at java.base/java.lang.reflect.Method.invoke(Method.java:569)
	at org.testng.internal.MethodInvocationHelper.invokeMethod(MethodInvocationHelper.java:132)
	at org.testng.internal.TestInvoker.invokeMethod(TestInvoker.java:599)
	at org.testng.internal.TestInvoker.invokeTestMethod(TestInvoker.java:174)
	at org.testng.internal.MethodRunner.runInSequence(MethodRunner.java:46)
	at org.testng.internal.TestInvoker$MethodInvocationAgent.invoke(TestInvoker.java:822)
	at org.testng.internal.TestInvoker.invokeTestMethods(TestInvoker.java:147)
	at org.testng.internal.TestMethodWorker.invokeTestMethods(TestMethodWorker.java:146)
	at org.testng.internal.TestMethodWorker.run(TestMethodWorker.java:128)
	at java.base/java.util.ArrayList.forEach(ArrayList.java:1511)
	at org.testng.TestRunner.privateRun(TestRunner.java:764)
	at org.testng.TestRunner.run(TestRunner.java:585)
	at org.testng.SuiteRunner.runTest(SuiteRunner.java:384)
	at org.testng.SuiteRunner.runSequentially(SuiteRunner.java:378)
	at org.testng.SuiteRunner.privateRun(SuiteRunner.java:337)
	at org.testng.SuiteRunner.run(SuiteRunner.java:286)
	at org.testng.SuiteRunnerWorker.runSuite(SuiteRunnerWorker.java:53)
	at org.testng.SuiteRunnerWorker.run(SuiteRunnerWorker.java:96)
	at org.testng.TestNG.runSuitesSequentially(TestNG.java:1218)
	at org.testng.TestNG.runSuitesLocally(TestNG.java:1140)
	at org.testng.TestNG.runSuites(TestNG.java:1069)
	at org.testng.TestNG.run(TestNG.java:1037)
	at org.testng.remote.AbstractRemoteTestNG.run(AbstractRemoteTestNG.java:115)
	at org.testng.remote.RemoteTestNG.initAndRun(RemoteTestNG.java:293)
	at org.testng.remote.RemoteTestNG.main(RemoteTestNG.java:91)

</div> <!-- stack-trace -->
                </div> <!-- method-content -->
              </div> <!-- method -->
            </div> <!-- main-panel-content rounded-window-bottom -->
          </div> <!-- suite-Default_suite-class-failed -->
        </div> <!-- panel Default_suite -->
        <div panel-name="test-xml-Default_suite" class="panel">
          <div class="main-panel-header rounded-window-top">
<<<<<<< HEAD
            <span class="header-content">C:\Users\swathy\AppData\Local\Temp\testng-eclipse--1567983428\testng-customsuite.xml</span>
>>>>>>> 29f32e9c0a2118d834460452f3bd334fbabb7995
=======
            <span class="header-content">C:\Users\swathy\AppData\Local\Temp\testng-eclipse-1416164099\testng-customsuite.xml</span>
>>>>>>> 51f94719481d278426bcbd44679352d94dd6d292
          </div> <!-- main-panel-header rounded-window-top -->
          <div class="main-panel-content rounded-window-bottom">
            <pre>
&lt;?xml version=&quot;1.0&quot; encoding=&quot;UTF-8&quot;?&gt;
&lt;!DOCTYPE suite SYSTEM &quot;https://testng.org/testng-1.0.dtd&quot;&gt;
&lt;suite name=&quot;Default suite&quot; guice-stage=&quot;DEVELOPMENT&quot;&gt;
  &lt;test thread-count=&quot;5&quot; name=&quot;Default test&quot; verbose=&quot;2&quot;&gt;
    &lt;classes&gt;
      &lt;class name=&quot;pagesTestCasesYasasiiWeb.KIMS_PatientJourney_IP_TestcaseYW&quot;/&gt;
    &lt;/classes&gt;
  &lt;/test&gt; &lt;!-- Default test --&gt;
&lt;/suite&gt; &lt;!-- Default suite --&gt;
            </pre>
          </div> <!-- main-panel-content rounded-window-bottom -->
        </div> <!-- panel -->
        <div panel-name="testlist-Default_suite" class="panel">
          <div class="main-panel-header rounded-window-top">
            <span class="header-content">Tests for Default suite</span>
          </div> <!-- main-panel-header rounded-window-top -->
          <div class="main-panel-content rounded-window-bottom">
            <ul>
              <li>
                <span class="test-name">Default test (1 class)</span>
              </li>
            </ul>
          </div> <!-- main-panel-content rounded-window-bottom -->
        </div> <!-- panel -->
        <div panel-name="group-Default_suite" class="panel">
          <div class="main-panel-header rounded-window-top">
            <span class="header-content">Groups for Default suite</span>
          </div> <!-- main-panel-header rounded-window-top -->
          <div class="main-panel-content rounded-window-bottom">
          </div> <!-- main-panel-content rounded-window-bottom -->
        </div> <!-- panel -->
        <div panel-name="times-Default_suite" class="panel">
          <div class="main-panel-header rounded-window-top">
            <span class="header-content">Times for Default suite</span>
          </div> <!-- main-panel-header rounded-window-top -->
          <div class="main-panel-content rounded-window-bottom">
            <div class="times-div">
              <script type="text/javascript">
suiteTableInitFunctions.push('tableData_Default_suite');
function tableData_Default_suite() {
var data = new google.visualization.DataTable();
data.addColumn('number', 'Number');
data.addColumn('string', 'Method');
data.addColumn('string', 'Class');
data.addColumn('number', 'Time (ms)');
data.addRows(5);
data.setCell(0, 0, 0)
<<<<<<< HEAD
<<<<<<< HEAD
data.setCell(0, 1, 'CpoePending')
data.setCell(0, 2, 'pagesTestCasesYasasiiWeb.KIMS_CpoePendingOrder_Billing_TestcaseYW')
data.setCell(0, 3, 264323);
data.setCell(1, 0, 1)
data.setCell(1, 1, 'PatientReg')
data.setCell(1, 2, 'pagesTestCasesYasasiiWeb.KIMS_CpoePendingOrder_Billing_TestcaseYW')
data.setCell(1, 3, 73210);
=======
data.setCell(0, 1, 'Patreg')
data.setCell(0, 2, 'pagesTestCasesYasasiiWeb.KIMS_Investigation_Additionaltest_sampleTracker_TestcaseYW')
data.setCell(0, 3, 27311);
data.setCell(1, 0, 1)
data.setCell(1, 1, 'investigation')
data.setCell(1, 2, 'pagesTestCasesYasasiiWeb.KIMS_Investigation_Additionaltest_sampleTracker_TestcaseYW')
data.setCell(1, 3, 12083);
>>>>>>> 29f32e9c0a2118d834460452f3bd334fbabb7995
=======
data.setCell(0, 1, 'medicine_discontinue')
data.setCell(0, 2, 'pagesTestCasesYasasiiWeb.KIMS_PatientJourney_IP_TestcaseYW')
data.setCell(0, 3, 82315);
data.setCell(1, 0, 1)
data.setCell(1, 1, 'IPMEdication')
data.setCell(1, 2, 'pagesTestCasesYasasiiWeb.KIMS_PatientJourney_IP_TestcaseYW')
data.setCell(1, 3, 76366);
data.setCell(2, 0, 2)
data.setCell(2, 1, 'Discharge')
data.setCell(2, 2, 'pagesTestCasesYasasiiWeb.KIMS_PatientJourney_IP_TestcaseYW')
data.setCell(2, 3, 69361);
data.setCell(3, 0, 3)
data.setCell(3, 1, 'BirthReg')
data.setCell(3, 2, 'pagesTestCasesYasasiiWeb.KIMS_PatientJourney_IP_TestcaseYW')
data.setCell(3, 3, 58883);
data.setCell(4, 0, 4)
data.setCell(4, 1, 'finalbilling')
data.setCell(4, 2, 'pagesTestCasesYasasiiWeb.KIMS_PatientJourney_IP_TestcaseYW')
data.setCell(4, 3, 44228);
>>>>>>> 51f94719481d278426bcbd44679352d94dd6d292
window.suiteTableData['Default_suite']= { tableData: data, tableDiv: 'times-div-Default_suite'}
return data;
}
              </script>
<<<<<<< HEAD
<<<<<<< HEAD
              <span class="suite-total-time">Total running time: 5 minutes</span>
=======
              <span class="suite-total-time">Total running time: 39 seconds</span>
>>>>>>> 29f32e9c0a2118d834460452f3bd334fbabb7995
=======
              <span class="suite-total-time">Total running time: 5 minutes</span>
>>>>>>> 51f94719481d278426bcbd44679352d94dd6d292
              <div id="times-div-Default_suite">
              </div> <!-- times-div-Default_suite -->
            </div> <!-- times-div -->
          </div> <!-- main-panel-content rounded-window-bottom -->
        </div> <!-- panel -->
        <div panel-name="reporter-Default_suite" class="panel">
          <div class="main-panel-header rounded-window-top">
            <span class="header-content">Reporter output for Default suite</span>
          </div> <!-- main-panel-header rounded-window-top -->
          <div class="main-panel-content rounded-window-bottom">
          </div> <!-- main-panel-content rounded-window-bottom -->
        </div> <!-- panel -->
        <div panel-name="ignored-methods-Default_suite" class="panel">
          <div class="main-panel-header rounded-window-top">
            <span class="header-content">0 ignored methods</span>
          </div> <!-- main-panel-header rounded-window-top -->
          <div class="main-panel-content rounded-window-bottom">
          </div> <!-- main-panel-content rounded-window-bottom -->
        </div> <!-- panel -->
        <div panel-name="chronological-Default_suite" class="panel">
          <div class="main-panel-header rounded-window-top">
            <span class="header-content">Methods in chronological order</span>
          </div> <!-- main-panel-header rounded-window-top -->
          <div class="main-panel-content rounded-window-bottom">
            <div class="chronological-class">
              <div class="chronological-class-name">pagesTestCasesYasasiiWeb.KIMS_PatientJourney_IP_TestcaseYW</div> <!-- chronological-class-name -->
              <div class="configuration-suite before">
                <span class="method-name">setup</span>
                <span class="method-start">0 ms</span>
              </div> <!-- configuration-suite before -->
              <div class="configuration-test before">
                <span class="method-name">startTest</span>
<<<<<<< HEAD
<<<<<<< HEAD
                <span class="method-start">6749 ms</span>
              </div> <!-- configuration-test before -->
              <div class="configuration-class before">
                <span class="method-name">navigateemradt</span>
                <span class="method-start">7067 ms</span>
              </div> <!-- configuration-class before -->
              <div class="configuration-method before">
                <span class="method-name">getTestMethodProperties(public void pagesTestCasesYasasiiWeb.KIMS_CpoePendingOrder_Billing_TestcaseYW.PatientReg(java.lang.S...)</span>
                <span class="method-start">20647 ms</span>
              </div> <!-- configuration-method before -->
              <div class="test-method">
                <span class="method-name">PatientReg(Mrs, Parvathy, I, 14/12/1998, 789950070147, 8987670290, Kandhan dargen, G0000001683025, Radhakrishna...)</span>
                <span class="method-start">20660 ms</span>
              </div> <!-- test-method -->
              <div class="configuration-method after">
                <span class="method-name">getResult([TestResult name=PatientReg status=SUCCESS method=KIMS_CpoePendingOrder_Billing_TestcaseYW.PatientRe...)</span>
                <span class="method-start">93874 ms</span>
              </div> <!-- configuration-method after -->
              <div class="configuration-method before">
                <span class="method-name">getTestMethodProperties(public void pagesTestCasesYasasiiWeb.KIMS_CpoePendingOrder_Billing_TestcaseYW.CpoePending(java.lang....)</span>
                <span class="method-start">94007 ms</span>
              </div> <!-- configuration-method before -->
              <div class="test-method">
                <span class="method-name">CpoePending(Mrs, Parvathy, I, 14/12/1998, 789950070147, 8987670290, Kandhan dargen, G0000001684425, Radhakrishna...)</span>
                <span class="method-start">94007 ms</span>
              </div> <!-- test-method -->
              <div class="configuration-method after">
                <span class="method-name">getResult([TestResult name=CpoePending status=SUCCESS method=KIMS_CpoePendingOrder_Billing_TestcaseYW.CpoePend...)</span>
                <span class="method-start">358332 ms</span>
              </div> <!-- configuration-method after -->
              <div class="configuration-class after">
                <span class="method-name">logout</span>
                <span class="method-start">358338 ms</span>
              </div> <!-- configuration-class after -->
              <div class="configuration-suite after">
                <span class="method-name">extentReportEnd</span>
                <span class="method-start">374132 ms</span>
              </div> <!-- configuration-suite after -->
              <div class="configuration-suite after">
                <span class="method-name">teardown</span>
                <span class="method-start">374646 ms</span>
=======
                <span class="method-start">7750 ms</span>
=======
                <span class="method-start">4692 ms</span>
>>>>>>> 51f94719481d278426bcbd44679352d94dd6d292
              </div> <!-- configuration-test before -->
              <div class="configuration-class before">
                <span class="method-name">navigateemradt</span>
                <span class="method-start">4896 ms</span>
              </div> <!-- configuration-class before -->
              <div class="configuration-method before">
                <span class="method-name">getTestMethodProperties(public void pagesTestCasesYasasiiWeb.KIMS_PatientJourney_IP_TestcaseYW.BirthReg(java.lang.String,jav...)</span>
                <span class="method-start">18004 ms</span>
              </div> <!-- configuration-method before -->
              <div class="test-method">
                <img src="failed.png">
                </img>
                <span class="method-name">BirthReg(Miss, Karthika, D, 11-Mar-1987, 000191902790, 9787106813, rajaji colony, G0000001688025, Raina S, Ra...)</span>
                <span class="method-start">18011 ms</span>
              </div> <!-- test-method -->
              <div class="configuration-method after">
                <span class="method-name">getResult([TestResult name=BirthReg status=FAILURE method=KIMS_PatientJourney_IP_TestcaseYW.BirthReg(java.lang...)</span>
                <span class="method-start">76899 ms</span>
              </div> <!-- configuration-method after -->
              <div class="configuration-method before">
                <span class="method-name">getTestMethodProperties(public void pagesTestCasesYasasiiWeb.KIMS_PatientJourney_IP_TestcaseYW.IPMEdication(java.lang.String...)</span>
                <span class="method-start">77285 ms</span>
              </div> <!-- configuration-method before -->
              <div class="test-method">
                <img src="failed.png">
                </img>
                <span class="method-name">IPMEdication(Miss, Karthika, D, 11-Mar-1987, 000191902790, 9787106813, rajaji colony, G0000001688025, Raina S, Ra...)</span>
                <span class="method-start">77285 ms</span>
              </div> <!-- test-method -->
              <div class="configuration-method after">
                <span class="method-name">getResult([TestResult name=IPMEdication status=FAILURE method=KIMS_PatientJourney_IP_TestcaseYW.IPMEdication(j...)</span>
                <span class="method-start">153653 ms</span>
              </div> <!-- configuration-method after -->
              <div class="configuration-method before">
                <span class="method-name">getTestMethodProperties(public void pagesTestCasesYasasiiWeb.KIMS_PatientJourney_IP_TestcaseYW.medicine_discontinue(java.lan...)</span>
                <span class="method-start">154073 ms</span>
              </div> <!-- configuration-method before -->
              <div class="test-method">
                <img src="failed.png">
                </img>
                <span class="method-name">medicine_discontinue(Miss, Karthika, D, 11-Mar-1987, 000191902790, 9787106813, rajaji colony, G0000001688025, Raina S, Ra...)</span>
                <span class="method-start">154074 ms</span>
              </div> <!-- test-method -->
              <div class="configuration-method after">
                <span class="method-name">getResult([TestResult name=medicine_discontinue status=FAILURE method=KIMS_PatientJourney_IP_TestcaseYW.medici...)</span>
                <span class="method-start">236390 ms</span>
              </div> <!-- configuration-method after -->
              <div class="configuration-method before">
                <span class="method-name">getTestMethodProperties(public void pagesTestCasesYasasiiWeb.KIMS_PatientJourney_IP_TestcaseYW.Discharge(java.lang.String,ja...)</span>
                <span class="method-start">236724 ms</span>
              </div> <!-- configuration-method before -->
              <div class="test-method">
                <img src="failed.png">
                </img>
                <span class="method-name">Discharge(Miss, Karthika, D, 11-Mar-1987, 000191902790, 9787106813, rajaji colony, G0000001688025, Raina S, Ra...)</span>
                <span class="method-start">236724 ms</span>
              </div> <!-- test-method -->
              <div class="configuration-method after">
                <span class="method-name">getResult([TestResult name=Discharge status=FAILURE method=KIMS_PatientJourney_IP_TestcaseYW.Discharge(java.la...)</span>
                <span class="method-start">306086 ms</span>
              </div> <!-- configuration-method after -->
              <div class="configuration-method before">
                <span class="method-name">getTestMethodProperties(public void pagesTestCasesYasasiiWeb.KIMS_PatientJourney_IP_TestcaseYW.finalbilling(java.lang.String...)</span>
                <span class="method-start">306416 ms</span>
              </div> <!-- configuration-method before -->
              <div class="test-method">
                <img src="failed.png">
                </img>
                <span class="method-name">finalbilling(Miss, Karthika, D, 11-Mar-1987, 000191902790, 9787106813, rajaji colony, G0000001688025, Raina S, Ra...)</span>
                <span class="method-start">306417 ms</span>
              </div> <!-- test-method -->
              <div class="configuration-method after">
                <span class="method-name">getResult([TestResult name=finalbilling status=FAILURE method=KIMS_PatientJourney_IP_TestcaseYW.finalbilling(j...)</span>
                <span class="method-start">350646 ms</span>
              </div> <!-- configuration-method after -->
              <div class="configuration-class after">
                <span class="method-name">logout</span>
                <span class="method-start">350912 ms</span>
              </div> <!-- configuration-class after -->
              <div class="configuration-suite after">
                <span class="method-name">extentReportEnd</span>
<<<<<<< HEAD
                <span class="method-start">60383 ms</span>
              </div> <!-- configuration-suite after -->
              <div class="configuration-suite after">
                <span class="method-name">teardown</span>
                <span class="method-start">60385 ms</span>
>>>>>>> 29f32e9c0a2118d834460452f3bd334fbabb7995
=======
                <span class="method-start">367392 ms</span>
>>>>>>> 51f94719481d278426bcbd44679352d94dd6d292
              </div> <!-- configuration-suite after -->
          </div> <!-- main-panel-content rounded-window-bottom -->
        </div> <!-- panel -->
      </div> <!-- main-panel-root -->
    </div> <!-- wrapper -->
  </body>
<script type="text/javascript" src="testng-reports2.js"></script>
</html>
