<?xml version="1.0" encoding="UTF-8"?>
<testng-results ignored="0" total="2" passed="1" failed="1" skipped="0">
  <reporter-output>
  </reporter-output>
  <suite started-at="2025-12-20T17:50:42 IST" name="Default suite" finished-at="2025-12-20T18:00:45 IST" duration-ms="602392">
    <groups>
    </groups>
    <test started-at="2025-12-20T17:50:42 IST" name="Default test" finished-at="2025-12-20T18:00:45 IST" duration-ms="602392">
      <class name="pagesTestCasesYasasiiWeb.KIMS_NutritionManagement_TestcaseYW">
        <test-method is-config="true" signature="setup()[pri:0, instance:pagesTestCasesYasasiiWeb.KIMS_NutritionManagement_TestcaseYW@5b7ea70d]" started-at="2025-12-20T17:50:34 IST" name="setup" finished-at="2025-12-20T17:50:42 IST" duration-ms="8181" status="PASS">
          <reporter-output>
          </reporter-output>
        </test-method> <!-- setup -->
        <test-method is-config="true" signature="startTest()[pri:0, instance:pagesTestCasesYasasiiWeb.KIMS_NutritionManagement_TestcaseYW@5b7ea70d]" started-at="2025-12-20T17:50:42 IST" name="startTest" finished-at="2025-12-20T17:50:43 IST" duration-ms="284" status="PASS">
          <reporter-output>
          </reporter-output>
        </test-method> <!-- startTest -->
        <test-method is-config="true" signature="navigateFOPage()[pri:0, instance:pagesTestCasesYasasiiWeb.KIMS_NutritionManagement_TestcaseYW@5b7ea70d]" started-at="2025-12-20T17:50:43 IST" name="navigateFOPage" finished-at="2025-12-20T17:50:55 IST" duration-ms="12392" status="PASS">
          <reporter-output>
          </reporter-output>
        </test-method> <!-- navigateFOPage -->
        <test-method is-config="true" signature="getTestMethodProperties(java.lang.reflect.Method)[pri:0, instance:pagesTestCasesYasasiiWeb.KIMS_NutritionManagement_TestcaseYW@5b7ea70d]" started-at="2025-12-20T17:50:55 IST" name="getTestMethodProperties" finished-at="2025-12-20T17:50:55 IST" duration-ms="12" status="PASS">
          <params>
            <param index="0">
              <value>
                <![CDATA[public void pagesTestCasesYasasiiWeb.KIMS_NutritionManagement_TestcaseYW.Patreg(java.lang.String,java.lang.String,java.lang.String,java.lang.String,java.lang.String,java.lang.String,java.lang.String,java.lang.String,java.lang.String,java.lang.String,java.lang.String,java.lang.String,java.lang.String,java.lang.String,java.lang.String,java.lang.String,java.lang.String) throws java.lang.InterruptedException,java.io.IOException,java.awt.AWTException]]>
              </value>
            </param>
          </params>
          <reporter-output>
          </reporter-output>
        </test-method> <!-- getTestMethodProperties -->
        <test-method signature="Patreg(java.lang.String, java.lang.String, java.lang.String, java.lang.String, java.lang.String, java.lang.String, java.lang.String, java.lang.String, java.lang.String, java.lang.String, java.lang.String, java.lang.String, java.lang.String, java.lang.String, java.lang.String, java.lang.String, java.lang.String)[pri:0, instance:pagesTestCasesYasasiiWeb.KIMS_NutritionManagement_TestcaseYW@5b7ea70d]" started-at="2025-12-20T17:50:55 IST" name="Patreg" data-provider="getData" finished-at="2025-12-20T17:52:32 IST" duration-ms="96910" status="PASS">
          <params>
            <param index="0">
              <value>
                <![CDATA[Charlie]]>
              </value>
            </param>
            <param index="1">
              <value>
                <![CDATA[K]]>
              </value>
            </param>
            <param index="2">
              <value>
                <![CDATA[50]]>
              </value>
            </param>
            <param index="3">
              <value>
                <![CDATA[2023067589]]>
              </value>
            </param>
            <param index="4">
              <value>
                <![CDATA[KIMS]]>
              </value>
            </param>
            <param index="5">
              <value>
                <![CDATA[24, Rajiv  NAGAR]]>
              </value>
            </param>
            <param index="6">
              <value>
                <![CDATA[2970076105358]]>
              </value>
            </param>
            <param index="7">
              <value>
                <![CDATA[G0000003395825]]>
              </value>
            </param>
            <param index="8">
              <value>
                <![CDATA[Raina S]]>
              </value>
            </param>
            <param index="9">
              <value>
                <![CDATA[Diet Nutrition]]>
              </value>
            </param>
            <param index="10">
              <value>
                <![CDATA[raina]]>
              </value>
            </param>
            <param index="11">
              <value>
                <![CDATA[KAmeda123$]]>
              </value>
            </param>
            <param index="12">
              <value>
                <![CDATA[admin]]>
              </value>
            </param>
            <param index="13">
              <value>
                <![CDATA[KAmeda123$]]>
              </value>
            </param>
            <param index="14">
              <value>
                <![CDATA[KIMSHEALTH Nagarcoil]]>
              </value>
            </param>
            <param index="15">
              <value>
                <![CDATA[Raina S(raina)]]>
              </value>
            </param>
            <param index="16">
              <value>
                <![CDATA[BiPAP Ventilator]]>
              </value>
            </param>
          </params>
          <reporter-output>
          </reporter-output>
        </test-method> <!-- Patreg -->
        <test-method is-config="true" signature="getResult(org.testng.ITestResult)[pri:0, instance:pagesTestCasesYasasiiWeb.KIMS_NutritionManagement_TestcaseYW@5b7ea70d]" started-at="2025-12-20T17:52:32 IST" name="getResult" finished-at="2025-12-20T17:52:32 IST" duration-ms="1" status="PASS">
          <params>
            <param index="0">
              <value>
                <![CDATA[[TestResult name=Patreg status=SUCCESS method=KIMS_NutritionManagement_TestcaseYW.Patreg(java.lang.String, java.lang.String, java.lang.String, java.lang.String, java.lang.String, java.lang.String, java.lang.String, java.lang.String, java.lang.String, java.lang.String, java.lang.String, java.lang.String, java.lang.String, java.lang.String, java.lang.String, java.lang.String, java.lang.String)[pri:0, instance:pagesTestCasesYasasiiWeb.KIMS_NutritionManagement_TestcaseYW@5b7ea70d] output={null}]]]>
              </value>
            </param>
          </params>
          <reporter-output>
          </reporter-output>
        </test-method> <!-- getResult -->
        <test-method is-config="true" signature="getTestMethodProperties(java.lang.reflect.Method)[pri:0, instance:pagesTestCasesYasasiiWeb.KIMS_NutritionManagement_TestcaseYW@5b7ea70d]" started-at="2025-12-20T17:52:32 IST" name="getTestMethodProperties" finished-at="2025-12-20T17:52:32 IST" duration-ms="1" status="PASS">
          <params>
            <param index="0">
              <value>
                <![CDATA[public void pagesTestCasesYasasiiWeb.KIMS_NutritionManagement_TestcaseYW.investigation(java.lang.String,java.lang.String,java.lang.String,java.lang.String,java.lang.String,java.lang.String,java.lang.String,java.lang.String,java.lang.String,java.lang.String,java.lang.String,java.lang.String,java.lang.String,java.lang.String,java.lang.String,java.lang.String,java.lang.String) throws java.lang.InterruptedException,java.io.IOException,java.awt.AWTException]]>
              </value>
            </param>
          </params>
          <reporter-output>
          </reporter-output>
        </test-method> <!-- getTestMethodProperties -->
        <test-method signature="investigation(java.lang.String, java.lang.String, java.lang.String, java.lang.String, java.lang.String, java.lang.String, java.lang.String, java.lang.String, java.lang.String, java.lang.String, java.lang.String, java.lang.String, java.lang.String, java.lang.String, java.lang.String, java.lang.String, java.lang.String)[pri:1, instance:pagesTestCasesYasasiiWeb.KIMS_NutritionManagement_TestcaseYW@5b7ea70d]" started-at="2025-12-20T17:52:32 IST" name="investigation" data-provider="getData" finished-at="2025-12-20T18:00:27 IST" duration-ms="474258" status="FAIL">
          <params>
            <param index="0">
              <value>
                <![CDATA[Charlie]]>
              </value>
            </param>
            <param index="1">
              <value>
                <![CDATA[K]]>
              </value>
            </param>
            <param index="2">
              <value>
                <![CDATA[50]]>
              </value>
            </param>
            <param index="3">
              <value>
                <![CDATA[2023067589]]>
              </value>
            </param>
            <param index="4">
              <value>
                <![CDATA[KIMS]]>
              </value>
            </param>
            <param index="5">
              <value>
                <![CDATA[24, Rajiv  NAGAR]]>
              </value>
            </param>
            <param index="6">
              <value>
                <![CDATA[2970076105358]]>
              </value>
            </param>
            <param index="7">
              <value>
                <![CDATA[G0000003421625]]>
              </value>
            </param>
            <param index="8">
              <value>
                <![CDATA[Raina S]]>
              </value>
            </param>
            <param index="9">
              <value>
                <![CDATA[Diet Nutrition]]>
              </value>
            </param>
            <param index="10">
              <value>
                <![CDATA[raina]]>
              </value>
            </param>
            <param index="11">
              <value>
                <![CDATA[KAmeda123$]]>
              </value>
            </param>
            <param index="12">
              <value>
                <![CDATA[admin]]>
              </value>
            </param>
            <param index="13">
              <value>
                <![CDATA[KAmeda123$]]>
              </value>
            </param>
            <param index="14">
              <value>
                <![CDATA[KIMSHEALTH Nagarcoil]]>
              </value>
            </param>
            <param index="15">
              <value>
                <![CDATA[Raina S(raina)]]>
              </value>
            </param>
            <param index="16">
              <value>
                <![CDATA[BiPAP Ventilator]]>
              </value>
            </param>
          </params>
          <exception class="org.openqa.selenium.ElementClickInterceptedException">
            <message>
              <![CDATA[element click intercepted: Element <div class="menu-toggle">...</div> is not clickable at point (31, 23). Other element would receive the click: <div _ngcontent-mic-c2="" aria-hidden="false" aria-labelledby="myLargeModalLabel" class="modal ki-dialog fade blockoutside in show" kidialog="" role="dialog" tabindex="-1" aria-modal="true" style="display: block;">...</div>
  (Session info: chrome=143.0.7499.111)
Build info: version: '4.11.0', revision: '040bc5406b'
System info: os.name: 'Windows 10', os.arch: 'amd64', os.version: '10.0', java.version: '17.0.15'
Driver info: org.openqa.selenium.chrome.ChromeDriver
Command: [2b07958f4361dc78a0e1a67b0ffe5e51, clickElement {id=f.D581D97E826DBAF8113468128EAEABBF.d.893A2BEAFD28CDF0D7EB0D9FE28B7CE4.e.2447}]
Capabilities {acceptInsecureCerts: false, browserName: chrome, browserVersion: 143.0.7499.111, chrome: {chromedriverVersion: 142.0.7444.175 (302067f14a4..., userDataDir: C:\Users\swathy\AppData\Loc...}, fedcm:accounts: true, goog:chromeOptions: {debuggerAddress: localhost:50674}, goog:processID: 904, networkConnectionEnabled: false, pageLoadStrategy: normal, platformName: windows, proxy: Proxy(), se:cdp: ws://localhost:50674/devtoo..., se:cdpVersion: 143.0.7499.111, setWindowRect: true, strictFileInteractability: false, timeouts: {implicit: 0, pageLoad: 300000, script: 30000}, unhandledPromptBehavior: dismiss and notify, webauthn:extension:credBlob: true, webauthn:extension:largeBlob: true, webauthn:extension:minPinLength: true, webauthn:extension:prf: true, webauthn:virtualAuthenticators: true}
Element: [[ChromeDriver: chrome on windows (2b07958f4361dc78a0e1a67b0ffe5e51)] -> xpath: //a[@class='nav-link navbar-brand menu']//div[@class='menu-toggle']]
Session ID: 2b07958f4361dc78a0e1a67b0ffe5e51]]>
            </message>
            <full-stacktrace>
              <![CDATA[org.openqa.selenium.ElementClickInterceptedException: element click intercepted: Element <div class="menu-toggle">...</div> is not clickable at point (31, 23). Other element would receive the click: <div _ngcontent-mic-c2="" aria-hidden="false" aria-labelledby="myLargeModalLabel" class="modal ki-dialog fade blockoutside in show" kidialog="" role="dialog" tabindex="-1" aria-modal="true" style="display: block;">...</div>
  (Session info: chrome=143.0.7499.111)
Build info: version: '4.11.0', revision: '040bc5406b'
System info: os.name: 'Windows 10', os.arch: 'amd64', os.version: '10.0', java.version: '17.0.15'
Driver info: org.openqa.selenium.chrome.ChromeDriver
Command: [2b07958f4361dc78a0e1a67b0ffe5e51, clickElement {id=f.D581D97E826DBAF8113468128EAEABBF.d.893A2BEAFD28CDF0D7EB0D9FE28B7CE4.e.2447}]
Capabilities {acceptInsecureCerts: false, browserName: chrome, browserVersion: 143.0.7499.111, chrome: {chromedriverVersion: 142.0.7444.175 (302067f14a4..., userDataDir: C:\Users\swathy\AppData\Loc...}, fedcm:accounts: true, goog:chromeOptions: {debuggerAddress: localhost:50674}, goog:processID: 904, networkConnectionEnabled: false, pageLoadStrategy: normal, platformName: windows, proxy: Proxy(), se:cdp: ws://localhost:50674/devtoo..., se:cdpVersion: 143.0.7499.111, setWindowRect: true, strictFileInteractability: false, timeouts: {implicit: 0, pageLoad: 300000, script: 30000}, unhandledPromptBehavior: dismiss and notify, webauthn:extension:credBlob: true, webauthn:extension:largeBlob: true, webauthn:extension:minPinLength: true, webauthn:extension:prf: true, webauthn:virtualAuthenticators: true}
Element: [[ChromeDriver: chrome on windows (2b07958f4361dc78a0e1a67b0ffe5e51)] -> xpath: //a[@class='nav-link navbar-brand menu']//div[@class='menu-toggle']]
Session ID: 2b07958f4361dc78a0e1a67b0ffe5e51
at java.base/jdk.internal.reflect.NativeConstructorAccessorImpl.newInstance0(Native Method)
at java.base/jdk.internal.reflect.NativeConstructorAccessorImpl.newInstance(NativeConstructorAccessorImpl.java:77)
at java.base/jdk.internal.reflect.DelegatingConstructorAccessorImpl.newInstance(DelegatingConstructorAccessorImpl.java:45)
at java.base/java.lang.reflect.Constructor.newInstanceWithCaller(Constructor.java:500)
at java.base/java.lang.reflect.Constructor.newInstance(Constructor.java:481)
at org.openqa.selenium.remote.codec.w3c.W3CHttpResponseCodec.createException(W3CHttpResponseCodec.java:200)
at org.openqa.selenium.remote.codec.w3c.W3CHttpResponseCodec.decode(W3CHttpResponseCodec.java:133)
at org.openqa.selenium.remote.codec.w3c.W3CHttpResponseCodec.decode(W3CHttpResponseCodec.java:52)
at org.openqa.selenium.remote.HttpCommandExecutor.execute(HttpCommandExecutor.java:191)
at org.openqa.selenium.remote.service.DriverCommandExecutor.invokeExecute(DriverCommandExecutor.java:196)
at org.openqa.selenium.remote.service.DriverCommandExecutor.execute(DriverCommandExecutor.java:171)
at org.openqa.selenium.remote.RemoteWebDriver.execute(RemoteWebDriver.java:518)
at org.openqa.selenium.remote.RemoteWebElement.execute(RemoteWebElement.java:224)
at org.openqa.selenium.remote.RemoteWebElement.click(RemoteWebElement.java:77)
at jdk.internal.reflect.GeneratedMethodAccessor2.invoke(Unknown Source)
at java.base/jdk.internal.reflect.DelegatingMethodAccessorImpl.invoke(DelegatingMethodAccessorImpl.java:43)
at java.base/java.lang.reflect.Method.invoke(Method.java:569)
at org.openqa.selenium.support.pagefactory.internal.LocatingElementHandler.invoke(LocatingElementHandler.java:51)
at jdk.proxy2/jdk.proxy2.$Proxy39.click(Unknown Source)
at pagesOfYasasiiWeb.KIMS_NutritionManagement_Yasasiiweb.BackendBillgeneration(KIMS_NutritionManagement_Yasasiiweb.java:986)
at pagesTestCasesYasasiiWeb.KIMS_NutritionManagement_TestcaseYW.investigation(KIMS_NutritionManagement_TestcaseYW.java:60)
at java.base/jdk.internal.reflect.NativeMethodAccessorImpl.invoke0(Native Method)
at java.base/jdk.internal.reflect.NativeMethodAccessorImpl.invoke(NativeMethodAccessorImpl.java:77)
at java.base/jdk.internal.reflect.DelegatingMethodAccessorImpl.invoke(DelegatingMethodAccessorImpl.java:43)
at java.base/java.lang.reflect.Method.invoke(Method.java:569)
at org.testng.internal.MethodInvocationHelper.invokeMethod(MethodInvocationHelper.java:132)
at org.testng.internal.TestInvoker.invokeMethod(TestInvoker.java:599)
at org.testng.internal.TestInvoker.invokeTestMethod(TestInvoker.java:174)
at org.testng.internal.MethodRunner.runInSequence(MethodRunner.java:46)
at org.testng.internal.TestInvoker$MethodInvocationAgent.invoke(TestInvoker.java:822)
at org.testng.internal.TestInvoker.invokeTestMethods(TestInvoker.java:147)
at org.testng.internal.TestMethodWorker.invokeTestMethods(TestMethodWorker.java:146)
at org.testng.internal.TestMethodWorker.run(TestMethodWorker.java:128)
at java.base/java.util.ArrayList.forEach(ArrayList.java:1511)
at org.testng.TestRunner.privateRun(TestRunner.java:764)
at org.testng.TestRunner.run(TestRunner.java:585)
at org.testng.SuiteRunner.runTest(SuiteRunner.java:384)
at org.testng.SuiteRunner.runSequentially(SuiteRunner.java:378)
at org.testng.SuiteRunner.privateRun(SuiteRunner.java:337)
at org.testng.SuiteRunner.run(SuiteRunner.java:286)
at org.testng.SuiteRunnerWorker.runSuite(SuiteRunnerWorker.java:53)
at org.testng.SuiteRunnerWorker.run(SuiteRunnerWorker.java:96)
at org.testng.TestNG.runSuitesSequentially(TestNG.java:1218)
at org.testng.TestNG.runSuitesLocally(TestNG.java:1140)
at org.testng.TestNG.runSuites(TestNG.java:1069)
at org.testng.TestNG.run(TestNG.java:1037)
at org.testng.remote.AbstractRemoteTestNG.run(AbstractRemoteTestNG.java:115)
at org.testng.remote.RemoteTestNG.initAndRun(RemoteTestNG.java:293)
at org.testng.remote.RemoteTestNG.main(RemoteTestNG.java:91)
]]>
            </full-stacktrace>
          </exception> <!-- org.openqa.selenium.ElementClickInterceptedException -->
          <reporter-output>
          </reporter-output>
        </test-method> <!-- investigation -->
        <test-method is-config="true" signature="getResult(org.testng.ITestResult)[pri:0, instance:pagesTestCasesYasasiiWeb.KIMS_NutritionManagement_TestcaseYW@5b7ea70d]" started-at="2025-12-20T18:00:27 IST" name="getResult" finished-at="2025-12-20T18:00:27 IST" duration-ms="399" status="PASS">
          <params>
            <param index="0">
              <value>
                <![CDATA[[TestResult name=investigation status=FAILURE method=KIMS_NutritionManagement_TestcaseYW.investigation(java.lang.String, java.lang.String, java.lang.String, java.lang.String, java.lang.String, java.lang.String, java.lang.String, java.lang.String, java.lang.String, java.lang.String, java.lang.String, java.lang.String, java.lang.String, java.lang.String, java.lang.String, java.lang.String, java.lang.String)[pri:1, instance:pagesTestCasesYasasiiWeb.KIMS_NutritionManagement_TestcaseYW@5b7ea70d] output={null}]]]>
              </value>
            </param>
          </params>
          <reporter-output>
          </reporter-output>
        </test-method> <!-- getResult -->
        <test-method is-config="true" signature="logout()[pri:0, instance:pagesTestCasesYasasiiWeb.KIMS_NutritionManagement_TestcaseYW@5b7ea70d]" started-at="2025-12-20T18:00:27 IST" name="logout" finished-at="2025-12-20T18:00:45 IST" duration-ms="17776" status="PASS">
          <reporter-output>
          </reporter-output>
        </test-method> <!-- logout -->
        <test-method is-config="true" signature="extentReportEnd()[pri:0, instance:pagesTestCasesYasasiiWeb.KIMS_NutritionManagement_TestcaseYW@5b7ea70d]" started-at="2025-12-20T18:00:46 IST" name="extentReportEnd" finished-at="2025-12-20T18:00:47 IST" duration-ms="510" status="PASS">
          <reporter-output>
          </reporter-output>
        </test-method> <!-- extentReportEnd -->
      </class> <!-- pagesTestCasesYasasiiWeb.KIMS_NutritionManagement_TestcaseYW -->
    </test> <!-- Default test -->
  </suite> <!-- Default suite -->
</testng-results>
