<?xml version="1.0" encoding="UTF-8"?>
<testng-results ignored="0" total="4" passed="0" failed="1" skipped="3">
  <reporter-output>
  </reporter-output>
  <suite started-at="2025-12-06T15:25:06 IST" name="Default suite" finished-at="2025-12-06T15:25:35 IST" duration-ms="28730">
    <groups>
    </groups>
    <test started-at="2025-12-06T15:25:06 IST" name="Default test" finished-at="2025-12-06T15:25:35 IST" duration-ms="28730">
      <class name="pagesTestCasesYasasiiWeb.KIMS_ORFlowTestCases">
        <test-method is-config="true" signature="setup()[pri:0, instance:pagesTestCasesYasasiiWeb.KIMS_ORFlowTestCases@652a7737]" started-at="2025-12-06T15:25:00 IST" name="setup" finished-at="2025-12-06T15:25:06 IST" duration-ms="6270" status="PASS">
          <reporter-output>
          </reporter-output>
        </test-method> <!-- setup -->
        <test-method is-config="true" signature="startTest()[pri:0, instance:pagesTestCasesYasasiiWeb.KIMS_ORFlowTestCases@652a7737]" started-at="2025-12-06T15:25:06 IST" name="startTest" finished-at="2025-12-06T15:25:06 IST" duration-ms="206" status="PASS">
          <reporter-output>
          </reporter-output>
        </test-method> <!-- startTest -->
        <test-method is-config="true" signature="navigateFOPage()[pri:0, instance:pagesTestCasesYasasiiWeb.KIMS_ORFlowTestCases@652a7737]" started-at="2025-12-06T15:25:06 IST" name="navigateFOPage" finished-at="2025-12-06T15:25:19 IST" duration-ms="12484" status="PASS">
          <reporter-output>
          </reporter-output>
        </test-method> <!-- navigateFOPage -->
        <test-method is-config="true" signature="getTestMethodProperties(java.lang.reflect.Method)[pri:0, instance:pagesTestCasesYasasiiWeb.KIMS_ORFlowTestCases@652a7737]" started-at="2025-12-06T15:25:19 IST" name="getTestMethodProperties" finished-at="2025-12-06T15:25:19 IST" duration-ms="5" status="PASS">
          <params>
            <param index="0">
              <value>
                <![CDATA[public void pagesTestCasesYasasiiWeb.KIMS_ORFlowTestCases.foReg(java.lang.String,java.lang.String,java.lang.String,java.lang.String,java.lang.String,java.lang.String,java.lang.String,java.lang.String,java.lang.String,java.lang.String,java.lang.String,java.lang.String,java.lang.String,java.lang.String,java.lang.String,java.lang.String,java.lang.String,java.lang.String,java.lang.String,java.lang.String,java.lang.String,java.lang.String,java.lang.String,java.lang.String,java.lang.String,java.lang.String,java.lang.String,java.lang.String,java.lang.String,java.lang.String,java.lang.String) throws java.lang.InterruptedException,java.io.IOException,java.awt.AWTException]]>
              </value>
            </param>
          </params>
          <reporter-output>
          </reporter-output>
        </test-method> <!-- getTestMethodProperties -->
        <test-method signature="foReg(java.lang.String, java.lang.String, java.lang.String, java.lang.String, java.lang.String, java.lang.String, java.lang.String, java.lang.String, java.lang.String, java.lang.String, java.lang.String, java.lang.String, java.lang.String, java.lang.String, java.lang.String, java.lang.String, java.lang.String, java.lang.String, java.lang.String, java.lang.String, java.lang.String, java.lang.String, java.lang.String, java.lang.String, java.lang.String, java.lang.String, java.lang.String, java.lang.String, java.lang.String, java.lang.String, java.lang.String)[pri:1, instance:pagesTestCasesYasasiiWeb.KIMS_ORFlowTestCases@652a7737]" started-at="2025-12-06T15:25:19 IST" name="foReg" data-provider="getData" finished-at="2025-12-06T15:25:34 IST" duration-ms="15290" status="FAIL">
          <params>
            <param index="0">
              <value>
                <![CDATA[BariatricsurgeryA]]>
              </value>
            </param>
            <param index="1">
              <value>
                <![CDATA[Bariatric Pref A]]>
              </value>
            </param>
            <param index="2">
              <value>
                <![CDATA[Bariatric Rule A]]>
              </value>
            </param>
            <param index="3">
              <value>
                <![CDATA[Farina]]>
              </value>
            </param>
            <param index="4">
              <value>
                <![CDATA[A]]>
              </value>
            </param>
            <param index="5">
              <value>
                <![CDATA[50]]>
              </value>
            </param>
            <param index="6">
              <value>
                <![CDATA[2023567589]]>
              </value>
            </param>
            <param index="7">
              <value>
                <![CDATA[KIMS]]>
              </value>
            </param>
            <param index="8">
              <value>
                <![CDATA[24, Rajiv  NAGAR]]>
              </value>
            </param>
            <param index="9">
              <value>
                <![CDATA[2902576105645]]>
              </value>
            </param>
            <param index="10">
              <value>
                <![CDATA[G0000001651625]]>
              </value>
            </param>
            <param index="11">
              <value>
                <![CDATA[Raina S]]>
              </value>
            </param>
            <param index="12">
              <value>
                <![CDATA[Gynecological Surgery]]>
              </value>
            </param>
            <param index="13">
              <value>
                <![CDATA[Raina S]]>
              </value>
            </param>
            <param index="14">
              <value>
                <![CDATA[raina]]>
              </value>
            </param>
            <param index="15">
              <value>
                <![CDATA[KAmeda123$]]>
              </value>
            </param>
            <param index="16">
              <value>
                <![CDATA[admin]]>
              </value>
            </param>
            <param index="17">
              <value>
                <![CDATA[KAmeda123$]]>
              </value>
            </param>
            <param index="18">
              <value>
                <![CDATA[KIMSHEALTH Nagarcoil]]>
              </value>
            </param>
            <param index="19">
              <value>
                <![CDATA[ALTHROCIN 250MG TAB]]>
              </value>
            </param>
            <param index="20">
              <value>
                <![CDATA[Prethesh Raaj T(NGL18086)]]>
              </value>
            </param>
            <param index="21">
              <value>
                <![CDATA[sam]]>
              </value>
            </param>
            <param index="22">
              <value>
                <![CDATA[KAmeda123$]]>
              </value>
            </param>
            <param index="23">
              <value>
                <![CDATA[kanmani]]>
              </value>
            </param>
            <param index="24">
              <value>
                <![CDATA[KAmeda123$]]>
              </value>
            </param>
            <param index="25">
              <value>
                <![CDATA[Nur001]]>
              </value>
            </param>
            <param index="26">
              <value>
                <![CDATA[KAmeda123$]]>
              </value>
            </param>
            <param index="27">
              <value>
                <![CDATA[NGL18086]]>
              </value>
            </param>
            <param index="28">
              <value>
                <![CDATA[KAmeda123$]]>
              </value>
            </param>
            <param index="29">
              <value>
                <![CDATA[10IND_00000000031425]]>
              </value>
            </param>
            <param index="30">
              <value>
                <![CDATA[10IND_00000000031525]]>
              </value>
            </param>
          </params>
          <exception class="org.openqa.selenium.NoSuchElementException">
            <message>
              <![CDATA[Unable to find element with locator By.xpath: //input[@id='lastname']
For documentation on this error, please visit: https://www.selenium.dev/documentation/webdriver/troubleshooting/errors#no-such-element-exception
Build info: version: '4.11.0', revision: '040bc5406b'
System info: os.name: 'Windows 10', os.arch: 'amd64', os.version: '10.0', java.version: '17.0.7'
Driver info: driver.version: RemoteWebDriver]]>
            </message>
            <full-stacktrace>
              <![CDATA[org.openqa.selenium.NoSuchElementException: Unable to find element with locator By.xpath: //input[@id='lastname']
For documentation on this error, please visit: https://www.selenium.dev/documentation/webdriver/troubleshooting/errors#no-such-element-exception
Build info: version: '4.11.0', revision: '040bc5406b'
System info: os.name: 'Windows 10', os.arch: 'amd64', os.version: '10.0', java.version: '17.0.7'
Driver info: driver.version: RemoteWebDriver
at org.openqa.selenium.remote.ElementLocation$ElementFinder$2.findElement(ElementLocation.java:168)
at org.openqa.selenium.remote.ElementLocation.findElement(ElementLocation.java:59)
at org.openqa.selenium.remote.RemoteWebDriver.findElement(RemoteWebDriver.java:355)
at org.openqa.selenium.remote.RemoteWebDriver.findElement(RemoteWebDriver.java:349)
at org.openqa.selenium.support.pagefactory.DefaultElementLocator.findElement(DefaultElementLocator.java:68)
at org.openqa.selenium.support.pagefactory.internal.LocatingElementHandler.invoke(LocatingElementHandler.java:38)
at jdk.proxy2/jdk.proxy2.$Proxy39.sendKeys(Unknown Source)
at pagesOfYasasiiWeb.KIMS_ORFlow_Yasasiiweb.patReg(KIMS_ORFlow_Yasasiiweb.java:1848)
at pagesTestCasesYasasiiWeb.KIMS_ORFlowTestCases.foReg(KIMS_ORFlowTestCases.java:60)
at java.base/jdk.internal.reflect.NativeMethodAccessorImpl.invoke0(Native Method)
at java.base/jdk.internal.reflect.NativeMethodAccessorImpl.invoke(NativeMethodAccessorImpl.java:77)
at java.base/jdk.internal.reflect.DelegatingMethodAccessorImpl.invoke(DelegatingMethodAccessorImpl.java:43)
at java.base/java.lang.reflect.Method.invoke(Method.java:568)
at org.testng.internal.MethodInvocationHelper.invokeMethod(MethodInvocationHelper.java:132)
at org.testng.internal.TestInvoker.invokeMethod(TestInvoker.java:599)
at org.testng.internal.TestInvoker.invokeTestMethod(TestInvoker.java:174)
at org.testng.internal.MethodRunner.runInSequence(MethodRunner.java:46)
at org.testng.internal.TestInvoker$MethodInvocationAgent.invoke(TestInvoker.java:822)
at org.testng.internal.TestInvoker.invokeTestMethods(TestInvoker.java:147)
at org.testng.internal.TestMethodWorker.invokeTestMethods(TestMethodWorker.java:146)
at org.testng.internal.TestMethodWorker.run(TestMethodWorker.java:128)
at java.base/java.util.ArrayList.forEach(ArrayList.java:1511)
at org.testng.TestRunner.privateRun(TestRunner.java:764)
at org.testng.TestRunner.run(TestRunner.java:585)
at org.testng.SuiteRunner.runTest(SuiteRunner.java:384)
at org.testng.SuiteRunner.runSequentially(SuiteRunner.java:378)
at org.testng.SuiteRunner.privateRun(SuiteRunner.java:337)
at org.testng.SuiteRunner.run(SuiteRunner.java:286)
at org.testng.SuiteRunnerWorker.runSuite(SuiteRunnerWorker.java:53)
at org.testng.SuiteRunnerWorker.run(SuiteRunnerWorker.java:96)
at org.testng.TestNG.runSuitesSequentially(TestNG.java:1218)
at org.testng.TestNG.runSuitesLocally(TestNG.java:1140)
at org.testng.TestNG.runSuites(TestNG.java:1069)
at org.testng.TestNG.run(TestNG.java:1037)
at org.testng.remote.AbstractRemoteTestNG.run(AbstractRemoteTestNG.java:115)
at org.testng.remote.RemoteTestNG.initAndRun(RemoteTestNG.java:293)
at org.testng.remote.RemoteTestNG.main(RemoteTestNG.java:91)
]]>
            </full-stacktrace>
          </exception> <!-- org.openqa.selenium.NoSuchElementException -->
          <reporter-output>
          </reporter-output>
        </test-method> <!-- foReg -->
        <test-method is-config="true" signature="getResult(org.testng.ITestResult)[pri:0, instance:pagesTestCasesYasasiiWeb.KIMS_ORFlowTestCases@652a7737]" started-at="2025-12-06T15:25:34 IST" name="getResult" finished-at="2025-12-06T15:25:34 IST" duration-ms="50" status="FAIL">
          <params>
            <param index="0">
              <value>
                <![CDATA[[TestResult name=foReg status=FAILURE method=KIMS_ORFlowTestCases.foReg(java.lang.String, java.lang.String, java.lang.String, java.lang.String, java.lang.String, java.lang.String, java.lang.String, java.lang.String, java.lang.String, java.lang.String, java.lang.String, java.lang.String, java.lang.String, java.lang.String, java.lang.String, java.lang.String, java.lang.String, java.lang.String, java.lang.String, java.lang.String, java.lang.String, java.lang.String, java.lang.String, java.lang.String, java.lang.String, java.lang.String, java.lang.String, java.lang.String, java.lang.String, java.lang.String, java.lang.String)[pri:1, instance:pagesTestCasesYasasiiWeb.KIMS_ORFlowTestCases@652a7737] output={null}]]]>
              </value>
            </param>
          </params>
          <exception class="java.lang.NullPointerException">
            <message>
              <![CDATA[Cannot invoke "String.indexOf(String)" because "path" is null]]>
            </message>
            <full-stacktrace>
              <![CDATA[java.lang.NullPointerException: Cannot invoke "String.indexOf(String)" because "path" is null
at com.relevantcodes.extentreports.ExtentTest.isPathRelative(ExtentTest.java:502)
at com.relevantcodes.extentreports.ExtentTest.addScreenCapture(ExtentTest.java:287)
at com.baseYasasiiWeb.TestBaseYasasiiWeb.getResult(TestBaseYasasiiWeb.java:215)
at java.base/jdk.internal.reflect.NativeMethodAccessorImpl.invoke0(Native Method)
at java.base/jdk.internal.reflect.NativeMethodAccessorImpl.invoke(NativeMethodAccessorImpl.java:77)
at java.base/jdk.internal.reflect.DelegatingMethodAccessorImpl.invoke(DelegatingMethodAccessorImpl.java:43)
at java.base/java.lang.reflect.Method.invoke(Method.java:568)
at org.testng.internal.MethodInvocationHelper.invokeMethod(MethodInvocationHelper.java:132)
at org.testng.internal.MethodInvocationHelper.invokeMethodConsideringTimeout(MethodInvocationHelper.java:61)
at org.testng.internal.ConfigInvoker.invokeConfigurationMethod(ConfigInvoker.java:366)
at org.testng.internal.ConfigInvoker.invokeConfigurations(ConfigInvoker.java:320)
at org.testng.internal.TestInvoker.runConfigMethods(TestInvoker.java:701)
at org.testng.internal.TestInvoker.runAfterGroupsConfigurations(TestInvoker.java:677)
at org.testng.internal.TestInvoker.invokeMethod(TestInvoker.java:661)
at org.testng.internal.TestInvoker.invokeTestMethod(TestInvoker.java:174)
at org.testng.internal.MethodRunner.runInSequence(MethodRunner.java:46)
at org.testng.internal.TestInvoker$MethodInvocationAgent.invoke(TestInvoker.java:822)
at org.testng.internal.TestInvoker.invokeTestMethods(TestInvoker.java:147)
at org.testng.internal.TestMethodWorker.invokeTestMethods(TestMethodWorker.java:146)
at org.testng.internal.TestMethodWorker.run(TestMethodWorker.java:128)
at java.base/java.util.ArrayList.forEach(ArrayList.java:1511)
at org.testng.TestRunner.privateRun(TestRunner.java:764)
at org.testng.TestRunner.run(TestRunner.java:585)
at org.testng.SuiteRunner.runTest(SuiteRunner.java:384)
at org.testng.SuiteRunner.runSequentially(SuiteRunner.java:378)
at org.testng.SuiteRunner.privateRun(SuiteRunner.java:337)
at org.testng.SuiteRunner.run(SuiteRunner.java:286)
at org.testng.SuiteRunnerWorker.runSuite(SuiteRunnerWorker.java:53)
at org.testng.SuiteRunnerWorker.run(SuiteRunnerWorker.java:96)
at org.testng.TestNG.runSuitesSequentially(TestNG.java:1218)
at org.testng.TestNG.runSuitesLocally(TestNG.java:1140)
at org.testng.TestNG.runSuites(TestNG.java:1069)
at org.testng.TestNG.run(TestNG.java:1037)
at org.testng.remote.AbstractRemoteTestNG.run(AbstractRemoteTestNG.java:115)
at org.testng.remote.RemoteTestNG.initAndRun(RemoteTestNG.java:293)
at org.testng.remote.RemoteTestNG.main(RemoteTestNG.java:91)
]]>
            </full-stacktrace>
          </exception> <!-- java.lang.NullPointerException -->
          <reporter-output>
          </reporter-output>
        </test-method> <!-- getResult -->
        <test-method is-config="true" signature="getTestMethodProperties(java.lang.reflect.Method)[pri:0, instance:pagesTestCasesYasasiiWeb.KIMS_ORFlowTestCases@652a7737]" started-at="2025-12-06T15:25:34 IST" name="getTestMethodProperties" finished-at="1970-01-01T05:30:00 IST" duration-ms="-1765014934820" status="SKIP">
          <reporter-output>
          </reporter-output>
        </test-method> <!-- getTestMethodProperties -->
        <test-method signature="doc(java.lang.String, java.lang.String, java.lang.String, java.lang.String, java.lang.String, java.lang.String, java.lang.String, java.lang.String, java.lang.String, java.lang.String, java.lang.String, java.lang.String, java.lang.String, java.lang.String, java.lang.String, java.lang.String, java.lang.String, java.lang.String, java.lang.String, java.lang.String, java.lang.String, java.lang.String, java.lang.String, java.lang.String, java.lang.String, java.lang.String, java.lang.String, java.lang.String, java.lang.String, java.lang.String, java.lang.String)[pri:2, instance:pagesTestCasesYasasiiWeb.KIMS_ORFlowTestCases@652a7737]" started-at="2025-12-06T15:25:34 IST" name="doc" data-provider="getData" finished-at="2025-12-06T15:25:34 IST" duration-ms="0" status="SKIP">
          <params>
            <param index="0">
              <value>
                <![CDATA[BariatricsurgeryA]]>
              </value>
            </param>
            <param index="1">
              <value>
                <![CDATA[Bariatric Pref A]]>
              </value>
            </param>
            <param index="2">
              <value>
                <![CDATA[Bariatric Rule A]]>
              </value>
            </param>
            <param index="3">
              <value>
                <![CDATA[Farina]]>
              </value>
            </param>
            <param index="4">
              <value>
                <![CDATA[A]]>
              </value>
            </param>
            <param index="5">
              <value>
                <![CDATA[50]]>
              </value>
            </param>
            <param index="6">
              <value>
                <![CDATA[2023567589]]>
              </value>
            </param>
            <param index="7">
              <value>
                <![CDATA[KIMS]]>
              </value>
            </param>
            <param index="8">
              <value>
                <![CDATA[24, Rajiv  NAGAR]]>
              </value>
            </param>
            <param index="9">
              <value>
                <![CDATA[2902576105645]]>
              </value>
            </param>
            <param index="10">
              <value>
                <![CDATA[G0000001651625]]>
              </value>
            </param>
            <param index="11">
              <value>
                <![CDATA[Raina S]]>
              </value>
            </param>
            <param index="12">
              <value>
                <![CDATA[Gynecological Surgery]]>
              </value>
            </param>
            <param index="13">
              <value>
                <![CDATA[Raina S]]>
              </value>
            </param>
            <param index="14">
              <value>
                <![CDATA[raina]]>
              </value>
            </param>
            <param index="15">
              <value>
                <![CDATA[KAmeda123$]]>
              </value>
            </param>
            <param index="16">
              <value>
                <![CDATA[admin]]>
              </value>
            </param>
            <param index="17">
              <value>
                <![CDATA[KAmeda123$]]>
              </value>
            </param>
            <param index="18">
              <value>
                <![CDATA[KIMSHEALTH Nagarcoil]]>
              </value>
            </param>
            <param index="19">
              <value>
                <![CDATA[ALTHROCIN 250MG TAB]]>
              </value>
            </param>
            <param index="20">
              <value>
                <![CDATA[Prethesh Raaj T(NGL18086)]]>
              </value>
            </param>
            <param index="21">
              <value>
                <![CDATA[sam]]>
              </value>
            </param>
            <param index="22">
              <value>
                <![CDATA[KAmeda123$]]>
              </value>
            </param>
            <param index="23">
              <value>
                <![CDATA[kanmani]]>
              </value>
            </param>
            <param index="24">
              <value>
                <![CDATA[KAmeda123$]]>
              </value>
            </param>
            <param index="25">
              <value>
                <![CDATA[Nur001]]>
              </value>
            </param>
            <param index="26">
              <value>
                <![CDATA[KAmeda123$]]>
              </value>
            </param>
            <param index="27">
              <value>
                <![CDATA[NGL18086]]>
              </value>
            </param>
            <param index="28">
              <value>
                <![CDATA[KAmeda123$]]>
              </value>
            </param>
            <param index="29">
              <value>
                <![CDATA[10IND_00000000031425]]>
              </value>
            </param>
            <param index="30">
              <value>
                <![CDATA[10IND_00000000031525]]>
              </value>
            </param>
          </params>
          <exception class="java.lang.NullPointerException">
            <message>
              <![CDATA[Cannot invoke "String.indexOf(String)" because "path" is null]]>
            </message>
            <full-stacktrace>
              <![CDATA[java.lang.NullPointerException: Cannot invoke "String.indexOf(String)" because "path" is null
at com.relevantcodes.extentreports.ExtentTest.isPathRelative(ExtentTest.java:502)
at com.relevantcodes.extentreports.ExtentTest.addScreenCapture(ExtentTest.java:287)
at com.baseYasasiiWeb.TestBaseYasasiiWeb.getResult(TestBaseYasasiiWeb.java:215)
at java.base/jdk.internal.reflect.NativeMethodAccessorImpl.invoke0(Native Method)
at java.base/jdk.internal.reflect.NativeMethodAccessorImpl.invoke(NativeMethodAccessorImpl.java:77)
at java.base/jdk.internal.reflect.DelegatingMethodAccessorImpl.invoke(DelegatingMethodAccessorImpl.java:43)
at java.base/java.lang.reflect.Method.invoke(Method.java:568)
at org.testng.internal.MethodInvocationHelper.invokeMethod(MethodInvocationHelper.java:132)
at org.testng.internal.MethodInvocationHelper.invokeMethodConsideringTimeout(MethodInvocationHelper.java:61)
at org.testng.internal.ConfigInvoker.invokeConfigurationMethod(ConfigInvoker.java:366)
at org.testng.internal.ConfigInvoker.invokeConfigurations(ConfigInvoker.java:320)
at org.testng.internal.TestInvoker.runConfigMethods(TestInvoker.java:701)
at org.testng.internal.TestInvoker.runAfterGroupsConfigurations(TestInvoker.java:677)
at org.testng.internal.TestInvoker.invokeMethod(TestInvoker.java:661)
at org.testng.internal.TestInvoker.invokeTestMethod(TestInvoker.java:174)
at org.testng.internal.MethodRunner.runInSequence(MethodRunner.java:46)
at org.testng.internal.TestInvoker$MethodInvocationAgent.invoke(TestInvoker.java:822)
at org.testng.internal.TestInvoker.invokeTestMethods(TestInvoker.java:147)
at org.testng.internal.TestMethodWorker.invokeTestMethods(TestMethodWorker.java:146)
at org.testng.internal.TestMethodWorker.run(TestMethodWorker.java:128)
at java.base/java.util.ArrayList.forEach(ArrayList.java:1511)
at org.testng.TestRunner.privateRun(TestRunner.java:764)
at org.testng.TestRunner.run(TestRunner.java:585)
at org.testng.SuiteRunner.runTest(SuiteRunner.java:384)
at org.testng.SuiteRunner.runSequentially(SuiteRunner.java:378)
at org.testng.SuiteRunner.privateRun(SuiteRunner.java:337)
at org.testng.SuiteRunner.run(SuiteRunner.java:286)
at org.testng.SuiteRunnerWorker.runSuite(SuiteRunnerWorker.java:53)
at org.testng.SuiteRunnerWorker.run(SuiteRunnerWorker.java:96)
at org.testng.TestNG.runSuitesSequentially(TestNG.java:1218)
at org.testng.TestNG.runSuitesLocally(TestNG.java:1140)
at org.testng.TestNG.runSuites(TestNG.java:1069)
at org.testng.TestNG.run(TestNG.java:1037)
at org.testng.remote.AbstractRemoteTestNG.run(AbstractRemoteTestNG.java:115)
at org.testng.remote.RemoteTestNG.initAndRun(RemoteTestNG.java:293)
at org.testng.remote.RemoteTestNG.main(RemoteTestNG.java:91)
]]>
            </full-stacktrace>
          </exception> <!-- java.lang.NullPointerException -->
          <reporter-output>
          </reporter-output>
        </test-method> <!-- doc -->
        <test-method is-config="true" signature="getResult(org.testng.ITestResult)[pri:0, instance:pagesTestCasesYasasiiWeb.KIMS_ORFlowTestCases@652a7737]" started-at="2025-12-06T15:25:34 IST" name="getResult" finished-at="1970-01-01T05:30:00 IST" duration-ms="-1765014934841" status="SKIP">
          <reporter-output>
          </reporter-output>
        </test-method> <!-- getResult -->
        <test-method is-config="true" signature="getTestMethodProperties(java.lang.reflect.Method)[pri:0, instance:pagesTestCasesYasasiiWeb.KIMS_ORFlowTestCases@652a7737]" started-at="2025-12-06T15:25:34 IST" name="getTestMethodProperties" finished-at="1970-01-01T05:30:00 IST" duration-ms="-1765014934944" status="SKIP">
          <reporter-output>
          </reporter-output>
        </test-method> <!-- getTestMethodProperties -->
        <test-method signature="or(java.lang.String, java.lang.String, java.lang.String, java.lang.String, java.lang.String, java.lang.String, java.lang.String, java.lang.String, java.lang.String, java.lang.String, java.lang.String, java.lang.String, java.lang.String, java.lang.String, java.lang.String, java.lang.String, java.lang.String, java.lang.String, java.lang.String, java.lang.String, java.lang.String, java.lang.String, java.lang.String, java.lang.String, java.lang.String, java.lang.String, java.lang.String, java.lang.String, java.lang.String, java.lang.String, java.lang.String)[pri:3, instance:pagesTestCasesYasasiiWeb.KIMS_ORFlowTestCases@652a7737]" started-at="2025-12-06T15:25:34 IST" name="or" data-provider="getData" finished-at="2025-12-06T15:25:34 IST" duration-ms="0" status="SKIP">
          <params>
            <param index="0">
              <value>
                <![CDATA[BariatricsurgeryA]]>
              </value>
            </param>
            <param index="1">
              <value>
                <![CDATA[Bariatric Pref A]]>
              </value>
            </param>
            <param index="2">
              <value>
                <![CDATA[Bariatric Rule A]]>
              </value>
            </param>
            <param index="3">
              <value>
                <![CDATA[Farina]]>
              </value>
            </param>
            <param index="4">
              <value>
                <![CDATA[A]]>
              </value>
            </param>
            <param index="5">
              <value>
                <![CDATA[50]]>
              </value>
            </param>
            <param index="6">
              <value>
                <![CDATA[2023567589]]>
              </value>
            </param>
            <param index="7">
              <value>
                <![CDATA[KIMS]]>
              </value>
            </param>
            <param index="8">
              <value>
                <![CDATA[24, Rajiv  NAGAR]]>
              </value>
            </param>
            <param index="9">
              <value>
                <![CDATA[2902576105645]]>
              </value>
            </param>
            <param index="10">
              <value>
                <![CDATA[G0000001651625]]>
              </value>
            </param>
            <param index="11">
              <value>
                <![CDATA[Raina S]]>
              </value>
            </param>
            <param index="12">
              <value>
                <![CDATA[Gynecological Surgery]]>
              </value>
            </param>
            <param index="13">
              <value>
                <![CDATA[Raina S]]>
              </value>
            </param>
            <param index="14">
              <value>
                <![CDATA[raina]]>
              </value>
            </param>
            <param index="15">
              <value>
                <![CDATA[KAmeda123$]]>
              </value>
            </param>
            <param index="16">
              <value>
                <![CDATA[admin]]>
              </value>
            </param>
            <param index="17">
              <value>
                <![CDATA[KAmeda123$]]>
              </value>
            </param>
            <param index="18">
              <value>
                <![CDATA[KIMSHEALTH Nagarcoil]]>
              </value>
            </param>
            <param index="19">
              <value>
                <![CDATA[ALTHROCIN 250MG TAB]]>
              </value>
            </param>
            <param index="20">
              <value>
                <![CDATA[Prethesh Raaj T(NGL18086)]]>
              </value>
            </param>
            <param index="21">
              <value>
                <![CDATA[sam]]>
              </value>
            </param>
            <param index="22">
              <value>
                <![CDATA[KAmeda123$]]>
              </value>
            </param>
            <param index="23">
              <value>
                <![CDATA[kanmani]]>
              </value>
            </param>
            <param index="24">
              <value>
                <![CDATA[KAmeda123$]]>
              </value>
            </param>
            <param index="25">
              <value>
                <![CDATA[Nur001]]>
              </value>
            </param>
            <param index="26">
              <value>
                <![CDATA[KAmeda123$]]>
              </value>
            </param>
            <param index="27">
              <value>
                <![CDATA[NGL18086]]>
              </value>
            </param>
            <param index="28">
              <value>
                <![CDATA[KAmeda123$]]>
              </value>
            </param>
            <param index="29">
              <value>
                <![CDATA[10IND_00000000031425]]>
              </value>
            </param>
            <param index="30">
              <value>
                <![CDATA[10IND_00000000031525]]>
              </value>
            </param>
          </params>
          <exception class="java.lang.NullPointerException">
            <message>
              <![CDATA[Cannot invoke "String.indexOf(String)" because "path" is null]]>
            </message>
            <full-stacktrace>
              <![CDATA[java.lang.NullPointerException: Cannot invoke "String.indexOf(String)" because "path" is null
at com.relevantcodes.extentreports.ExtentTest.isPathRelative(ExtentTest.java:502)
at com.relevantcodes.extentreports.ExtentTest.addScreenCapture(ExtentTest.java:287)
at com.baseYasasiiWeb.TestBaseYasasiiWeb.getResult(TestBaseYasasiiWeb.java:215)
at java.base/jdk.internal.reflect.NativeMethodAccessorImpl.invoke0(Native Method)
at java.base/jdk.internal.reflect.NativeMethodAccessorImpl.invoke(NativeMethodAccessorImpl.java:77)
at java.base/jdk.internal.reflect.DelegatingMethodAccessorImpl.invoke(DelegatingMethodAccessorImpl.java:43)
at java.base/java.lang.reflect.Method.invoke(Method.java:568)
at org.testng.internal.MethodInvocationHelper.invokeMethod(MethodInvocationHelper.java:132)
at org.testng.internal.MethodInvocationHelper.invokeMethodConsideringTimeout(MethodInvocationHelper.java:61)
at org.testng.internal.ConfigInvoker.invokeConfigurationMethod(ConfigInvoker.java:366)
at org.testng.internal.ConfigInvoker.invokeConfigurations(ConfigInvoker.java:320)
at org.testng.internal.TestInvoker.runConfigMethods(TestInvoker.java:701)
at org.testng.internal.TestInvoker.runAfterGroupsConfigurations(TestInvoker.java:677)
at org.testng.internal.TestInvoker.invokeMethod(TestInvoker.java:661)
at org.testng.internal.TestInvoker.invokeTestMethod(TestInvoker.java:174)
at org.testng.internal.MethodRunner.runInSequence(MethodRunner.java:46)
at org.testng.internal.TestInvoker$MethodInvocationAgent.invoke(TestInvoker.java:822)
at org.testng.internal.TestInvoker.invokeTestMethods(TestInvoker.java:147)
at org.testng.internal.TestMethodWorker.invokeTestMethods(TestMethodWorker.java:146)
at org.testng.internal.TestMethodWorker.run(TestMethodWorker.java:128)
at java.base/java.util.ArrayList.forEach(ArrayList.java:1511)
at org.testng.TestRunner.privateRun(TestRunner.java:764)
at org.testng.TestRunner.run(TestRunner.java:585)
at org.testng.SuiteRunner.runTest(SuiteRunner.java:384)
at org.testng.SuiteRunner.runSequentially(SuiteRunner.java:378)
at org.testng.SuiteRunner.privateRun(SuiteRunner.java:337)
at org.testng.SuiteRunner.run(SuiteRunner.java:286)
at org.testng.SuiteRunnerWorker.runSuite(SuiteRunnerWorker.java:53)
at org.testng.SuiteRunnerWorker.run(SuiteRunnerWorker.java:96)
at org.testng.TestNG.runSuitesSequentially(TestNG.java:1218)
at org.testng.TestNG.runSuitesLocally(TestNG.java:1140)
at org.testng.TestNG.runSuites(TestNG.java:1069)
at org.testng.TestNG.run(TestNG.java:1037)
at org.testng.remote.AbstractRemoteTestNG.run(AbstractRemoteTestNG.java:115)
at org.testng.remote.RemoteTestNG.initAndRun(RemoteTestNG.java:293)
at org.testng.remote.RemoteTestNG.main(RemoteTestNG.java:91)
]]>
            </full-stacktrace>
          </exception> <!-- java.lang.NullPointerException -->
          <reporter-output>
          </reporter-output>
        </test-method> <!-- or -->
        <test-method is-config="true" signature="getResult(org.testng.ITestResult)[pri:0, instance:pagesTestCasesYasasiiWeb.KIMS_ORFlowTestCases@652a7737]" started-at="2025-12-06T15:25:34 IST" name="getResult" finished-at="1970-01-01T05:30:00 IST" duration-ms="-1765014934961" status="SKIP">
          <reporter-output>
          </reporter-output>
        </test-method> <!-- getResult -->
        <test-method is-config="true" signature="getTestMethodProperties(java.lang.reflect.Method)[pri:0, instance:pagesTestCasesYasasiiWeb.KIMS_ORFlowTestCases@652a7737]" started-at="2025-12-06T15:25:35 IST" name="getTestMethodProperties" finished-at="1970-01-01T05:30:00 IST" duration-ms="-1765014935060" status="SKIP">
          <reporter-output>
          </reporter-output>
        </test-method> <!-- getTestMethodProperties -->
        <test-method signature="OR_ROOm(java.lang.String, java.lang.String, java.lang.String, java.lang.String, java.lang.String, java.lang.String, java.lang.String, java.lang.String, java.lang.String, java.lang.String, java.lang.String, java.lang.String, java.lang.String, java.lang.String, java.lang.String, java.lang.String, java.lang.String, java.lang.String, java.lang.String, java.lang.String, java.lang.String, java.lang.String, java.lang.String, java.lang.String, java.lang.String, java.lang.String, java.lang.String, java.lang.String, java.lang.String, java.lang.String, java.lang.String)[pri:4, instance:pagesTestCasesYasasiiWeb.KIMS_ORFlowTestCases@652a7737]" started-at="2025-12-06T15:25:35 IST" name="OR_ROOm" data-provider="getData" finished-at="2025-12-06T15:25:35 IST" duration-ms="0" status="SKIP">
          <params>
            <param index="0">
              <value>
                <![CDATA[BariatricsurgeryA]]>
              </value>
            </param>
            <param index="1">
              <value>
                <![CDATA[Bariatric Pref A]]>
              </value>
            </param>
            <param index="2">
              <value>
                <![CDATA[Bariatric Rule A]]>
              </value>
            </param>
            <param index="3">
              <value>
                <![CDATA[Farina]]>
              </value>
            </param>
            <param index="4">
              <value>
                <![CDATA[A]]>
              </value>
            </param>
            <param index="5">
              <value>
                <![CDATA[50]]>
              </value>
            </param>
            <param index="6">
              <value>
                <![CDATA[2023567589]]>
              </value>
            </param>
            <param index="7">
              <value>
                <![CDATA[KIMS]]>
              </value>
            </param>
            <param index="8">
              <value>
                <![CDATA[24, Rajiv  NAGAR]]>
              </value>
            </param>
            <param index="9">
              <value>
                <![CDATA[2902576105645]]>
              </value>
            </param>
            <param index="10">
              <value>
                <![CDATA[G0000001651625]]>
              </value>
            </param>
            <param index="11">
              <value>
                <![CDATA[Raina S]]>
              </value>
            </param>
            <param index="12">
              <value>
                <![CDATA[Gynecological Surgery]]>
              </value>
            </param>
            <param index="13">
              <value>
                <![CDATA[Raina S]]>
              </value>
            </param>
            <param index="14">
              <value>
                <![CDATA[raina]]>
              </value>
            </param>
            <param index="15">
              <value>
                <![CDATA[KAmeda123$]]>
              </value>
            </param>
            <param index="16">
              <value>
                <![CDATA[admin]]>
              </value>
            </param>
            <param index="17">
              <value>
                <![CDATA[KAmeda123$]]>
              </value>
            </param>
            <param index="18">
              <value>
                <![CDATA[KIMSHEALTH Nagarcoil]]>
              </value>
            </param>
            <param index="19">
              <value>
                <![CDATA[ALTHROCIN 250MG TAB]]>
              </value>
            </param>
            <param index="20">
              <value>
                <![CDATA[Prethesh Raaj T(NGL18086)]]>
              </value>
            </param>
            <param index="21">
              <value>
                <![CDATA[sam]]>
              </value>
            </param>
            <param index="22">
              <value>
                <![CDATA[KAmeda123$]]>
              </value>
            </param>
            <param index="23">
              <value>
                <![CDATA[kanmani]]>
              </value>
            </param>
            <param index="24">
              <value>
                <![CDATA[KAmeda123$]]>
              </value>
            </param>
            <param index="25">
              <value>
                <![CDATA[Nur001]]>
              </value>
            </param>
            <param index="26">
              <value>
                <![CDATA[KAmeda123$]]>
              </value>
            </param>
            <param index="27">
              <value>
                <![CDATA[NGL18086]]>
              </value>
            </param>
            <param index="28">
              <value>
                <![CDATA[KAmeda123$]]>
              </value>
            </param>
            <param index="29">
              <value>
                <![CDATA[10IND_00000000031425]]>
              </value>
            </param>
            <param index="30">
              <value>
                <![CDATA[10IND_00000000031525]]>
              </value>
            </param>
          </params>
          <exception class="java.lang.NullPointerException">
            <message>
              <![CDATA[Cannot invoke "String.indexOf(String)" because "path" is null]]>
            </message>
            <full-stacktrace>
              <![CDATA[java.lang.NullPointerException: Cannot invoke "String.indexOf(String)" because "path" is null
at com.relevantcodes.extentreports.ExtentTest.isPathRelative(ExtentTest.java:502)
at com.relevantcodes.extentreports.ExtentTest.addScreenCapture(ExtentTest.java:287)
at com.baseYasasiiWeb.TestBaseYasasiiWeb.getResult(TestBaseYasasiiWeb.java:215)
at java.base/jdk.internal.reflect.NativeMethodAccessorImpl.invoke0(Native Method)
at java.base/jdk.internal.reflect.NativeMethodAccessorImpl.invoke(NativeMethodAccessorImpl.java:77)
at java.base/jdk.internal.reflect.DelegatingMethodAccessorImpl.invoke(DelegatingMethodAccessorImpl.java:43)
at java.base/java.lang.reflect.Method.invoke(Method.java:568)
at org.testng.internal.MethodInvocationHelper.invokeMethod(MethodInvocationHelper.java:132)
at org.testng.internal.MethodInvocationHelper.invokeMethodConsideringTimeout(MethodInvocationHelper.java:61)
at org.testng.internal.ConfigInvoker.invokeConfigurationMethod(ConfigInvoker.java:366)
at org.testng.internal.ConfigInvoker.invokeConfigurations(ConfigInvoker.java:320)
at org.testng.internal.TestInvoker.runConfigMethods(TestInvoker.java:701)
at org.testng.internal.TestInvoker.runAfterGroupsConfigurations(TestInvoker.java:677)
at org.testng.internal.TestInvoker.invokeMethod(TestInvoker.java:661)
at org.testng.internal.TestInvoker.invokeTestMethod(TestInvoker.java:174)
at org.testng.internal.MethodRunner.runInSequence(MethodRunner.java:46)
at org.testng.internal.TestInvoker$MethodInvocationAgent.invoke(TestInvoker.java:822)
at org.testng.internal.TestInvoker.invokeTestMethods(TestInvoker.java:147)
at org.testng.internal.TestMethodWorker.invokeTestMethods(TestMethodWorker.java:146)
at org.testng.internal.TestMethodWorker.run(TestMethodWorker.java:128)
at java.base/java.util.ArrayList.forEach(ArrayList.java:1511)
at org.testng.TestRunner.privateRun(TestRunner.java:764)
at org.testng.TestRunner.run(TestRunner.java:585)
at org.testng.SuiteRunner.runTest(SuiteRunner.java:384)
at org.testng.SuiteRunner.runSequentially(SuiteRunner.java:378)
at org.testng.SuiteRunner.privateRun(SuiteRunner.java:337)
at org.testng.SuiteRunner.run(SuiteRunner.java:286)
at org.testng.SuiteRunnerWorker.runSuite(SuiteRunnerWorker.java:53)
at org.testng.SuiteRunnerWorker.run(SuiteRunnerWorker.java:96)
at org.testng.TestNG.runSuitesSequentially(TestNG.java:1218)
at org.testng.TestNG.runSuitesLocally(TestNG.java:1140)
at org.testng.TestNG.runSuites(TestNG.java:1069)
at org.testng.TestNG.run(TestNG.java:1037)
at org.testng.remote.AbstractRemoteTestNG.run(AbstractRemoteTestNG.java:115)
at org.testng.remote.RemoteTestNG.initAndRun(RemoteTestNG.java:293)
at org.testng.remote.RemoteTestNG.main(RemoteTestNG.java:91)
]]>
            </full-stacktrace>
          </exception> <!-- java.lang.NullPointerException -->
          <reporter-output>
          </reporter-output>
        </test-method> <!-- OR_ROOm -->
        <test-method is-config="true" signature="getResult(org.testng.ITestResult)[pri:0, instance:pagesTestCasesYasasiiWeb.KIMS_ORFlowTestCases@652a7737]" started-at="2025-12-06T15:25:35 IST" name="getResult" finished-at="1970-01-01T05:30:00 IST" duration-ms="-1765014935105" status="SKIP">
          <reporter-output>
          </reporter-output>
        </test-method> <!-- getResult -->
        <test-method is-config="true" signature="logout()[pri:0, instance:pagesTestCasesYasasiiWeb.KIMS_ORFlowTestCases@652a7737]" started-at="2025-12-06T15:25:35 IST" name="logout" finished-at="1970-01-01T05:30:00 IST" duration-ms="-1765014935111" status="SKIP">
          <reporter-output>
          </reporter-output>
        </test-method> <!-- logout -->
        <test-method is-config="true" signature="extentReportEnd()[pri:0, instance:pagesTestCasesYasasiiWeb.KIMS_ORFlowTestCases@652a7737]" started-at="2025-12-06T15:25:35 IST" name="extentReportEnd" finished-at="1970-01-01T05:30:00 IST" duration-ms="-1765014935189" status="SKIP">
          <reporter-output>
          </reporter-output>
        </test-method> <!-- extentReportEnd -->
        <test-method is-config="true" signature="teardown()[pri:0, instance:pagesTestCasesYasasiiWeb.KIMS_ORFlowTestCases@652a7737]" started-at="2025-12-06T15:25:35 IST" name="teardown" finished-at="2025-12-06T15:25:35 IST" duration-ms="199" status="PASS">
          <reporter-output>
          </reporter-output>
        </test-method> <!-- teardown -->
      </class> <!-- pagesTestCasesYasasiiWeb.KIMS_ORFlowTestCases -->
    </test> <!-- Default test -->
  </suite> <!-- Default suite -->
</testng-results>
