<?xml version="1.0" encoding="UTF-8"?>
<testng-results ignored="0" total="1" passed="1" failed="0" skipped="0">
  <reporter-output>
  </reporter-output>
  <suite started-at="2025-12-16T12:30:53 IST" name="Default suite" finished-at="2025-12-16T12:35:42 IST" duration-ms="288846">
    <groups>
    </groups>
    <test started-at="2025-12-16T12:30:53 IST" name="Default test" finished-at="2025-12-16T12:35:42 IST" duration-ms="288846">
      <class name="pagesTestCasesYasasiiWeb.KIMS_DialysisNote_TestcaseYW">
        <test-method is-config="true" signature="setup()[pri:0, instance:pagesTestCasesYasasiiWeb.KIMS_DialysisNote_TestcaseYW@619bfe29]" started-at="2025-12-16T12:30:28 IST" name="setup" finished-at="2025-12-16T12:30:53 IST" duration-ms="24859" status="PASS">
          <reporter-output>
          </reporter-output>
        </test-method> <!-- setup -->
        <test-method is-config="true" signature="startTest()[pri:0, instance:pagesTestCasesYasasiiWeb.KIMS_DialysisNote_TestcaseYW@619bfe29]" started-at="2025-12-16T12:30:53 IST" name="startTest" finished-at="2025-12-16T12:30:54 IST" duration-ms="390" status="PASS">
          <reporter-output>
          </reporter-output>
        </test-method> <!-- startTest -->
        <test-method is-config="true" signature="navigateFOPage()[pri:0, instance:pagesTestCasesYasasiiWeb.KIMS_DialysisNote_TestcaseYW@619bfe29]" started-at="2025-12-16T12:30:54 IST" name="navigateFOPage" finished-at="2025-12-16T12:31:07 IST" duration-ms="13463" status="PASS">
          <reporter-output>
          </reporter-output>
        </test-method> <!-- navigateFOPage -->
        <test-method is-config="true" signature="getTestMethodProperties(java.lang.reflect.Method)[pri:0, instance:pagesTestCasesYasasiiWeb.KIMS_DialysisNote_TestcaseYW@619bfe29]" started-at="2025-12-16T12:31:07 IST" name="getTestMethodProperties" finished-at="2025-12-16T12:31:07 IST" duration-ms="5" status="PASS">
          <params>
            <param index="0">
              <value>
                <![CDATA[public void pagesTestCasesYasasiiWeb.KIMS_DialysisNote_TestcaseYW.DialysisNote(java.lang.String,java.lang.String,java.lang.String,java.lang.String,java.lang.String,java.lang.String,java.lang.String,java.lang.String,java.lang.String,java.lang.String,java.lang.String,java.lang.String,java.lang.String) throws java.lang.InterruptedException,java.io.IOException]]>
              </value>
            </param>
          </params>
          <reporter-output>
          </reporter-output>
        </test-method> <!-- getTestMethodProperties -->
        <test-method signature="DialysisNote(java.lang.String, java.lang.String, java.lang.String, java.lang.String, java.lang.String, java.lang.String, java.lang.String, java.lang.String, java.lang.String, java.lang.String, java.lang.String, java.lang.String, java.lang.String)[pri:1, instance:pagesTestCasesYasasiiWeb.KIMS_DialysisNote_TestcaseYW@619bfe29]" started-at="2025-12-16T12:31:07 IST" name="DialysisNote" data-provider="getData" finished-at="2025-12-16T12:35:26 IST" duration-ms="258731" status="PASS">
          <params>
            <param index="0">
              <value>
                <![CDATA[Miss]]>
              </value>
            </param>
            <param index="1">
              <value>
                <![CDATA[Aditya]]>
              </value>
            </param>
            <param index="2">
              <value>
                <![CDATA[I]]>
              </value>
            </param>
            <param index="3">
              <value>
                <![CDATA[11-Mar-1998]]>
              </value>
            </param>
            <param index="4">
              <value>
                <![CDATA[995120099597]]>
              </value>
            </param>
            <param index="5">
              <value>
                <![CDATA[8945804510]]>
              </value>
            </param>
            <param index="6">
              <value>
                <![CDATA[Anna Nagar]]>
              </value>
            </param>
            <param index="7">
              <value>
                <![CDATA[G0000003408025]]>
              </value>
            </param>
            <param index="8">
              <value>
                <![CDATA[Radhakrishnan Marimuthu]]>
              </value>
            </param>
            <param index="9">
              <value>
                <![CDATA[NGL18286]]>
              </value>
            </param>
            <param index="10">
              <value>
                <![CDATA[KAmeda123$]]>
              </value>
            </param>
            <param index="11">
              <value>
                <![CDATA[KIMSHEALTH Nagarcoil]]>
              </value>
            </param>
            <param index="12">
              <value>
                <![CDATA[Haemodialysis]]>
              </value>
            </param>
          </params>
          <reporter-output>
          </reporter-output>
        </test-method> <!-- DialysisNote -->
        <test-method is-config="true" signature="getResult(org.testng.ITestResult)[pri:0, instance:pagesTestCasesYasasiiWeb.KIMS_DialysisNote_TestcaseYW@619bfe29]" started-at="2025-12-16T12:35:26 IST" name="getResult" finished-at="2025-12-16T12:35:26 IST" duration-ms="2" status="PASS">
          <params>
            <param index="0">
              <value>
                <![CDATA[[TestResult name=DialysisNote status=SUCCESS method=KIMS_DialysisNote_TestcaseYW.DialysisNote(java.lang.String, java.lang.String, java.lang.String, java.lang.String, java.lang.String, java.lang.String, java.lang.String, java.lang.String, java.lang.String, java.lang.String, java.lang.String, java.lang.String, java.lang.String)[pri:1, instance:pagesTestCasesYasasiiWeb.KIMS_DialysisNote_TestcaseYW@619bfe29] output={null}]]]>
              </value>
            </param>
          </params>
          <reporter-output>
          </reporter-output>
        </test-method> <!-- getResult -->
        <test-method is-config="true" signature="logout()[pri:0, instance:pagesTestCasesYasasiiWeb.KIMS_DialysisNote_TestcaseYW@619bfe29]" started-at="2025-12-16T12:35:26 IST" name="logout" finished-at="2025-12-16T12:35:42 IST" duration-ms="16031" status="PASS">
          <reporter-output>
          </reporter-output>
        </test-method> <!-- logout -->
        <test-method is-config="true" signature="extentReportEnd()[pri:0, instance:pagesTestCasesYasasiiWeb.KIMS_DialysisNote_TestcaseYW@619bfe29]" started-at="2025-12-16T12:35:42 IST" name="extentReportEnd" finished-at="2025-12-16T12:35:42 IST" duration-ms="449" status="PASS">
          <reporter-output>
          </reporter-output>
        </test-method> <!-- extentReportEnd -->
        <test-method is-config="true" signature="teardown()[pri:0, instance:pagesTestCasesYasasiiWeb.KIMS_DialysisNote_TestcaseYW@619bfe29]" started-at="2025-12-16T12:35:42 IST" name="teardown" finished-at="2025-12-16T12:35:43 IST" duration-ms="430" status="PASS">
          <reporter-output>
          </reporter-output>
        </test-method> <!-- teardown -->
      </class> <!-- pagesTestCasesYasasiiWeb.KIMS_DialysisNote_TestcaseYW -->
    </test> <!-- Default test -->
  </suite> <!-- Default suite -->
</testng-results>
