<?xml version="1.0" encoding="UTF-8"?>
<testng-results ignored="0" total="4" passed="3" failed="1" skipped="0">
  <reporter-output>
  </reporter-output>
  <suite started-at="2025-12-09T18:34:27 IST" name="Default suite" finished-at="2025-12-09T18:44:34 IST" duration-ms="607133">
    <groups>
    </groups>
    <test started-at="2025-12-09T18:34:27 IST" name="Default test" finished-at="2025-12-09T18:44:34 IST" duration-ms="607133">
      <class name="pagesTestCasesYasasiiWeb.KIMS_ORFlowTestCases">
        <test-method is-config="true" signature="setup()[pri:0, instance:pagesTestCasesYasasiiWeb.KIMS_ORFlowTestCases@1eb6749b]" started-at="2025-12-09T18:34:21 IST" name="setup" finished-at="2025-12-09T18:34:27 IST" duration-ms="6681" status="PASS">
          <reporter-output>
          </reporter-output>
        </test-method> <!-- setup -->
        <test-method is-config="true" signature="startTest()[pri:0, instance:pagesTestCasesYasasiiWeb.KIMS_ORFlowTestCases@1eb6749b]" started-at="2025-12-09T18:34:27 IST" name="startTest" finished-at="2025-12-09T18:34:28 IST" duration-ms="413" status="PASS">
          <reporter-output>
          </reporter-output>
        </test-method> <!-- startTest -->
        <test-method is-config="true" signature="navigateFOPage()[pri:0, instance:pagesTestCasesYasasiiWeb.KIMS_ORFlowTestCases@1eb6749b]" started-at="2025-12-09T18:34:28 IST" name="navigateFOPage" finished-at="2025-12-09T18:34:40 IST" duration-ms="12644" status="PASS">
          <reporter-output>
          </reporter-output>
        </test-method> <!-- navigateFOPage -->
        <test-method is-config="true" signature="getTestMethodProperties(java.lang.reflect.Method)[pri:0, instance:pagesTestCasesYasasiiWeb.KIMS_ORFlowTestCases@1eb6749b]" started-at="2025-12-09T18:34:41 IST" name="getTestMethodProperties" finished-at="2025-12-09T18:34:41 IST" duration-ms="5" status="PASS">
          <params>
            <param index="0">
              <value>
                <![CDATA[public void pagesTestCasesYasasiiWeb.KIMS_ORFlowTestCases.foReg(java.lang.String,java.lang.String,java.lang.String,java.lang.String,java.lang.String,java.lang.String,java.lang.String,java.lang.String,java.lang.String,java.lang.String,java.lang.String,java.lang.String,java.lang.String,java.lang.String,java.lang.String,java.lang.String,java.lang.String,java.lang.String,java.lang.String,java.lang.String,java.lang.String,java.lang.String,java.lang.String,java.lang.String,java.lang.String,java.lang.String,java.lang.String,java.lang.String,java.lang.String,java.lang.String,java.lang.String) throws java.lang.InterruptedException,java.io.IOException,java.awt.AWTException]]>
              </value>
            </param>
          </params>
          <reporter-output>
          </reporter-output>
        </test-method> <!-- getTestMethodProperties -->
        <test-method signature="foReg(java.lang.String, java.lang.String, java.lang.String, java.lang.String, java.lang.String, java.lang.String, java.lang.String, java.lang.String, java.lang.String, java.lang.String, java.lang.String, java.lang.String, java.lang.String, java.lang.String, java.lang.String, java.lang.String, java.lang.String, java.lang.String, java.lang.String, java.lang.String, java.lang.String, java.lang.String, java.lang.String, java.lang.String, java.lang.String, java.lang.String, java.lang.String, java.lang.String, java.lang.String, java.lang.String, java.lang.String)[pri:1, instance:pagesTestCasesYasasiiWeb.KIMS_ORFlowTestCases@1eb6749b]" started-at="2025-12-09T18:34:41 IST" name="foReg" data-provider="getData" finished-at="2025-12-09T18:36:20 IST" duration-ms="99603" status="PASS">
          <params>
            <param index="0">
              <value>
                <![CDATA[BariatricsurgeryA]]>
              </value>
            </param>
            <param index="1">
              <value>
                <![CDATA[Bariatric Pref A]]>
              </value>
            </param>
            <param index="2">
              <value>
                <![CDATA[Bariatric Rule A]]>
              </value>
            </param>
            <param index="3">
              <value>
                <![CDATA[Farina]]>
              </value>
            </param>
            <param index="4">
              <value>
                <![CDATA[A]]>
              </value>
            </param>
            <param index="5">
              <value>
                <![CDATA[50]]>
              </value>
            </param>
            <param index="6">
              <value>
                <![CDATA[2023567589]]>
              </value>
            </param>
            <param index="7">
              <value>
                <![CDATA[KIMS]]>
              </value>
            </param>
            <param index="8">
              <value>
                <![CDATA[24, Rajiv  NAGAR]]>
              </value>
            </param>
            <param index="9">
              <value>
                <![CDATA[2902576105645]]>
              </value>
            </param>
            <param index="10">
              <value>
                <![CDATA[G0000001691025]]>
              </value>
            </param>
            <param index="11">
              <value>
                <![CDATA[Raina S]]>
              </value>
            </param>
            <param index="12">
              <value>
                <![CDATA[Gynecological Surgery]]>
              </value>
            </param>
            <param index="13">
              <value>
                <![CDATA[Raina S]]>
              </value>
            </param>
            <param index="14">
              <value>
                <![CDATA[raina]]>
              </value>
            </param>
            <param index="15">
              <value>
                <![CDATA[KAmeda123$]]>
              </value>
            </param>
            <param index="16">
              <value>
                <![CDATA[admin]]>
              </value>
            </param>
            <param index="17">
              <value>
                <![CDATA[KAmeda123$]]>
              </value>
            </param>
            <param index="18">
              <value>
                <![CDATA[KIMSHEALTH Nagarcoil]]>
              </value>
            </param>
            <param index="19">
              <value>
                <![CDATA[ALTHROCIN 250MG TAB]]>
              </value>
            </param>
            <param index="20">
              <value>
                <![CDATA[Prethesh Raaj T(NGL18086)]]>
              </value>
            </param>
            <param index="21">
              <value>
                <![CDATA[sam]]>
              </value>
            </param>
            <param index="22">
              <value>
                <![CDATA[KAmeda123$]]>
              </value>
            </param>
            <param index="23">
              <value>
                <![CDATA[kanmani]]>
              </value>
            </param>
            <param index="24">
              <value>
                <![CDATA[KAmeda123$]]>
              </value>
            </param>
            <param index="25">
              <value>
                <![CDATA[Nur001]]>
              </value>
            </param>
            <param index="26">
              <value>
                <![CDATA[KAmeda123$]]>
              </value>
            </param>
            <param index="27">
              <value>
                <![CDATA[NGL18086]]>
              </value>
            </param>
            <param index="28">
              <value>
                <![CDATA[KAmeda123$]]>
              </value>
            </param>
            <param index="29">
              <value>
                <![CDATA[10IND_00000000031425]]>
              </value>
            </param>
            <param index="30">
              <value>
                <![CDATA[10IND_00000000031525]]>
              </value>
            </param>
          </params>
          <reporter-output>
          </reporter-output>
        </test-method> <!-- foReg -->
        <test-method is-config="true" signature="getResult(org.testng.ITestResult)[pri:0, instance:pagesTestCasesYasasiiWeb.KIMS_ORFlowTestCases@1eb6749b]" started-at="2025-12-09T18:36:20 IST" name="getResult" finished-at="2025-12-09T18:36:20 IST" duration-ms="4" status="PASS">
          <params>
            <param index="0">
              <value>
                <![CDATA[[TestResult name=foReg status=SUCCESS method=KIMS_ORFlowTestCases.foReg(java.lang.String, java.lang.String, java.lang.String, java.lang.String, java.lang.String, java.lang.String, java.lang.String, java.lang.String, java.lang.String, java.lang.String, java.lang.String, java.lang.String, java.lang.String, java.lang.String, java.lang.String, java.lang.String, java.lang.String, java.lang.String, java.lang.String, java.lang.String, java.lang.String, java.lang.String, java.lang.String, java.lang.String, java.lang.String, java.lang.String, java.lang.String, java.lang.String, java.lang.String, java.lang.String, java.lang.String)[pri:1, instance:pagesTestCasesYasasiiWeb.KIMS_ORFlowTestCases@1eb6749b] output={null}]]]>
              </value>
            </param>
          </params>
          <reporter-output>
          </reporter-output>
        </test-method> <!-- getResult -->
        <test-method is-config="true" signature="getTestMethodProperties(java.lang.reflect.Method)[pri:0, instance:pagesTestCasesYasasiiWeb.KIMS_ORFlowTestCases@1eb6749b]" started-at="2025-12-09T18:36:20 IST" name="getTestMethodProperties" finished-at="2025-12-09T18:36:20 IST" duration-ms="0" status="PASS">
          <params>
            <param index="0">
              <value>
                <![CDATA[public void pagesTestCasesYasasiiWeb.KIMS_ORFlowTestCases.doc(java.lang.String,java.lang.String,java.lang.String,java.lang.String,java.lang.String,java.lang.String,java.lang.String,java.lang.String,java.lang.String,java.lang.String,java.lang.String,java.lang.String,java.lang.String,java.lang.String,java.lang.String,java.lang.String,java.lang.String,java.lang.String,java.lang.String,java.lang.String,java.lang.String,java.lang.String,java.lang.String,java.lang.String,java.lang.String,java.lang.String,java.lang.String,java.lang.String,java.lang.String,java.lang.String,java.lang.String) throws java.lang.InterruptedException,java.io.IOException,java.awt.AWTException]]>
              </value>
            </param>
          </params>
          <reporter-output>
          </reporter-output>
        </test-method> <!-- getTestMethodProperties -->
        <test-method signature="doc(java.lang.String, java.lang.String, java.lang.String, java.lang.String, java.lang.String, java.lang.String, java.lang.String, java.lang.String, java.lang.String, java.lang.String, java.lang.String, java.lang.String, java.lang.String, java.lang.String, java.lang.String, java.lang.String, java.lang.String, java.lang.String, java.lang.String, java.lang.String, java.lang.String, java.lang.String, java.lang.String, java.lang.String, java.lang.String, java.lang.String, java.lang.String, java.lang.String, java.lang.String, java.lang.String, java.lang.String)[pri:2, instance:pagesTestCasesYasasiiWeb.KIMS_ORFlowTestCases@1eb6749b]" started-at="2025-12-09T18:36:20 IST" name="doc" data-provider="getData" finished-at="2025-12-09T18:40:35 IST" duration-ms="255044" status="PASS">
          <params>
            <param index="0">
              <value>
                <![CDATA[BariatricsurgeryA]]>
              </value>
            </param>
            <param index="1">
              <value>
                <![CDATA[Bariatric Pref A]]>
              </value>
            </param>
            <param index="2">
              <value>
                <![CDATA[Bariatric Rule A]]>
              </value>
            </param>
            <param index="3">
              <value>
                <![CDATA[Farina]]>
              </value>
            </param>
            <param index="4">
              <value>
                <![CDATA[A]]>
              </value>
            </param>
            <param index="5">
              <value>
                <![CDATA[50]]>
              </value>
            </param>
            <param index="6">
              <value>
                <![CDATA[2023567589]]>
              </value>
            </param>
            <param index="7">
              <value>
                <![CDATA[KIMS]]>
              </value>
            </param>
            <param index="8">
              <value>
                <![CDATA[24, Rajiv  NAGAR]]>
              </value>
            </param>
            <param index="9">
              <value>
                <![CDATA[2902576105645]]>
              </value>
            </param>
            <param index="10">
              <value>
                <![CDATA[G0000001691225]]>
              </value>
            </param>
            <param index="11">
              <value>
                <![CDATA[Raina S]]>
              </value>
            </param>
            <param index="12">
              <value>
                <![CDATA[Gynecological Surgery]]>
              </value>
            </param>
            <param index="13">
              <value>
                <![CDATA[Raina S]]>
              </value>
            </param>
            <param index="14">
              <value>
                <![CDATA[raina]]>
              </value>
            </param>
            <param index="15">
              <value>
                <![CDATA[KAmeda123$]]>
              </value>
            </param>
            <param index="16">
              <value>
                <![CDATA[admin]]>
              </value>
            </param>
            <param index="17">
              <value>
                <![CDATA[KAmeda123$]]>
              </value>
            </param>
            <param index="18">
              <value>
                <![CDATA[KIMSHEALTH Nagarcoil]]>
              </value>
            </param>
            <param index="19">
              <value>
                <![CDATA[ALTHROCIN 250MG TAB]]>
              </value>
            </param>
            <param index="20">
              <value>
                <![CDATA[Prethesh Raaj T(NGL18086)]]>
              </value>
            </param>
            <param index="21">
              <value>
                <![CDATA[sam]]>
              </value>
            </param>
            <param index="22">
              <value>
                <![CDATA[KAmeda123$]]>
              </value>
            </param>
            <param index="23">
              <value>
                <![CDATA[kanmani]]>
              </value>
            </param>
            <param index="24">
              <value>
                <![CDATA[KAmeda123$]]>
              </value>
            </param>
            <param index="25">
              <value>
                <![CDATA[Nur001]]>
              </value>
            </param>
            <param index="26">
              <value>
                <![CDATA[KAmeda123$]]>
              </value>
            </param>
            <param index="27">
              <value>
                <![CDATA[NGL18086]]>
              </value>
            </param>
            <param index="28">
              <value>
                <![CDATA[KAmeda123$]]>
              </value>
            </param>
            <param index="29">
              <value>
                <![CDATA[10IND_00000000031425]]>
              </value>
            </param>
            <param index="30">
              <value>
                <![CDATA[10IND_00000000031525]]>
              </value>
            </param>
          </params>
          <reporter-output>
          </reporter-output>
        </test-method> <!-- doc -->
        <test-method is-config="true" signature="getResult(org.testng.ITestResult)[pri:0, instance:pagesTestCasesYasasiiWeb.KIMS_ORFlowTestCases@1eb6749b]" started-at="2025-12-09T18:40:35 IST" name="getResult" finished-at="2025-12-09T18:40:35 IST" duration-ms="0" status="PASS">
          <params>
            <param index="0">
              <value>
                <![CDATA[[TestResult name=doc status=SUCCESS method=KIMS_ORFlowTestCases.doc(java.lang.String, java.lang.String, java.lang.String, java.lang.String, java.lang.String, java.lang.String, java.lang.String, java.lang.String, java.lang.String, java.lang.String, java.lang.String, java.lang.String, java.lang.String, java.lang.String, java.lang.String, java.lang.String, java.lang.String, java.lang.String, java.lang.String, java.lang.String, java.lang.String, java.lang.String, java.lang.String, java.lang.String, java.lang.String, java.lang.String, java.lang.String, java.lang.String, java.lang.String, java.lang.String, java.lang.String)[pri:2, instance:pagesTestCasesYasasiiWeb.KIMS_ORFlowTestCases@1eb6749b] output={null}]]]>
              </value>
            </param>
          </params>
          <reporter-output>
          </reporter-output>
        </test-method> <!-- getResult -->
        <test-method signature="or(java.lang.String, java.lang.String, java.lang.String, java.lang.String, java.lang.String, java.lang.String, java.lang.String, java.lang.String, java.lang.String, java.lang.String, java.lang.String, java.lang.String, java.lang.String, java.lang.String, java.lang.String, java.lang.String, java.lang.String, java.lang.String, java.lang.String, java.lang.String, java.lang.String, java.lang.String, java.lang.String, java.lang.String, java.lang.String, java.lang.String, java.lang.String, java.lang.String, java.lang.String, java.lang.String, java.lang.String)[pri:3, instance:pagesTestCasesYasasiiWeb.KIMS_ORFlowTestCases@1eb6749b]" started-at="2025-12-09T18:40:35 IST" name="or" data-provider="getData" finished-at="2025-12-09T18:42:39 IST" duration-ms="123657" status="PASS">
          <params>
            <param index="0">
              <value>
                <![CDATA[BariatricsurgeryA]]>
              </value>
            </param>
            <param index="1">
              <value>
                <![CDATA[Bariatric Pref A]]>
              </value>
            </param>
            <param index="2">
              <value>
                <![CDATA[Bariatric Rule A]]>
              </value>
            </param>
            <param index="3">
              <value>
                <![CDATA[Farina]]>
              </value>
            </param>
            <param index="4">
              <value>
                <![CDATA[A]]>
              </value>
            </param>
            <param index="5">
              <value>
                <![CDATA[50]]>
              </value>
            </param>
            <param index="6">
              <value>
                <![CDATA[2023567589]]>
              </value>
            </param>
            <param index="7">
              <value>
                <![CDATA[KIMS]]>
              </value>
            </param>
            <param index="8">
              <value>
                <![CDATA[24, Rajiv  NAGAR]]>
              </value>
            </param>
            <param index="9">
              <value>
                <![CDATA[2902576105645]]>
              </value>
            </param>
            <param index="10">
              <value>
                <![CDATA[G0000001691225]]>
              </value>
            </param>
            <param index="11">
              <value>
                <![CDATA[Raina S]]>
              </value>
            </param>
            <param index="12">
              <value>
                <![CDATA[Gynecological Surgery]]>
              </value>
            </param>
            <param index="13">
              <value>
                <![CDATA[Raina S]]>
              </value>
            </param>
            <param index="14">
              <value>
                <![CDATA[raina]]>
              </value>
            </param>
            <param index="15">
              <value>
                <![CDATA[KAmeda123$]]>
              </value>
            </param>
            <param index="16">
              <value>
                <![CDATA[admin]]>
              </value>
            </param>
            <param index="17">
              <value>
                <![CDATA[KAmeda123$]]>
              </value>
            </param>
            <param index="18">
              <value>
                <![CDATA[KIMSHEALTH Nagarcoil]]>
              </value>
            </param>
            <param index="19">
              <value>
                <![CDATA[ALTHROCIN 250MG TAB]]>
              </value>
            </param>
            <param index="20">
              <value>
                <![CDATA[Prethesh Raaj T(NGL18086)]]>
              </value>
            </param>
            <param index="21">
              <value>
                <![CDATA[sam]]>
              </value>
            </param>
            <param index="22">
              <value>
                <![CDATA[KAmeda123$]]>
              </value>
            </param>
            <param index="23">
              <value>
                <![CDATA[kanmani]]>
              </value>
            </param>
            <param index="24">
              <value>
                <![CDATA[KAmeda123$]]>
              </value>
            </param>
            <param index="25">
              <value>
                <![CDATA[Nur001]]>
              </value>
            </param>
            <param index="26">
              <value>
                <![CDATA[KAmeda123$]]>
              </value>
            </param>
            <param index="27">
              <value>
                <![CDATA[NGL18086]]>
              </value>
            </param>
            <param index="28">
              <value>
                <![CDATA[KAmeda123$]]>
              </value>
            </param>
            <param index="29">
              <value>
                <![CDATA[10IND_00000000031425]]>
              </value>
            </param>
            <param index="30">
              <value>
                <![CDATA[10IND_00000000031525]]>
              </value>
            </param>
          </params>
          <reporter-output>
          </reporter-output>
        </test-method> <!-- or -->
        <test-method is-config="true" signature="getTestMethodProperties(java.lang.reflect.Method)[pri:0, instance:pagesTestCasesYasasiiWeb.KIMS_ORFlowTestCases@1eb6749b]" started-at="2025-12-09T18:40:35 IST" name="getTestMethodProperties" finished-at="2025-12-09T18:40:35 IST" duration-ms="0" status="PASS">
          <params>
            <param index="0">
              <value>
                <![CDATA[public void pagesTestCasesYasasiiWeb.KIMS_ORFlowTestCases.or(java.lang.String,java.lang.String,java.lang.String,java.lang.String,java.lang.String,java.lang.String,java.lang.String,java.lang.String,java.lang.String,java.lang.String,java.lang.String,java.lang.String,java.lang.String,java.lang.String,java.lang.String,java.lang.String,java.lang.String,java.lang.String,java.lang.String,java.lang.String,java.lang.String,java.lang.String,java.lang.String,java.lang.String,java.lang.String,java.lang.String,java.lang.String,java.lang.String,java.lang.String,java.lang.String,java.lang.String) throws java.lang.InterruptedException,java.io.IOException,java.awt.AWTException]]>
              </value>
            </param>
          </params>
          <reporter-output>
          </reporter-output>
        </test-method> <!-- getTestMethodProperties -->
        <test-method is-config="true" signature="getResult(org.testng.ITestResult)[pri:0, instance:pagesTestCasesYasasiiWeb.KIMS_ORFlowTestCases@1eb6749b]" started-at="2025-12-09T18:42:39 IST" name="getResult" finished-at="2025-12-09T18:42:39 IST" duration-ms="0" status="PASS">
          <params>
            <param index="0">
              <value>
                <![CDATA[[TestResult name=or status=SUCCESS method=KIMS_ORFlowTestCases.or(java.lang.String, java.lang.String, java.lang.String, java.lang.String, java.lang.String, java.lang.String, java.lang.String, java.lang.String, java.lang.String, java.lang.String, java.lang.String, java.lang.String, java.lang.String, java.lang.String, java.lang.String, java.lang.String, java.lang.String, java.lang.String, java.lang.String, java.lang.String, java.lang.String, java.lang.String, java.lang.String, java.lang.String, java.lang.String, java.lang.String, java.lang.String, java.lang.String, java.lang.String, java.lang.String, java.lang.String)[pri:3, instance:pagesTestCasesYasasiiWeb.KIMS_ORFlowTestCases@1eb6749b] output={null}]]]>
              </value>
            </param>
          </params>
          <reporter-output>
          </reporter-output>
        </test-method> <!-- getResult -->
        <test-method signature="OR_ROOm(java.lang.String, java.lang.String, java.lang.String, java.lang.String, java.lang.String, java.lang.String, java.lang.String, java.lang.String, java.lang.String, java.lang.String, java.lang.String, java.lang.String, java.lang.String, java.lang.String, java.lang.String, java.lang.String, java.lang.String, java.lang.String, java.lang.String, java.lang.String, java.lang.String, java.lang.String, java.lang.String, java.lang.String, java.lang.String, java.lang.String, java.lang.String, java.lang.String, java.lang.String, java.lang.String, java.lang.String)[pri:4, instance:pagesTestCasesYasasiiWeb.KIMS_ORFlowTestCases@1eb6749b]" started-at="2025-12-09T18:42:39 IST" name="OR_ROOm" data-provider="getData" finished-at="2025-12-09T18:44:18 IST" duration-ms="99191" status="FAIL">
          <params>
            <param index="0">
              <value>
                <![CDATA[BariatricsurgeryA]]>
              </value>
            </param>
            <param index="1">
              <value>
                <![CDATA[Bariatric Pref A]]>
              </value>
            </param>
            <param index="2">
              <value>
                <![CDATA[Bariatric Rule A]]>
              </value>
            </param>
            <param index="3">
              <value>
                <![CDATA[Farina]]>
              </value>
            </param>
            <param index="4">
              <value>
                <![CDATA[A]]>
              </value>
            </param>
            <param index="5">
              <value>
                <![CDATA[50]]>
              </value>
            </param>
            <param index="6">
              <value>
                <![CDATA[2023567589]]>
              </value>
            </param>
            <param index="7">
              <value>
                <![CDATA[KIMS]]>
              </value>
            </param>
            <param index="8">
              <value>
                <![CDATA[24, Rajiv  NAGAR]]>
              </value>
            </param>
            <param index="9">
              <value>
                <![CDATA[2902576105645]]>
              </value>
            </param>
            <param index="10">
              <value>
                <![CDATA[G0000001691225]]>
              </value>
            </param>
            <param index="11">
              <value>
                <![CDATA[Raina S]]>
              </value>
            </param>
            <param index="12">
              <value>
                <![CDATA[Gynecological Surgery]]>
              </value>
            </param>
            <param index="13">
              <value>
                <![CDATA[Raina S]]>
              </value>
            </param>
            <param index="14">
              <value>
                <![CDATA[raina]]>
              </value>
            </param>
            <param index="15">
              <value>
                <![CDATA[KAmeda123$]]>
              </value>
            </param>
            <param index="16">
              <value>
                <![CDATA[admin]]>
              </value>
            </param>
            <param index="17">
              <value>
                <![CDATA[KAmeda123$]]>
              </value>
            </param>
            <param index="18">
              <value>
                <![CDATA[KIMSHEALTH Nagarcoil]]>
              </value>
            </param>
            <param index="19">
              <value>
                <![CDATA[ALTHROCIN 250MG TAB]]>
              </value>
            </param>
            <param index="20">
              <value>
                <![CDATA[Prethesh Raaj T(NGL18086)]]>
              </value>
            </param>
            <param index="21">
              <value>
                <![CDATA[sam]]>
              </value>
            </param>
            <param index="22">
              <value>
                <![CDATA[KAmeda123$]]>
              </value>
            </param>
            <param index="23">
              <value>
                <![CDATA[kanmani]]>
              </value>
            </param>
            <param index="24">
              <value>
                <![CDATA[KAmeda123$]]>
              </value>
            </param>
            <param index="25">
              <value>
                <![CDATA[Nur001]]>
              </value>
            </param>
            <param index="26">
              <value>
                <![CDATA[KAmeda123$]]>
              </value>
            </param>
            <param index="27">
              <value>
                <![CDATA[NGL18086]]>
              </value>
            </param>
            <param index="28">
              <value>
                <![CDATA[KAmeda123$]]>
              </value>
            </param>
            <param index="29">
              <value>
                <![CDATA[10IND_00000000031425]]>
              </value>
            </param>
            <param index="30">
              <value>
                <![CDATA[10IND_00000000031525]]>
              </value>
            </param>
          </params>
          <exception class="org.openqa.selenium.NoSuchElementException">
            <message>
              <![CDATA[no such element: Unable to locate element: {"method":"xpath","selector":"//i[@title='Search with Indent No/ MRNO/ Patient Name']"}
  (Session info: chrome=142.0.7444.176)
For documentation on this error, please visit: https://www.selenium.dev/documentation/webdriver/troubleshooting/errors#no-such-element-exception
Build info: version: '4.11.0', revision: '040bc5406b'
System info: os.name: 'Windows 10', os.arch: 'amd64', os.version: '10.0', java.version: '17.0.7'
Driver info: org.openqa.selenium.chrome.ChromeDriver
Command: [180ad1095f94f9f670c9e2e3b3900f40, findElement {using=xpath, value=//i[@title='Search with Indent No/ MRNO/ Patient Name']}]
Capabilities {acceptInsecureCerts: false, browserName: chrome, browserVersion: 142.0.7444.176, chrome: {chromedriverVersion: 142.0.7444.175 (302067f14a4..., userDataDir: C:\Users\sriram\AppData\Loc...}, fedcm:accounts: true, goog:chromeOptions: {debuggerAddress: localhost:54194}, goog:processID: 8964, networkConnectionEnabled: false, pageLoadStrategy: normal, platformName: windows, proxy: Proxy(), se:cdp: ws://localhost:54194/devtoo..., se:cdpVersion: 142.0.7444.176, setWindowRect: true, strictFileInteractability: false, timeouts: {implicit: 0, pageLoad: 300000, script: 30000}, unhandledPromptBehavior: dismiss and notify, webauthn:extension:credBlob: true, webauthn:extension:largeBlob: true, webauthn:extension:minPinLength: true, webauthn:extension:prf: true, webauthn:virtualAuthenticators: true}
Session ID: 180ad1095f94f9f670c9e2e3b3900f40]]>
            </message>
            <full-stacktrace>
              <![CDATA[org.openqa.selenium.NoSuchElementException: no such element: Unable to locate element: {"method":"xpath","selector":"//i[@title='Search with Indent No/ MRNO/ Patient Name']"}
  (Session info: chrome=142.0.7444.176)
For documentation on this error, please visit: https://www.selenium.dev/documentation/webdriver/troubleshooting/errors#no-such-element-exception
Build info: version: '4.11.0', revision: '040bc5406b'
System info: os.name: 'Windows 10', os.arch: 'amd64', os.version: '10.0', java.version: '17.0.7'
Driver info: org.openqa.selenium.chrome.ChromeDriver
Command: [180ad1095f94f9f670c9e2e3b3900f40, findElement {using=xpath, value=//i[@title='Search with Indent No/ MRNO/ Patient Name']}]
Capabilities {acceptInsecureCerts: false, browserName: chrome, browserVersion: 142.0.7444.176, chrome: {chromedriverVersion: 142.0.7444.175 (302067f14a4..., userDataDir: C:\Users\sriram\AppData\Loc...}, fedcm:accounts: true, goog:chromeOptions: {debuggerAddress: localhost:54194}, goog:processID: 8964, networkConnectionEnabled: false, pageLoadStrategy: normal, platformName: windows, proxy: Proxy(), se:cdp: ws://localhost:54194/devtoo..., se:cdpVersion: 142.0.7444.176, setWindowRect: true, strictFileInteractability: false, timeouts: {implicit: 0, pageLoad: 300000, script: 30000}, unhandledPromptBehavior: dismiss and notify, webauthn:extension:credBlob: true, webauthn:extension:largeBlob: true, webauthn:extension:minPinLength: true, webauthn:extension:prf: true, webauthn:virtualAuthenticators: true}
Session ID: 180ad1095f94f9f670c9e2e3b3900f40
at java.base/jdk.internal.reflect.NativeConstructorAccessorImpl.newInstance0(Native Method)
at java.base/jdk.internal.reflect.NativeConstructorAccessorImpl.newInstance(NativeConstructorAccessorImpl.java:77)
at java.base/jdk.internal.reflect.DelegatingConstructorAccessorImpl.newInstance(DelegatingConstructorAccessorImpl.java:45)
at java.base/java.lang.reflect.Constructor.newInstanceWithCaller(Constructor.java:499)
at java.base/java.lang.reflect.Constructor.newInstance(Constructor.java:480)
at org.openqa.selenium.remote.codec.w3c.W3CHttpResponseCodec.createException(W3CHttpResponseCodec.java:200)
at org.openqa.selenium.remote.codec.w3c.W3CHttpResponseCodec.decode(W3CHttpResponseCodec.java:133)
at org.openqa.selenium.remote.codec.w3c.W3CHttpResponseCodec.decode(W3CHttpResponseCodec.java:52)
at org.openqa.selenium.remote.HttpCommandExecutor.execute(HttpCommandExecutor.java:191)
at org.openqa.selenium.remote.service.DriverCommandExecutor.invokeExecute(DriverCommandExecutor.java:196)
at org.openqa.selenium.remote.service.DriverCommandExecutor.execute(DriverCommandExecutor.java:171)
at org.openqa.selenium.remote.RemoteWebDriver.execute(RemoteWebDriver.java:518)
at org.openqa.selenium.remote.ElementLocation$ElementFinder$2.findElement(ElementLocation.java:165)
at org.openqa.selenium.remote.ElementLocation.findElement(ElementLocation.java:59)
at org.openqa.selenium.remote.RemoteWebDriver.findElement(RemoteWebDriver.java:355)
at org.openqa.selenium.remote.RemoteWebDriver.findElement(RemoteWebDriver.java:349)
at org.openqa.selenium.support.pagefactory.DefaultElementLocator.findElement(DefaultElementLocator.java:68)
at org.openqa.selenium.support.pagefactory.internal.LocatingElementHandler.invoke(LocatingElementHandler.java:38)
at jdk.proxy2/jdk.proxy2.$Proxy39.click(Unknown Source)
at pagesOfYasasiiWeb.KIMS_ORFlow_Yasasiiweb.StockTransfer(KIMS_ORFlow_Yasasiiweb.java:2921)
at pagesTestCasesYasasiiWeb.KIMS_ORFlowTestCases.OR_ROOm(KIMS_ORFlowTestCases.java:98)
at java.base/jdk.internal.reflect.NativeMethodAccessorImpl.invoke0(Native Method)
at java.base/jdk.internal.reflect.NativeMethodAccessorImpl.invoke(NativeMethodAccessorImpl.java:77)
at java.base/jdk.internal.reflect.DelegatingMethodAccessorImpl.invoke(DelegatingMethodAccessorImpl.java:43)
at java.base/java.lang.reflect.Method.invoke(Method.java:568)
at org.testng.internal.MethodInvocationHelper.invokeMethod(MethodInvocationHelper.java:132)
at org.testng.internal.TestInvoker.invokeMethod(TestInvoker.java:599)
at org.testng.internal.TestInvoker.invokeTestMethod(TestInvoker.java:174)
at org.testng.internal.MethodRunner.runInSequence(MethodRunner.java:46)
at org.testng.internal.TestInvoker$MethodInvocationAgent.invoke(TestInvoker.java:822)
at org.testng.internal.TestInvoker.invokeTestMethods(TestInvoker.java:147)
at org.testng.internal.TestMethodWorker.invokeTestMethods(TestMethodWorker.java:146)
at org.testng.internal.TestMethodWorker.run(TestMethodWorker.java:128)
at java.base/java.util.ArrayList.forEach(ArrayList.java:1511)
at org.testng.TestRunner.privateRun(TestRunner.java:764)
at org.testng.TestRunner.run(TestRunner.java:585)
at org.testng.SuiteRunner.runTest(SuiteRunner.java:384)
at org.testng.SuiteRunner.runSequentially(SuiteRunner.java:378)
at org.testng.SuiteRunner.privateRun(SuiteRunner.java:337)
at org.testng.SuiteRunner.run(SuiteRunner.java:286)
at org.testng.SuiteRunnerWorker.runSuite(SuiteRunnerWorker.java:53)
at org.testng.SuiteRunnerWorker.run(SuiteRunnerWorker.java:96)
at org.testng.TestNG.runSuitesSequentially(TestNG.java:1218)
at org.testng.TestNG.runSuitesLocally(TestNG.java:1140)
at org.testng.TestNG.runSuites(TestNG.java:1069)
at org.testng.TestNG.run(TestNG.java:1037)
at org.testng.remote.AbstractRemoteTestNG.run(AbstractRemoteTestNG.java:115)
at org.testng.remote.RemoteTestNG.initAndRun(RemoteTestNG.java:293)
at org.testng.remote.RemoteTestNG.main(RemoteTestNG.java:91)
]]>
            </full-stacktrace>
          </exception> <!-- org.openqa.selenium.NoSuchElementException -->
          <reporter-output>
          </reporter-output>
        </test-method> <!-- OR_ROOm -->
        <test-method is-config="true" signature="getTestMethodProperties(java.lang.reflect.Method)[pri:0, instance:pagesTestCasesYasasiiWeb.KIMS_ORFlowTestCases@1eb6749b]" started-at="2025-12-09T18:42:39 IST" name="getTestMethodProperties" finished-at="2025-12-09T18:42:39 IST" duration-ms="0" status="PASS">
          <params>
            <param index="0">
              <value>
                <![CDATA[public void pagesTestCasesYasasiiWeb.KIMS_ORFlowTestCases.OR_ROOm(java.lang.String,java.lang.String,java.lang.String,java.lang.String,java.lang.String,java.lang.String,java.lang.String,java.lang.String,java.lang.String,java.lang.String,java.lang.String,java.lang.String,java.lang.String,java.lang.String,java.lang.String,java.lang.String,java.lang.String,java.lang.String,java.lang.String,java.lang.String,java.lang.String,java.lang.String,java.lang.String,java.lang.String,java.lang.String,java.lang.String,java.lang.String,java.lang.String,java.lang.String,java.lang.String,java.lang.String) throws java.lang.InterruptedException,java.io.IOException,java.awt.AWTException]]>
              </value>
            </param>
          </params>
          <reporter-output>
          </reporter-output>
        </test-method> <!-- getTestMethodProperties -->
        <test-method is-config="true" signature="getResult(org.testng.ITestResult)[pri:0, instance:pagesTestCasesYasasiiWeb.KIMS_ORFlowTestCases@1eb6749b]" started-at="2025-12-09T18:44:18 IST" name="getResult" finished-at="2025-12-09T18:44:19 IST" duration-ms="149" status="PASS">
          <params>
            <param index="0">
              <value>
                <![CDATA[[TestResult name=OR_ROOm status=FAILURE method=KIMS_ORFlowTestCases.OR_ROOm(java.lang.String, java.lang.String, java.lang.String, java.lang.String, java.lang.String, java.lang.String, java.lang.String, java.lang.String, java.lang.String, java.lang.String, java.lang.String, java.lang.String, java.lang.String, java.lang.String, java.lang.String, java.lang.String, java.lang.String, java.lang.String, java.lang.String, java.lang.String, java.lang.String, java.lang.String, java.lang.String, java.lang.String, java.lang.String, java.lang.String, java.lang.String, java.lang.String, java.lang.String, java.lang.String, java.lang.String)[pri:4, instance:pagesTestCasesYasasiiWeb.KIMS_ORFlowTestCases@1eb6749b] output={null}]]]>
              </value>
            </param>
          </params>
          <reporter-output>
          </reporter-output>
        </test-method> <!-- getResult -->
        <test-method is-config="true" signature="logout()[pri:0, instance:pagesTestCasesYasasiiWeb.KIMS_ORFlowTestCases@1eb6749b]" started-at="2025-12-09T18:44:19 IST" name="logout" finished-at="2025-12-09T18:44:34 IST" duration-ms="15873" status="PASS">
          <reporter-output>
          </reporter-output>
        </test-method> <!-- logout -->
        <test-method is-config="true" signature="extentReportEnd()[pri:0, instance:pagesTestCasesYasasiiWeb.KIMS_ORFlowTestCases@1eb6749b]" started-at="2025-12-09T18:44:34 IST" name="extentReportEnd" finished-at="2025-12-09T18:44:35 IST" duration-ms="401" status="PASS">
          <reporter-output>
          </reporter-output>
        </test-method> <!-- extentReportEnd -->
        <test-method is-config="true" signature="teardown()[pri:0, instance:pagesTestCasesYasasiiWeb.KIMS_ORFlowTestCases@1eb6749b]" started-at="2025-12-09T18:44:35 IST" name="teardown" finished-at="2025-12-09T18:44:35 IST" duration-ms="476" status="PASS">
          <reporter-output>
          </reporter-output>
        </test-method> <!-- teardown -->
      </class> <!-- pagesTestCasesYasasiiWeb.KIMS_ORFlowTestCases -->
    </test> <!-- Default test -->
  </suite> <!-- Default suite -->
</testng-results>
