<?xml version="1.0" encoding="UTF-8"?>
<testng-results ignored="0" total="2" passed="2" failed="0" skipped="0">
  <reporter-output>
  </reporter-output>
  <suite started-at="2025-12-08T10:11:29 IST" name="Default suite" finished-at="2025-12-08T10:17:36 IST" duration-ms="367356">
    <groups>
    </groups>
    <test started-at="2025-12-08T10:11:29 IST" name="Default test" finished-at="2025-12-08T10:17:36 IST" duration-ms="367356">
      <class name="pagesTestCasesYasasiiWeb.KIMS_CpoePendingOrder_Billing_TestcaseYW">
        <test-method is-config="true" signature="setup()[pri:0, instance:pagesTestCasesYasasiiWeb.KIMS_CpoePendingOrder_Billing_TestcaseYW@619bfe29]" started-at="2025-12-08T10:11:22 IST" name="setup" finished-at="2025-12-08T10:11:29 IST" duration-ms="6745" status="PASS">
          <reporter-output>
          </reporter-output>
        </test-method> <!-- setup -->
        <test-method is-config="true" signature="startTest()[pri:0, instance:pagesTestCasesYasasiiWeb.KIMS_CpoePendingOrder_Billing_TestcaseYW@619bfe29]" started-at="2025-12-08T10:11:29 IST" name="startTest" finished-at="2025-12-08T10:11:29 IST" duration-ms="305" status="PASS">
          <reporter-output>
          </reporter-output>
        </test-method> <!-- startTest -->
        <test-method is-config="true" signature="navigateemradt()[pri:0, instance:pagesTestCasesYasasiiWeb.KIMS_CpoePendingOrder_Billing_TestcaseYW@619bfe29]" started-at="2025-12-08T10:11:29 IST" name="navigateemradt" finished-at="2025-12-08T10:11:43 IST" duration-ms="13349" status="PASS">
          <reporter-output>
          </reporter-output>
        </test-method> <!-- navigateemradt -->
        <test-method is-config="true" signature="getTestMethodProperties(java.lang.reflect.Method)[pri:0, instance:pagesTestCasesYasasiiWeb.KIMS_CpoePendingOrder_Billing_TestcaseYW@619bfe29]" started-at="2025-12-08T10:11:43 IST" name="getTestMethodProperties" finished-at="2025-12-08T10:11:43 IST" duration-ms="12" status="PASS">
          <params>
            <param index="0">
              <value>
                <![CDATA[public void pagesTestCasesYasasiiWeb.KIMS_CpoePendingOrder_Billing_TestcaseYW.PatientReg(java.lang.String,java.lang.String,java.lang.String,java.lang.String,java.lang.String,java.lang.String,java.lang.String,java.lang.String,java.lang.String,java.lang.String,java.lang.String,java.lang.String,java.lang.String,java.lang.String) throws java.lang.InterruptedException,java.io.IOException,java.awt.AWTException]]>
              </value>
            </param>
          </params>
          <reporter-output>
          </reporter-output>
        </test-method> <!-- getTestMethodProperties -->
        <test-method signature="PatientReg(java.lang.String, java.lang.String, java.lang.String, java.lang.String, java.lang.String, java.lang.String, java.lang.String, java.lang.String, java.lang.String, java.lang.String, java.lang.String, java.lang.String, java.lang.String, java.lang.String)[pri:0, instance:pagesTestCasesYasasiiWeb.KIMS_CpoePendingOrder_Billing_TestcaseYW@619bfe29]" started-at="2025-12-08T10:11:43 IST" name="PatientReg" data-provider="getData" finished-at="2025-12-08T10:12:56 IST" duration-ms="73210" status="PASS">
          <params>
            <param index="0">
              <value>
                <![CDATA[Mrs]]>
              </value>
            </param>
            <param index="1">
              <value>
                <![CDATA[Parvathy]]>
              </value>
            </param>
            <param index="2">
              <value>
                <![CDATA[I]]>
              </value>
            </param>
            <param index="3">
              <value>
                <![CDATA[14/12/1998]]>
              </value>
            </param>
            <param index="4">
              <value>
                <![CDATA[789950070147]]>
              </value>
            </param>
            <param index="5">
              <value>
                <![CDATA[8987670290]]>
              </value>
            </param>
            <param index="6">
              <value>
                <![CDATA[Kandhan dargen]]>
              </value>
            </param>
            <param index="7">
              <value>
                <![CDATA[G0000001683025]]>
              </value>
            </param>
            <param index="8">
              <value>
                <![CDATA[Radhakrishnan Marimuthu]]>
              </value>
            </param>
            <param index="9">
              <value>
                <![CDATA[NGL18286]]>
              </value>
            </param>
            <param index="10">
              <value>
                <![CDATA[KAmeda123$]]>
              </value>
            </param>
            <param index="11">
              <value>
                <![CDATA[KIMSHEALTH Nagarcoil]]>
              </value>
            </param>
            <param index="12">
              <value>
                <![CDATA[admin]]>
              </value>
            </param>
            <param index="13">
              <value>
                <![CDATA[KAmeda123$]]>
              </value>
            </param>
          </params>
          <reporter-output>
          </reporter-output>
        </test-method> <!-- PatientReg -->
        <test-method is-config="true" signature="getResult(org.testng.ITestResult)[pri:0, instance:pagesTestCasesYasasiiWeb.KIMS_CpoePendingOrder_Billing_TestcaseYW@619bfe29]" started-at="2025-12-08T10:12:56 IST" name="getResult" finished-at="2025-12-08T10:12:56 IST" duration-ms="15" status="PASS">
          <params>
            <param index="0">
              <value>
                <![CDATA[[TestResult name=PatientReg status=SUCCESS method=KIMS_CpoePendingOrder_Billing_TestcaseYW.PatientReg(java.lang.String, java.lang.String, java.lang.String, java.lang.String, java.lang.String, java.lang.String, java.lang.String, java.lang.String, java.lang.String, java.lang.String, java.lang.String, java.lang.String, java.lang.String, java.lang.String)[pri:0, instance:pagesTestCasesYasasiiWeb.KIMS_CpoePendingOrder_Billing_TestcaseYW@619bfe29] output={null}]]]>
              </value>
            </param>
          </params>
          <reporter-output>
          </reporter-output>
        </test-method> <!-- getResult -->
        <test-method is-config="true" signature="getTestMethodProperties(java.lang.reflect.Method)[pri:0, instance:pagesTestCasesYasasiiWeb.KIMS_CpoePendingOrder_Billing_TestcaseYW@619bfe29]" started-at="2025-12-08T10:12:56 IST" name="getTestMethodProperties" finished-at="2025-12-08T10:12:56 IST" duration-ms="0" status="PASS">
          <params>
            <param index="0">
              <value>
                <![CDATA[public void pagesTestCasesYasasiiWeb.KIMS_CpoePendingOrder_Billing_TestcaseYW.CpoePending(java.lang.String,java.lang.String,java.lang.String,java.lang.String,java.lang.String,java.lang.String,java.lang.String,java.lang.String,java.lang.String,java.lang.String,java.lang.String,java.lang.String,java.lang.String,java.lang.String) throws java.lang.InterruptedException,java.io.IOException,java.awt.AWTException]]>
              </value>
            </param>
          </params>
          <reporter-output>
          </reporter-output>
        </test-method> <!-- getTestMethodProperties -->
        <test-method signature="CpoePending(java.lang.String, java.lang.String, java.lang.String, java.lang.String, java.lang.String, java.lang.String, java.lang.String, java.lang.String, java.lang.String, java.lang.String, java.lang.String, java.lang.String, java.lang.String, java.lang.String)[pri:1, instance:pagesTestCasesYasasiiWeb.KIMS_CpoePendingOrder_Billing_TestcaseYW@619bfe29]" started-at="2025-12-08T10:12:56 IST" name="CpoePending" data-provider="getData" finished-at="2025-12-08T10:17:21 IST" duration-ms="264323" status="PASS">
          <params>
            <param index="0">
              <value>
                <![CDATA[Mrs]]>
              </value>
            </param>
            <param index="1">
              <value>
                <![CDATA[Parvathy]]>
              </value>
            </param>
            <param index="2">
              <value>
                <![CDATA[I]]>
              </value>
            </param>
            <param index="3">
              <value>
                <![CDATA[14/12/1998]]>
              </value>
            </param>
            <param index="4">
              <value>
                <![CDATA[789950070147]]>
              </value>
            </param>
            <param index="5">
              <value>
                <![CDATA[8987670290]]>
              </value>
            </param>
            <param index="6">
              <value>
                <![CDATA[Kandhan dargen]]>
              </value>
            </param>
            <param index="7">
              <value>
                <![CDATA[G0000001684425]]>
              </value>
            </param>
            <param index="8">
              <value>
                <![CDATA[Radhakrishnan Marimuthu]]>
              </value>
            </param>
            <param index="9">
              <value>
                <![CDATA[NGL18286]]>
              </value>
            </param>
            <param index="10">
              <value>
                <![CDATA[KAmeda123$]]>
              </value>
            </param>
            <param index="11">
              <value>
                <![CDATA[KIMSHEALTH Nagarcoil]]>
              </value>
            </param>
            <param index="12">
              <value>
                <![CDATA[admin]]>
              </value>
            </param>
            <param index="13">
              <value>
                <![CDATA[KAmeda123$]]>
              </value>
            </param>
          </params>
          <reporter-output>
          </reporter-output>
        </test-method> <!-- CpoePending -->
        <test-method is-config="true" signature="getResult(org.testng.ITestResult)[pri:0, instance:pagesTestCasesYasasiiWeb.KIMS_CpoePendingOrder_Billing_TestcaseYW@619bfe29]" started-at="2025-12-08T10:17:21 IST" name="getResult" finished-at="2025-12-08T10:17:21 IST" duration-ms="4" status="PASS">
          <params>
            <param index="0">
              <value>
                <![CDATA[[TestResult name=CpoePending status=SUCCESS method=KIMS_CpoePendingOrder_Billing_TestcaseYW.CpoePending(java.lang.String, java.lang.String, java.lang.String, java.lang.String, java.lang.String, java.lang.String, java.lang.String, java.lang.String, java.lang.String, java.lang.String, java.lang.String, java.lang.String, java.lang.String, java.lang.String)[pri:1, instance:pagesTestCasesYasasiiWeb.KIMS_CpoePendingOrder_Billing_TestcaseYW@619bfe29] output={null}]]]>
              </value>
            </param>
          </params>
          <reporter-output>
          </reporter-output>
        </test-method> <!-- getResult -->
        <test-method is-config="true" signature="logout()[pri:0, instance:pagesTestCasesYasasiiWeb.KIMS_CpoePendingOrder_Billing_TestcaseYW@619bfe29]" started-at="2025-12-08T10:17:21 IST" name="logout" finished-at="2025-12-08T10:17:36 IST" duration-ms="15764" status="PASS">
          <reporter-output>
          </reporter-output>
        </test-method> <!-- logout -->
        <test-method is-config="true" signature="extentReportEnd()[pri:0, instance:pagesTestCasesYasasiiWeb.KIMS_CpoePendingOrder_Billing_TestcaseYW@619bfe29]" started-at="2025-12-08T10:17:36 IST" name="extentReportEnd" finished-at="2025-12-08T10:17:37 IST" duration-ms="514" status="PASS">
          <reporter-output>
          </reporter-output>
        </test-method> <!-- extentReportEnd -->
        <test-method is-config="true" signature="teardown()[pri:0, instance:pagesTestCasesYasasiiWeb.KIMS_CpoePendingOrder_Billing_TestcaseYW@619bfe29]" started-at="2025-12-08T10:17:37 IST" name="teardown" finished-at="2025-12-08T10:17:37 IST" duration-ms="460" status="PASS">
          <reporter-output>
          </reporter-output>
        </test-method> <!-- teardown -->
      </class> <!-- pagesTestCasesYasasiiWeb.KIMS_CpoePendingOrder_Billing_TestcaseYW -->
    </test> <!-- Default test -->
  </suite> <!-- Default suite -->
</testng-results>
