<?xml version="1.0" encoding="UTF-8"?>
<testng-results ignored="0" total="1" passed="0" failed="1" skipped="0">
  <reporter-output>
  </reporter-output>
  <suite started-at="2025-12-06T09:56:01 IST" name="Default suite" finished-at="2025-12-06T09:57:06 IST" duration-ms="65321">
    <groups>
    </groups>
    <test started-at="2025-12-06T09:56:01 IST" name="Default test" finished-at="2025-12-06T09:57:06 IST" duration-ms="65321">
      <class name="pagesTestCasesYasasiiWeb.KIMS_FO_ADTactivities_TestcaseYW">
        <test-method is-config="true" signature="setup()[pri:0, instance:pagesTestCasesYasasiiWeb.KIMS_FO_ADTactivities_TestcaseYW@1eb6749b]" started-at="2025-12-06T09:55:52 IST" name="setup" finished-at="2025-12-06T09:56:01 IST" duration-ms="9481" status="PASS">
          <reporter-output>
          </reporter-output>
        </test-method> <!-- setup -->
        <test-method is-config="true" signature="startTest()[pri:0, instance:pagesTestCasesYasasiiWeb.KIMS_FO_ADTactivities_TestcaseYW@1eb6749b]" started-at="2025-12-06T09:56:01 IST" name="startTest" finished-at="2025-12-06T09:56:01 IST" duration-ms="299" status="PASS">
          <reporter-output>
          </reporter-output>
        </test-method> <!-- startTest -->
        <test-method is-config="true" signature="navigateemradt()[pri:0, instance:pagesTestCasesYasasiiWeb.KIMS_FO_ADTactivities_TestcaseYW@1eb6749b]" started-at="2025-12-06T09:56:01 IST" name="navigateemradt" finished-at="2025-12-06T09:56:15 IST" duration-ms="13486" status="PASS">
          <reporter-output>
          </reporter-output>
        </test-method> <!-- navigateemradt -->
        <test-method is-config="true" signature="getTestMethodProperties(java.lang.reflect.Method)[pri:0, instance:pagesTestCasesYasasiiWeb.KIMS_FO_ADTactivities_TestcaseYW@1eb6749b]" started-at="2025-12-06T09:56:15 IST" name="getTestMethodProperties" finished-at="2025-12-06T09:56:15 IST" duration-ms="8" status="PASS">
          <params>
            <param index="0">
              <value>
                <![CDATA[public void pagesTestCasesYasasiiWeb.KIMS_FO_ADTactivities_TestcaseYW.EMRtransfer(java.lang.String,java.lang.String,java.lang.String,java.lang.String,java.lang.String,java.lang.String,java.lang.String,java.lang.String,java.lang.String,java.lang.String,java.lang.String,java.lang.String,java.lang.String,java.lang.String,java.lang.String,java.lang.String,java.lang.String,java.lang.String,java.lang.String,java.lang.String) throws java.lang.InterruptedException,java.io.IOException,java.awt.AWTException]]>
              </value>
            </param>
          </params>
          <reporter-output>
          </reporter-output>
        </test-method> <!-- getTestMethodProperties -->
        <test-method signature="EMRtransfer(java.lang.String, java.lang.String, java.lang.String, java.lang.String, java.lang.String, java.lang.String, java.lang.String, java.lang.String, java.lang.String, java.lang.String, java.lang.String, java.lang.String, java.lang.String, java.lang.String, java.lang.String, java.lang.String, java.lang.String, java.lang.String, java.lang.String, java.lang.String)[pri:1, instance:pagesTestCasesYasasiiWeb.KIMS_FO_ADTactivities_TestcaseYW@1eb6749b]" started-at="2025-12-06T09:56:15 IST" name="EMRtransfer" data-provider="getData" finished-at="2025-12-06T09:56:50 IST" duration-ms="35213" status="FAIL">
          <params>
            <param index="0">
              <value>
                <![CDATA[Miss]]>
              </value>
            </param>
            <param index="1">
              <value>
                <![CDATA[Farzi]]>
              </value>
            </param>
            <param index="2">
              <value>
                <![CDATA[T]]>
              </value>
            </param>
            <param index="3">
              <value>
                <![CDATA[11/Mar/98]]>
              </value>
            </param>
            <param index="4">
              <value>
                <![CDATA[005120099605]]>
              </value>
            </param>
            <param index="5">
              <value>
                <![CDATA[8945845100]]>
              </value>
            </param>
            <param index="6">
              <value>
                <![CDATA[kioski colony]]>
              </value>
            </param>
            <param index="7">
              <value>
                <![CDATA[G0000001680725]]>
              </value>
            </param>
            <param index="8">
              <value>
                <![CDATA[Radhakrishnan Marimuthu]]>
              </value>
            </param>
            <param index="9">
              <value>
                <![CDATA[Radhakrishnan Marimuthu(NGL18286)]]>
              </value>
            </param>
            <param index="10">
              <value>
                <![CDATA[NGL18286]]>
              </value>
            </param>
            <param index="11">
              <value>
                <![CDATA[KAmeda123$]]>
              </value>
            </param>
            <param index="12">
              <value>
                <![CDATA[KIMSHEALTH Nagarcoil]]>
              </value>
            </param>
            <param index="13">
              <value>
                <![CDATA[NGL17696]]>
              </value>
            </param>
            <param index="14">
              <value>
                <![CDATA[KAmeda123$]]>
              </value>
            </param>
            <param index="15">
              <value>
                <![CDATA[NGL17801]]>
              </value>
            </param>
            <param index="16">
              <value>
                <![CDATA[KAmeda123$]]>
              </value>
            </param>
            <param index="17">
              <value>
                <![CDATA[NGL18178]]>
              </value>
            </param>
            <param index="18">
              <value>
                <![CDATA[KAmeda123$]]>
              </value>
            </param>
            <param index="19">
              <value>
                <![CDATA[NGL17801]]>
              </value>
            </param>
          </params>
          <exception class="org.openqa.selenium.NoSuchElementException">
            <message>
              <![CDATA[no such element: Unable to locate element: {"method":"xpath","selector":"//label[@title='Pharmacy Clearance']"}
  (Session info: chrome=142.0.7444.176)
For documentation on this error, please visit: https://www.selenium.dev/documentation/webdriver/troubleshooting/errors#no-such-element-exception
Build info: version: '4.11.0', revision: '040bc5406b'
System info: os.name: 'Windows 10', os.arch: 'amd64', os.version: '10.0', java.version: '17.0.7'
Driver info: org.openqa.selenium.chrome.ChromeDriver
Command: [d4950d308bdbda5ddc583cae688dbb26, findElement {using=xpath, value=//label[@title='Pharmacy Clearance']}]
Capabilities {acceptInsecureCerts: false, browserName: chrome, browserVersion: 142.0.7444.176, chrome: {chromedriverVersion: 142.0.7444.175 (302067f14a4..., userDataDir: C:\Users\sriram\AppData\Loc...}, fedcm:accounts: true, goog:chromeOptions: {debuggerAddress: localhost:52313}, goog:processID: 16092, networkConnectionEnabled: false, pageLoadStrategy: normal, platformName: windows, proxy: Proxy(), se:cdp: ws://localhost:52313/devtoo..., se:cdpVersion: 142.0.7444.176, setWindowRect: true, strictFileInteractability: false, timeouts: {implicit: 0, pageLoad: 300000, script: 30000}, unhandledPromptBehavior: dismiss and notify, webauthn:extension:credBlob: true, webauthn:extension:largeBlob: true, webauthn:extension:minPinLength: true, webauthn:extension:prf: true, webauthn:virtualAuthenticators: true}
Session ID: d4950d308bdbda5ddc583cae688dbb26]]>
            </message>
            <full-stacktrace>
              <![CDATA[org.openqa.selenium.NoSuchElementException: no such element: Unable to locate element: {"method":"xpath","selector":"//label[@title='Pharmacy Clearance']"}
  (Session info: chrome=142.0.7444.176)
For documentation on this error, please visit: https://www.selenium.dev/documentation/webdriver/troubleshooting/errors#no-such-element-exception
Build info: version: '4.11.0', revision: '040bc5406b'
System info: os.name: 'Windows 10', os.arch: 'amd64', os.version: '10.0', java.version: '17.0.7'
Driver info: org.openqa.selenium.chrome.ChromeDriver
Command: [d4950d308bdbda5ddc583cae688dbb26, findElement {using=xpath, value=//label[@title='Pharmacy Clearance']}]
Capabilities {acceptInsecureCerts: false, browserName: chrome, browserVersion: 142.0.7444.176, chrome: {chromedriverVersion: 142.0.7444.175 (302067f14a4..., userDataDir: C:\Users\sriram\AppData\Loc...}, fedcm:accounts: true, goog:chromeOptions: {debuggerAddress: localhost:52313}, goog:processID: 16092, networkConnectionEnabled: false, pageLoadStrategy: normal, platformName: windows, proxy: Proxy(), se:cdp: ws://localhost:52313/devtoo..., se:cdpVersion: 142.0.7444.176, setWindowRect: true, strictFileInteractability: false, timeouts: {implicit: 0, pageLoad: 300000, script: 30000}, unhandledPromptBehavior: dismiss and notify, webauthn:extension:credBlob: true, webauthn:extension:largeBlob: true, webauthn:extension:minPinLength: true, webauthn:extension:prf: true, webauthn:virtualAuthenticators: true}
Session ID: d4950d308bdbda5ddc583cae688dbb26
at java.base/jdk.internal.reflect.NativeConstructorAccessorImpl.newInstance0(Native Method)
at java.base/jdk.internal.reflect.NativeConstructorAccessorImpl.newInstance(NativeConstructorAccessorImpl.java:77)
at java.base/jdk.internal.reflect.DelegatingConstructorAccessorImpl.newInstance(DelegatingConstructorAccessorImpl.java:45)
at java.base/java.lang.reflect.Constructor.newInstanceWithCaller(Constructor.java:499)
at java.base/java.lang.reflect.Constructor.newInstance(Constructor.java:480)
at org.openqa.selenium.remote.codec.w3c.W3CHttpResponseCodec.createException(W3CHttpResponseCodec.java:200)
at org.openqa.selenium.remote.codec.w3c.W3CHttpResponseCodec.decode(W3CHttpResponseCodec.java:133)
at org.openqa.selenium.remote.codec.w3c.W3CHttpResponseCodec.decode(W3CHttpResponseCodec.java:52)
at org.openqa.selenium.remote.HttpCommandExecutor.execute(HttpCommandExecutor.java:191)
at org.openqa.selenium.remote.service.DriverCommandExecutor.invokeExecute(DriverCommandExecutor.java:196)
at org.openqa.selenium.remote.service.DriverCommandExecutor.execute(DriverCommandExecutor.java:171)
at org.openqa.selenium.remote.RemoteWebDriver.execute(RemoteWebDriver.java:518)
at org.openqa.selenium.remote.ElementLocation$ElementFinder$2.findElement(ElementLocation.java:165)
at org.openqa.selenium.remote.ElementLocation.findElement(ElementLocation.java:59)
at org.openqa.selenium.remote.RemoteWebDriver.findElement(RemoteWebDriver.java:355)
at org.openqa.selenium.remote.RemoteWebDriver.findElement(RemoteWebDriver.java:349)
at org.openqa.selenium.support.pagefactory.DefaultElementLocator.findElement(DefaultElementLocator.java:68)
at org.openqa.selenium.support.pagefactory.internal.LocatingElementHandler.invoke(LocatingElementHandler.java:38)
at jdk.proxy2/jdk.proxy2.$Proxy39.click(Unknown Source)
at pagesOfYasasiiWeb.KIMS_FO_ADTactivities_Yasasiiweb.PharmacyClearance(KIMS_FO_ADTactivities_Yasasiiweb.java:1758)
at pagesTestCasesYasasiiWeb.KIMS_FO_ADTactivities_TestcaseYW.EMRtransfer(KIMS_FO_ADTactivities_TestcaseYW.java:60)
at java.base/jdk.internal.reflect.NativeMethodAccessorImpl.invoke0(Native Method)
at java.base/jdk.internal.reflect.NativeMethodAccessorImpl.invoke(NativeMethodAccessorImpl.java:77)
at java.base/jdk.internal.reflect.DelegatingMethodAccessorImpl.invoke(DelegatingMethodAccessorImpl.java:43)
at java.base/java.lang.reflect.Method.invoke(Method.java:568)
at org.testng.internal.MethodInvocationHelper.invokeMethod(MethodInvocationHelper.java:132)
at org.testng.internal.TestInvoker.invokeMethod(TestInvoker.java:599)
at org.testng.internal.TestInvoker.invokeTestMethod(TestInvoker.java:174)
at org.testng.internal.MethodRunner.runInSequence(MethodRunner.java:46)
at org.testng.internal.TestInvoker$MethodInvocationAgent.invoke(TestInvoker.java:822)
at org.testng.internal.TestInvoker.invokeTestMethods(TestInvoker.java:147)
at org.testng.internal.TestMethodWorker.invokeTestMethods(TestMethodWorker.java:146)
at org.testng.internal.TestMethodWorker.run(TestMethodWorker.java:128)
at java.base/java.util.ArrayList.forEach(ArrayList.java:1511)
at org.testng.TestRunner.privateRun(TestRunner.java:764)
at org.testng.TestRunner.run(TestRunner.java:585)
at org.testng.SuiteRunner.runTest(SuiteRunner.java:384)
at org.testng.SuiteRunner.runSequentially(SuiteRunner.java:378)
at org.testng.SuiteRunner.privateRun(SuiteRunner.java:337)
at org.testng.SuiteRunner.run(SuiteRunner.java:286)
at org.testng.SuiteRunnerWorker.runSuite(SuiteRunnerWorker.java:53)
at org.testng.SuiteRunnerWorker.run(SuiteRunnerWorker.java:96)
at org.testng.TestNG.runSuitesSequentially(TestNG.java:1218)
at org.testng.TestNG.runSuitesLocally(TestNG.java:1140)
at org.testng.TestNG.runSuites(TestNG.java:1069)
at org.testng.TestNG.run(TestNG.java:1037)
at org.testng.remote.AbstractRemoteTestNG.run(AbstractRemoteTestNG.java:115)
at org.testng.remote.RemoteTestNG.initAndRun(RemoteTestNG.java:293)
at org.testng.remote.RemoteTestNG.main(RemoteTestNG.java:91)
]]>
            </full-stacktrace>
          </exception> <!-- org.openqa.selenium.NoSuchElementException -->
          <reporter-output>
          </reporter-output>
        </test-method> <!-- EMRtransfer -->
        <test-method is-config="true" signature="getResult(org.testng.ITestResult)[pri:0, instance:pagesTestCasesYasasiiWeb.KIMS_FO_ADTactivities_TestcaseYW@1eb6749b]" started-at="2025-12-06T09:56:50 IST" name="getResult" finished-at="2025-12-06T09:56:51 IST" duration-ms="189" status="PASS">
          <params>
            <param index="0">
              <value>
                <![CDATA[[TestResult name=EMRtransfer status=FAILURE method=KIMS_FO_ADTactivities_TestcaseYW.EMRtransfer(java.lang.String, java.lang.String, java.lang.String, java.lang.String, java.lang.String, java.lang.String, java.lang.String, java.lang.String, java.lang.String, java.lang.String, java.lang.String, java.lang.String, java.lang.String, java.lang.String, java.lang.String, java.lang.String, java.lang.String, java.lang.String, java.lang.String, java.lang.String)[pri:1, instance:pagesTestCasesYasasiiWeb.KIMS_FO_ADTactivities_TestcaseYW@1eb6749b] output={null}]]]>
              </value>
            </param>
          </params>
          <reporter-output>
          </reporter-output>
        </test-method> <!-- getResult -->
        <test-method is-config="true" signature="logout()[pri:0, instance:pagesTestCasesYasasiiWeb.KIMS_FO_ADTactivities_TestcaseYW@1eb6749b]" started-at="2025-12-06T09:56:51 IST" name="logout" finished-at="2025-12-06T09:57:06 IST" duration-ms="15866" status="PASS">
          <reporter-output>
          </reporter-output>
        </test-method> <!-- logout -->
        <test-method is-config="true" signature="extentReportEnd()[pri:0, instance:pagesTestCasesYasasiiWeb.KIMS_FO_ADTactivities_TestcaseYW@1eb6749b]" started-at="2025-12-06T09:57:06 IST" name="extentReportEnd" finished-at="2025-12-06T09:57:07 IST" duration-ms="418" status="PASS">
          <reporter-output>
          </reporter-output>
        </test-method> <!-- extentReportEnd -->
        <test-method is-config="true" signature="teardown()[pri:0, instance:pagesTestCasesYasasiiWeb.KIMS_FO_ADTactivities_TestcaseYW@1eb6749b]" started-at="2025-12-06T09:57:07 IST" name="teardown" finished-at="2025-12-06T09:57:07 IST" duration-ms="325" status="PASS">
          <reporter-output>
          </reporter-output>
        </test-method> <!-- teardown -->
      </class> <!-- pagesTestCasesYasasiiWeb.KIMS_FO_ADTactivities_TestcaseYW -->
    </test> <!-- Default test -->
  </suite> <!-- Default suite -->
</testng-results>
