<?xml version="1.0" encoding="UTF-8"?>
<!-- Generated by org.testng.reporters.JUnitReportReporter -->
<testsuite hostname="KI-54" failures="0" tests="2" name="pagesTestCasesYasasiiWeb.KIMS_Inventory_TestcaseYW" time="445.640" errors="0" timestamp="2024-12-04T17:47:04 IST" skipped="0">
  <testcase classname="pagesTestCasesYasasiiWeb.KIMS_Inventory_TestcaseYW" name="inventory" time="355.077"/>
  <system-out/>
  <testcase classname="pagesTestCasesYasasiiWeb.KIMS_Inventory_TestcaseYW" name="closedIndent" time="90.563"/>
  <system-out/>
</testsuite> <!-- pagesTestCasesYasasiiWeb.KIMS_Inventory_TestcaseYW -->
