<?xml version="1.0" encoding="UTF-8"?>
<!-- Generated by org.testng.reporters.JUnitReportReporter -->
<testsuite hostname="KI-54" failures="0" tests="2" name="pagesTestCasesYasasiiWeb.KIMS_Pharmacybill_Availedservice_TestcaseYW" time="388.568" errors="0" timestamp="2024-12-26T17:54:01 IST" skipped="0">
  <testcase classname="pagesTestCasesYasasiiWeb.KIMS_Pharmacybill_Availedservice_TestcaseYW" name="walkin" time="177.576"/>
  <system-out/>
  <testcase classname="pagesTestCasesYasasiiWeb.KIMS_Pharmacybill_Availedservice_TestcaseYW" name="walkin1" time="210.992"/>
  <system-out/>
</testsuite> <!-- pagesTestCasesYasasiiWeb.KIMS_Pharmacybill_Availedservice_TestcaseYW -->
