<?xml version="1.0" encoding="UTF-8"?>
<!-- Generated by org.testng.reporters.JUnitReportReporter -->
<testsuite hostname="KI129" failures="0" tests="1" name="pagesTestCasesYasasiiWeb.KIMS_NutritionManagement_TestcaseYW" time="470.655" errors="0" timestamp="2025-12-11T20:42:04 IST" skipped="0">
  <testcase classname="pagesTestCasesYasasiiWeb.KIMS_NutritionManagement_TestcaseYW" name="investigation" time="470.655"/>
  <system-out/>
</testsuite> <!-- pagesTestCasesYasasiiWeb.KIMS_NutritionManagement_TestcaseYW -->
