<?xml version="1.0" encoding="UTF-8"?>
<!-- Generated by org.testng.reporters.JUnitReportReporter -->
<testsuite hostname="KI129" failures="0" tests="2" name="pagesTestCasesYasasiiWeb.KIMS_MergedMRNO_TestcaseYW" time="502.573" errors="0" timestamp="2025-12-12T13:07:17 IST" skipped="0">
  <testcase classname="pagesTestCasesYasasiiWeb.KIMS_MergedMRNO_TestcaseYW" name="merged" time="326.070"/>
  <system-out/>
  <testcase classname="pagesTestCasesYasasiiWeb.KIMS_MergedMRNO_TestcaseYW" name="Reg" time="176.503"/>
  <system-out/>
</testsuite> <!-- pagesTestCasesYasasiiWeb.KIMS_MergedMRNO_TestcaseYW -->
