<?xml version="1.0" encoding="UTF-8"?>
<!-- Generated by org.testng.reporters.JUnitReportReporter -->
<testsuite hostname="KI-54" failures="0" tests="2" name="pagesTestCasesYasasiiWeb.KIMS_Inventory_TestcaseYW" time="130.177" errors="0" timestamp="2025-11-11T19:11:21 IST" skipped="0">
  <testcase classname="pagesTestCasesYasasiiWeb.KIMS_Inventory_TestcaseYW" name="inventory" time="39.995"/>
  <system-out/>
  <testcase classname="pagesTestCasesYasasiiWeb.KIMS_Inventory_TestcaseYW" name="closedIndent" time="90.182"/>
  <system-out/>
</testsuite> <!-- pagesTestCasesYasasiiWeb.KIMS_Inventory_TestcaseYW -->
