<?xml version="1.0" encoding="UTF-8"?>
<!-- Generated by org.testng.reporters.JUnitReportReporter -->
<testsuite hostname="KI129" failures="0" tests="2" name="pagesTestCasesYasasiiWeb.KIMS_FinalBilling_OP_TestcaseYW" time="343.110" errors="0" timestamp="2025-12-20T17:08:10 IST" skipped="0">
  <testcase classname="pagesTestCasesYasasiiWeb.KIMS_FinalBilling_OP_TestcaseYW" name="Reg" time="115.759"/>
  <system-out/>
  <testcase classname="pagesTestCasesYasasiiWeb.KIMS_FinalBilling_OP_TestcaseYW" name="finalbilling" time="227.351"/>
  <system-out/>
</testsuite> <!-- pagesTestCasesYasasiiWeb.KIMS_FinalBilling_OP_TestcaseYW -->
