<?xml version="1.0" encoding="UTF-8"?>
<!-- Generated by org.testng.reporters.JUnitReportReporter -->
<testsuite hostname="KI-54" failures="0" tests="2" name="pagesTestCasesYasasiiWeb.KIMS_FinalBilling_OP_TestcaseYW" time="358.395" errors="0" timestamp="2025-01-06T10:57:03 IST" skipped="0">
  <testcase classname="pagesTestCasesYasasiiWeb.KIMS_FinalBilling_OP_TestcaseYW" name="Reg" time="130.979"/>
  <system-out/>
  <testcase classname="pagesTestCasesYasasiiWeb.KIMS_FinalBilling_OP_TestcaseYW" name="finalbilling" time="227.416"/>
  <system-out/>
</testsuite> <!-- pagesTestCasesYasasiiWeb.KIMS_FinalBilling_OP_TestcaseYW -->
