<?xml version="1.0" encoding="UTF-8"?>
<!-- Generated by org.testng.reporters.JUnitReportReporter -->
<testsuite hostname="KI-54" failures="0" tests="2" name="pagesTestCasesYasasiiWeb.KIMS_DialysisNote_TestcaseYW" time="319.887" errors="0" timestamp="2025-11-10T09:57:14 IST" skipped="0">
  <testcase classname="pagesTestCasesYasasiiWeb.KIMS_DialysisNote_TestcaseYW" name="PAtreg" time="87.731"/>
  <system-out/>
  <testcase classname="pagesTestCasesYasasiiWeb.KIMS_DialysisNote_TestcaseYW" name="DialysisNote" time="232.156"/>
  <system-out/>
</testsuite> <!-- pagesTestCasesYasasiiWeb.KIMS_DialysisNote_TestcaseYW -->
