<?xml version="1.0" encoding="UTF-8"?>
<!-- Generated by org.testng.reporters.JUnitReportReporter -->
<testsuite hostname="KI-54" failures="0" tests="2" name="pagesTestCasesYasasiiWeb.KIMS_Pathology_IHCTestCaseYW" time="304.421" errors="0" timestamp="2025-11-24T11:43:53 IST" skipped="0">
  <testcase classname="pagesTestCasesYasasiiWeb.KIMS_Pathology_IHCTestCaseYW" name="Pathology" time="26.987"/>
  <system-out/>
  <testcase classname="pagesTestCasesYasasiiWeb.KIMS_Pathology_IHCTestCaseYW" name="inestigation" time="277.434"/>
  <system-out/>
</testsuite> <!-- pagesTestCasesYasasiiWeb.KIMS_Pathology_IHCTestCaseYW -->
