<?xml version="1.0" encoding="UTF-8"?>
<!-- Generated by org.testng.reporters.JUnitReportReporter -->
<testsuite hostname="KI129" failures="0" tests="2" name="pagesTestCasesYasasiiWeb.KIMS_interimIncoice_IP_TestcaseYW" time="632.561" errors="0" timestamp="2025-12-20T14:38:50 IST" skipped="0">
  <testcase classname="pagesTestCasesYasasiiWeb.KIMS_interimIncoice_IP_TestcaseYW" name="Reg" time="178.063"/>
  <system-out/>
  <testcase classname="pagesTestCasesYasasiiWeb.KIMS_interimIncoice_IP_TestcaseYW" name="finalbilling" time="454.498"/>
  <system-out/>
</testsuite> <!-- pagesTestCasesYasasiiWeb.KIMS_interimIncoice_IP_TestcaseYW -->
