<?xml version="1.0" encoding="UTF-8"?>
<!-- Generated by org.testng.reporters.JUnitReportReporter -->
<testsuite hostname="KI129" failures="0" tests="2" name="pagesTestCasesYasasiiWeb.KIMS_pathology_CytologysmearTestcaseYW" time="346.349" errors="0" timestamp="2025-12-08T13:25:41 IST" skipped="0">
  <testcase classname="pagesTestCasesYasasiiWeb.KIMS_pathology_CytologysmearTestcaseYW" name="Pathology" time="70.166"/>
  <system-out/>
  <testcase classname="pagesTestCasesYasasiiWeb.KIMS_pathology_CytologysmearTestcaseYW" name="inestigation" time="276.183"/>
  <system-out/>
</testsuite> <!-- pagesTestCasesYasasiiWeb.KIMS_pathology_CytologysmearTestcaseYW -->
