<?xml version="1.0" encoding="UTF-8"?>
<!-- Generated by org.testng.reporters.JUnitReportReporter -->
<testsuite hostname="KI-54" failures="0" tests="1" name="pagesTestCasesYasasiiWeb.KIMS_pathology_FrozenTestcaseYW" time="301.574" errors="0" timestamp="2024-12-24T17:16:34 IST" skipped="0">
  <testcase classname="pagesTestCasesYasasiiWeb.KIMS_pathology_FrozenTestcaseYW" name="investigation" time="301.574"/>
  <system-out/>
</testsuite> <!-- pagesTestCasesYasasiiWeb.KIMS_pathology_FrozenTestcaseYW -->
