<?xml version="1.0" encoding="UTF-8"?>
<!-- Generated by org.testng.reporters.JUnitReportReporter -->
<testsuite hostname="KI-54" failures="0" tests="2" name="pagesTestCasesYasasiiWeb.KIMS_PayerSplitUp_TestcaseYW" time="353.482" errors="0" timestamp="2025-11-27T17:54:14 IST" skipped="0">
  <testcase classname="pagesTestCasesYasasiiWeb.KIMS_PayerSplitUp_TestcaseYW" name="Reg" time="130.084"/>
  <system-out/>
  <testcase classname="pagesTestCasesYasasiiWeb.KIMS_PayerSplitUp_TestcaseYW" name="finalbilling" time="223.398"/>
  <system-out/>
</testsuite> <!-- pagesTestCasesYasasiiWeb.KIMS_PayerSplitUp_TestcaseYW -->
