<?xml version="1.0" encoding="UTF-8"?>
<!-- Generated by org.testng.reporters.JUnitReportReporter -->
<testsuite hostname="KI-54" failures="0" tests="2" name="pagesTestCasesYasasiiWeb.KIMS_NutritionManagement_TestcaseYW" time="424.292" errors="0" timestamp="2025-11-18T17:02:17 IST" skipped="0">
  <testcase classname="pagesTestCasesYasasiiWeb.KIMS_NutritionManagement_TestcaseYW" name="Patreg" time="114.499"/>
  <system-out/>
  <testcase classname="pagesTestCasesYasasiiWeb.KIMS_NutritionManagement_TestcaseYW" name="investigation" time="309.793"/>
  <system-out/>
</testsuite> <!-- pagesTestCasesYasasiiWeb.KIMS_NutritionManagement_TestcaseYW -->
