<?xml version="1.0" encoding="UTF-8"?>
<!-- Generated by org.testng.reporters.JUnitReportReporter -->
<testsuite hostname="KI-54" failures="0" tests="1" name="pagesTestCasesYasasiiWeb.KIMS_IncomingServices_DifferentSiteBilling_TestcaseYW" time="148.713" errors="0" timestamp="2025-01-06T13:34:40 IST" skipped="0">
  <testcase classname="pagesTestCasesYasasiiWeb.KIMS_IncomingServices_DifferentSiteBilling_TestcaseYW" name="doctornote" time="148.713"/>
  <system-out/>
</testsuite> <!-- pagesTestCasesYasasiiWeb.KIMS_IncomingServices_DifferentSiteBilling_TestcaseYW -->
