<?xml version="1.0" encoding="UTF-8"?>
<!-- Generated by org.testng.reporters.JUnitReportReporter -->
<testsuite hostname="KI-54" failures="0" tests="1" name="pagesTestCasesYasasiiWeb.KIMS_Appointment_master_blockAndfreeze_TestcaseYW" time="177.331" errors="0" timestamp="2025-12-09T11:01:47 IST" skipped="0">
  <testcase classname="pagesTestCasesYasasiiWeb.KIMS_Appointment_master_blockAndfreeze_TestcaseYW" name="AppointmentCheckin" time="177.331"/>
  <system-out/>
</testsuite> <!-- pagesTestCasesYasasiiWeb.KIMS_Appointment_master_blockAndfreeze_TestcaseYW -->
