<?xml version="1.0" encoding="UTF-8"?>
<!-- Generated by org.testng.reporters.JUnitReportReporter -->
<testsuite hostname="KI-54" failures="0" tests="2" name="pagesTestCasesYasasiiWeb.KIMS_Diagnosis_LogView_testcaseYW" time="187.763" errors="0" timestamp="2025-01-02T17:11:33 IST" skipped="0">
  <testcase classname="pagesTestCasesYasasiiWeb.KIMS_Diagnosis_LogView_testcaseYW" name="Reg" time="54.754"/>
  <system-out/>
  <testcase classname="pagesTestCasesYasasiiWeb.KIMS_Diagnosis_LogView_testcaseYW" name="Hidenote" time="133.009"/>
  <system-out/>
</testsuite> <!-- pagesTestCasesYasasiiWeb.KIMS_Diagnosis_LogView_testcaseYW -->
