<?xml version="1.0" encoding="UTF-8"?>
<!-- Generated by org.testng.reporters.JUnitReportReporter -->
<testsuite hostname="KI-54" failures="0" tests="2" name="pagesTestCasesYasasiiWeb.KIMS_EMRhidenote_TeatcaseYW" time="481.815" errors="0" timestamp="2025-11-10T14:22:12 IST" skipped="0">
  <testcase classname="pagesTestCasesYasasiiWeb.KIMS_EMRhidenote_TeatcaseYW" name="Reg" time="119.346"/>
  <system-out/>
  <testcase classname="pagesTestCasesYasasiiWeb.KIMS_EMRhidenote_TeatcaseYW" name="Hidenote" time="362.469"/>
  <system-out/>
</testsuite> <!-- pagesTestCasesYasasiiWeb.KIMS_EMRhidenote_TeatcaseYW -->
