<?xml version="1.0" encoding="UTF-8"?>
<!-- Generated by org.testng.reporters.JUnitReportReporter -->
<testsuite hostname="KI-54" failures="0" tests="1" name="pagesTestCasesYasasiiWeb.KIMS_IPFinalbilling_TestcaseYW" time="199.254" errors="0" timestamp="2024-12-18T10:20:01 IST" skipped="0">
  <testcase classname="pagesTestCasesYasasiiWeb.KIMS_IPFinalbilling_TestcaseYW" name="finalbilling" time="199.254"/>
  <system-out/>
</testsuite> <!-- pagesTestCasesYasasiiWeb.KIMS_IPFinalbilling_TestcaseYW -->
