<?xml version="1.0" encoding="UTF-8"?>
<!-- Generated by org.testng.reporters.JUnitReportReporter -->
<testsuite hostname="KI-54" failures="0" tests="2" name="pagesTestCasesYasasiiWeb.KIMS_CpoePendingOrder_Billing_TestcaseYW" time="337.564" errors="0" timestamp="2025-12-08T10:17:38 IST" skipped="0">
  <testcase classname="pagesTestCasesYasasiiWeb.KIMS_CpoePendingOrder_Billing_TestcaseYW" name="PatientReg" time="73.226"/>
  <system-out/>
  <testcase classname="pagesTestCasesYasasiiWeb.KIMS_CpoePendingOrder_Billing_TestcaseYW" name="CpoePending" time="264.338"/>
  <system-out/>
</testsuite> <!-- pagesTestCasesYasasiiWeb.KIMS_CpoePendingOrder_Billing_TestcaseYW -->
