<?xml version="1.0" encoding="UTF-8"?>
<!-- Generated by org.testng.reporters.JUnitReportReporter -->
<testsuite hostname="KI-54" failures="0" tests="2" name="pagesTestCasesYasasiiWeb.KIMS_StockMovement_TestcaseYW" time="238.695" errors="0" timestamp="2024-12-30T11:25:56 IST" skipped="0">
  <testcase classname="pagesTestCasesYasasiiWeb.KIMS_StockMovement_TestcaseYW" name="EMRapp" time="147.266"/>
  <system-out/>
  <testcase classname="pagesTestCasesYasasiiWeb.KIMS_StockMovement_TestcaseYW" name="closedIndent" time="91.429"/>
  <system-out/>
</testsuite> <!-- pagesTestCasesYasasiiWeb.KIMS_StockMovement_TestcaseYW -->
