<?xml version="1.0" encoding="UTF-8"?>
<!-- Generated by org.testng.reporters.JUnitReportReporter -->
<testsuite hostname="KI-54" failures="0" tests="2" name="pagesTestCasesYasasiiWeb.KIMS_SecondOpinion_TestcaseYW" time="384.448" errors="0" timestamp="2025-11-25T18:20:15 IST" skipped="0">
  <testcase classname="pagesTestCasesYasasiiWeb.KIMS_SecondOpinion_TestcaseYW" name="Patreg" time="81.831"/>
  <system-out/>
  <testcase classname="pagesTestCasesYasasiiWeb.KIMS_SecondOpinion_TestcaseYW" name="SecondOpinion" time="302.617"/>
  <system-out/>
</testsuite> <!-- pagesTestCasesYasasiiWeb.KIMS_SecondOpinion_TestcaseYW -->
