<?xml version="1.0" encoding="UTF-8"?>
<!-- Generated by org.testng.reporters.JUnitReportReporter -->
<testsuite hostname="KI129" failures="0" tests="1" name="pagesTestCasesYasasiiWeb.KIMS_pathology_biopsy_TestcaseYW" time="404.907" errors="0" timestamp="2025-12-08T12:03:05 IST" skipped="0">
  <testcase classname="pagesTestCasesYasasiiWeb.KIMS_pathology_biopsy_TestcaseYW" name="investigation" time="404.907"/>
  <system-out/>
</testsuite> <!-- pagesTestCasesYasasiiWeb.KIMS_pathology_biopsy_TestcaseYW -->
