<?xml version="1.0" encoding="UTF-8"?>
<!-- Generated by org.testng.reporters.JUnitReportReporter -->
<testsuite hostname="KI-54" failures="0" tests="2" name="pagesTestCasesYasasiiWeb.KIMS_OrdersetFormulatory_testcaseYW" time="373.257" errors="0" timestamp="2025-11-19T12:21:02 IST" skipped="0">
  <testcase classname="pagesTestCasesYasasiiWeb.KIMS_OrdersetFormulatory_testcaseYW" name="Patreg" time="173.777"/>
  <system-out/>
  <testcase classname="pagesTestCasesYasasiiWeb.KIMS_OrdersetFormulatory_testcaseYW" name="orderset" time="199.480"/>
  <system-out/>
</testsuite> <!-- pagesTestCasesYasasiiWeb.KIMS_OrdersetFormulatory_testcaseYW -->
