<?xml version="1.0" encoding="UTF-8"?>
<!-- Generated by org.testng.reporters.JUnitReportReporter -->
<testsuite hostname="KI-54" failures="0" tests="1" name="pagesTestCasesYasasiiWeb.KIMS_PanelService_ExternalLab_TestcaseYW" time="68.777" errors="0" timestamp="2025-12-05T16:15:34 IST" skipped="0">
  <testcase classname="pagesTestCasesYasasiiWeb.KIMS_PanelService_ExternalLab_TestcaseYW" name="investigation" time="68.777"/>
  <system-out/>
</testsuite> <!-- pagesTestCasesYasasiiWeb.KIMS_PanelService_ExternalLab_TestcaseYW -->
