<?xml version="1.0" encoding="UTF-8"?>
<!-- Generated by org.testng.reporters.JUnitReportReporter -->
<testsuite hostname="KI-54" failures="0" tests="5" name="pagesTestCasesYasasiiWeb.KIMS_BirthRegistrationTestCasesYW" time="1544.869" errors="0" timestamp="2025-12-03T17:57:15 IST" skipped="0">
  <testcase classname="pagesTestCasesYasasiiWeb.KIMS_BirthRegistrationTestCasesYW" name="BirthReg" time="111.165"/>
  <system-out/>
  <testcase classname="pagesTestCasesYasasiiWeb.KIMS_BirthRegistrationTestCasesYW" name="Doctornote" time="238.990"/>
  <system-out/>
  <testcase classname="pagesTestCasesYasasiiWeb.KIMS_BirthRegistrationTestCasesYW" name="babynote" time="124.646"/>
  <system-out/>
  <testcase classname="pagesTestCasesYasasiiWeb.KIMS_BirthRegistrationTestCasesYW" name="Babydischarge" time="529.177"/>
  <system-out/>
  <testcase classname="pagesTestCasesYasasiiWeb.KIMS_BirthRegistrationTestCasesYW" name="MOMdischarge" time="540.891"/>
  <system-out/>
</testsuite> <!-- pagesTestCasesYasasiiWeb.KIMS_BirthRegistrationTestCasesYW -->
