<?xml version="1.0" encoding="UTF-8"?>
<!-- Generated by org.testng.reporters.JUnitReportReporter -->
<testsuite hostname="KI129" failures="0" tests="2" name="pagesTestCasesYasasiiWeb.KIMS_IPpanel_MedicineAdministration_TestcaseYW" time="922.935" errors="0" timestamp="2025-12-11T19:55:11 IST" skipped="0">
  <testcase classname="pagesTestCasesYasasiiWeb.KIMS_IPpanel_MedicineAdministration_TestcaseYW" name="Patreg" time="117.803"/>
  <system-out/>
  <testcase classname="pagesTestCasesYasasiiWeb.KIMS_IPpanel_MedicineAdministration_TestcaseYW" name="IPpanel" time="805.132"/>
  <system-out/>
</testsuite> <!-- pagesTestCasesYasasiiWeb.KIMS_IPpanel_MedicineAdministration_TestcaseYW -->
