<?xml version="1.0" encoding="UTF-8"?>
<!-- Generated by org.testng.reporters.JUnitReportReporter -->
<testsuite hostname="KI-54" failures="0" tests="2" name="pagesTestCasesYasasiiWeb.KIMS_EmployeeAuthorization_TestcaseYW" time="372.036" errors="0" timestamp="2025-12-15T16:20:22 IST" skipped="0">
  <testcase classname="pagesTestCasesYasasiiWeb.KIMS_EmployeeAuthorization_TestcaseYW" name="Patreg" time="169.210"/>
  <system-out/>
  <testcase classname="pagesTestCasesYasasiiWeb.KIMS_EmployeeAuthorization_TestcaseYW" name="SecondOpinion" time="202.826"/>
  <system-out/>
</testsuite> <!-- pagesTestCasesYasasiiWeb.KIMS_EmployeeAuthorization_TestcaseYW -->
