<?xml version="1.0" encoding="UTF-8"?>
<!-- Generated by org.testng.reporters.JUnitReportReporter -->
<testsuite hostname="KI129" failures="0" tests="2" name="pagesTestCasesYasasiiWeb.KIMS_OP_PackageBilling_TestcaseYW" time="496.676" errors="0" timestamp="2025-12-20T17:20:08 IST" skipped="0">
  <testcase classname="pagesTestCasesYasasiiWeb.KIMS_OP_PackageBilling_TestcaseYW" name="patientRegistraionAndAdmission" time="93.814"/>
  <system-out/>
  <testcase classname="pagesTestCasesYasasiiWeb.KIMS_OP_PackageBilling_TestcaseYW" name="doctorNoteAndServices" time="402.862"/>
  <system-out/>
</testsuite> <!-- pagesTestCasesYasasiiWeb.KIMS_OP_PackageBilling_TestcaseYW -->
