<?xml version="1.0" encoding="UTF-8"?>
<!-- Generated by org.testng.reporters.JUnitReportReporter -->
<testsuite hostname="KI-54" failures="0" tests="1" name="pagesTestCasesYasasiiWeb.KIMS_MedicineMaster_Diagnosis_TestcaseYW" time="106.748" errors="0" timestamp="2024-12-11T12:44:07 IST" skipped="0">
  <testcase classname="pagesTestCasesYasasiiWeb.KIMS_MedicineMaster_Diagnosis_TestcaseYW" name="EMRapp" time="106.748"/>
  <system-out/>
</testsuite> <!-- pagesTestCasesYasasiiWeb.KIMS_MedicineMaster_Diagnosis_TestcaseYW -->
