<?xml version="1.0" encoding="UTF-8"?>
<!-- Generated by org.testng.reporters.JUnitReportReporter -->
<testsuite hostname="KI-54" failures="0" tests="2" name="pagesTestCasesYasasiiWeb.KIMS_StatementSettlement_TestcaseYW" time="532.322" errors="0" timestamp="2025-12-02T09:57:19 IST" skipped="0">
  <testcase classname="pagesTestCasesYasasiiWeb.KIMS_StatementSettlement_TestcaseYW" name="Reg" time="121.254"/>
  <system-out/>
  <testcase classname="pagesTestCasesYasasiiWeb.KIMS_StatementSettlement_TestcaseYW" name="finalbilling" time="411.068"/>
  <system-out/>
</testsuite> <!-- pagesTestCasesYasasiiWeb.KIMS_StatementSettlement_TestcaseYW -->
