<?xml version="1.0" encoding="UTF-8"?>
<!-- Generated by org.testng.reporters.JUnitReportReporter -->
<testsuite hostname="KI-54" failures="0" tests="2" name="pagesTestCasesYasasiiWeb.KIMS_AppointmentFuture_Testcase" time="234.702" errors="0" timestamp="2025-12-02T15:34:35 IST" skipped="0">
  <testcase classname="pagesTestCasesYasasiiWeb.KIMS_AppointmentFuture_Testcase" name="AppFuture" time="60.477"/>
  <system-out/>
  <testcase classname="pagesTestCasesYasasiiWeb.KIMS_AppointmentFuture_Testcase" name="AppFuture1" time="174.225"/>
  <system-out/>
</testsuite> <!-- pagesTestCasesYasasiiWeb.KIMS_AppointmentFuture_Testcase -->
