<?xml version="1.0" encoding="UTF-8"?>
<!-- Generated by org.testng.reporters.JUnitReportReporter -->
<testsuite hostname="KI-54" failures="0" tests="2" name="pagesTestCasesYasasiiWeb.KIMS_StockMovement_TestcaseYW" time="372.991" errors="0" timestamp="2025-11-26T16:42:02 IST" skipped="0">
  <testcase classname="pagesTestCasesYasasiiWeb.KIMS_StockMovement_TestcaseYW" name="EMRapp" time="283.424"/>
  <system-out/>
  <testcase classname="pagesTestCasesYasasiiWeb.KIMS_StockMovement_TestcaseYW" name="closedIndent" time="89.567"/>
  <system-out/>
</testsuite> <!-- pagesTestCasesYasasiiWeb.KIMS_StockMovement_TestcaseYW -->
