<?xml version="1.0" encoding="UTF-8"?>
<!-- Generated by org.testng.reporters.JUnitReportReporter -->
<testsuite hostname="KI129" failures="0" tests="1" name="pagesTestCasesYasasiiWeb.KIMS_FO_ADTactivities_TestcaseYW" time="53.134" errors="0" timestamp="2025-12-16T13:19:15 IST" skipped="0">
  <testcase classname="pagesTestCasesYasasiiWeb.KIMS_FO_ADTactivities_TestcaseYW" name="EMRtransfer" time="53.134"/>
  <system-out/>
</testsuite> <!-- pagesTestCasesYasasiiWeb.KIMS_FO_ADTactivities_TestcaseYW -->
