<?xml version="1.0" encoding="UTF-8"?>
<!-- Generated by org.testng.reporters.JUnitReportReporter -->
<testsuite hostname="KI-54" failures="0" tests="2" name="pagesTestCasesYasasiiWeb.KIMS_ER_Admission_IPEnquiry_Staypass_TestcaseYW" time="449.675" errors="0" timestamp="2025-01-06T10:43:03 IST" skipped="0">
  <testcase classname="pagesTestCasesYasasiiWeb.KIMS_ER_Admission_IPEnquiry_Staypass_TestcaseYW" name="BirthReg" time="122.296"/>
  <system-out/>
  <testcase classname="pagesTestCasesYasasiiWeb.KIMS_ER_Admission_IPEnquiry_Staypass_TestcaseYW" name="EMRtransfer" time="327.379"/>
  <system-out/>
</testsuite> <!-- pagesTestCasesYasasiiWeb.KIMS_ER_Admission_IPEnquiry_Staypass_TestcaseYW -->
