<?xml version="1.0" encoding="UTF-8"?>
<!-- Generated by org.testng.reporters.JUnitReportReporter -->
<testsuite hostname="KI-54" failures="0" tests="2" name="pagesTestCasesYasasiiWeb.KIMS_AppointmentFuture_Testcase" time="230.434" errors="0" timestamp="2025-12-15T16:38:26 IST" skipped="0">
  <testcase classname="pagesTestCasesYasasiiWeb.KIMS_AppointmentFuture_Testcase" name="AppFuture" time="59.553"/>
  <system-out/>
  <testcase classname="pagesTestCasesYasasiiWeb.KIMS_AppointmentFuture_Testcase" name="AppFuture1" time="170.881"/>
  <system-out/>
</testsuite> <!-- pagesTestCasesYasasiiWeb.KIMS_AppointmentFuture_Testcase -->
