<?xml version="1.0" encoding="UTF-8"?>
<!-- Generated by org.testng.reporters.JUnitReportReporter -->
<testsuite hostname="KI-54" failures="0" tests="1" name="pagesTestCasesYasasiiWeb.KIMS_EmployeeAuthorization_TestcaseYW" time="247.436" errors="0" timestamp="2025-01-06T09:37:58 IST" skipped="0">
  <testcase classname="pagesTestCasesYasasiiWeb.KIMS_EmployeeAuthorization_TestcaseYW" name="SecondOpinion" time="247.436"/>
  <system-out/>
</testsuite> <!-- pagesTestCasesYasasiiWeb.KIMS_EmployeeAuthorization_TestcaseYW -->
