<?xml version="1.0" encoding="UTF-8"?>
<!-- Generated by org.testng.reporters.JUnitReportReporter -->
<testsuite hostname="KI-54" failures="0" tests="1" name="pagesTestCasesYasasiiWeb.KIMS_AppointmentCheckin_TestcaseYW" time="203.096" errors="0" timestamp="2025-12-11T16:26:28 IST" skipped="0">
  <testcase classname="pagesTestCasesYasasiiWeb.KIMS_AppointmentCheckin_TestcaseYW" name="Reg" time="203.096"/>
  <system-out/>
</testsuite> <!-- pagesTestCasesYasasiiWeb.KIMS_AppointmentCheckin_TestcaseYW -->
