<?xml version="1.0" encoding="UTF-8"?>
<!-- Generated by org.testng.reporters.JUnitReportReporter -->
<testsuite hostname="KI-54" failures="0" tests="2" name="pagesTestCasesYasasiiWeb.KIMS_pathology_CytologysmearTestcaseYW" time="439.021" errors="0" timestamp="2025-11-20T17:03:24 IST" skipped="0">
  <testcase classname="pagesTestCasesYasasiiWeb.KIMS_pathology_CytologysmearTestcaseYW" name="Pathology" time="82.671"/>
  <system-out/>
  <testcase classname="pagesTestCasesYasasiiWeb.KIMS_pathology_CytologysmearTestcaseYW" name="inestigation" time="356.350"/>
  <system-out/>
</testsuite> <!-- pagesTestCasesYasasiiWeb.KIMS_pathology_CytologysmearTestcaseYW -->
