<?xml version="1.0" encoding="UTF-8"?>
<!-- Generated by org.testng.reporters.JUnitReportReporter -->
<testsuite hostname="KI-54" failures="0" tests="2" name="pagesTestCasesYasasiiWeb.KIMS_AdvanceRefund_TestcaseYW" time="238.579" errors="0" timestamp="2025-12-02T14:44:41 IST" skipped="0">
  <testcase classname="pagesTestCasesYasasiiWeb.KIMS_AdvanceRefund_TestcaseYW" name="Reg" time="57.306"/>
  <system-out/>
  <testcase classname="pagesTestCasesYasasiiWeb.KIMS_AdvanceRefund_TestcaseYW" name="billCancel" time="181.273"/>
  <system-out/>
</testsuite> <!-- pagesTestCasesYasasiiWeb.KIMS_AdvanceRefund_TestcaseYW -->
