<?xml version="1.0" encoding="UTF-8"?>
<!-- Generated by org.testng.reporters.JUnitReportReporter -->
<testsuite hostname="KI-54" failures="0" tests="1" name="pagesTestCasesYasasiiWeb.KIMS_NutritionManagement_TestcaseYW" time="279.194" errors="0" timestamp="2024-12-12T13:31:17 IST" skipped="0">
  <testcase classname="pagesTestCasesYasasiiWeb.KIMS_NutritionManagement_TestcaseYW" name="investigation" time="279.194"/>
  <system-out/>
</testsuite> <!-- pagesTestCasesYasasiiWeb.KIMS_NutritionManagement_TestcaseYW -->
