<?xml version="1.0" encoding="UTF-8"?>
<!-- Generated by org.testng.reporters.JUnitReportReporter -->
<testsuite hostname="KI-54" failures="0" tests="2" name="pagesTestCasesYasasiiWeb.KIMS_OutsiderPatientFlow_TestcaseYW" time="201.988" errors="0" timestamp="2024-12-12T15:48:15 IST" skipped="0">
  <testcase classname="pagesTestCasesYasasiiWeb.KIMS_OutsiderPatientFlow_TestcaseYW" name="Reg" time="77.632"/>
  <system-out/>
  <testcase classname="pagesTestCasesYasasiiWeb.KIMS_OutsiderPatientFlow_TestcaseYW" name="OUtsideReg" time="124.356"/>
  <system-out/>
</testsuite> <!-- pagesTestCasesYasasiiWeb.KIMS_OutsiderPatientFlow_TestcaseYW -->
