<?xml version="1.0" encoding="UTF-8"?>
<!-- Generated by org.testng.reporters.JUnitReportReporter -->
<testsuite hostname="KI-54" failures="0" tests="1" name="pagesTestCasesYasasiiWeb.KIMS_FO_ADTactivities_TestcaseYW" time="161.868" errors="0" timestamp="2025-01-06T11:33:57 IST" skipped="0">
  <testcase classname="pagesTestCasesYasasiiWeb.KIMS_FO_ADTactivities_TestcaseYW" name="EMRtransfer" time="161.868"/>
  <system-out/>
</testsuite> <!-- pagesTestCasesYasasiiWeb.KIMS_FO_ADTactivities_TestcaseYW -->
