<?xml version="1.0" encoding="UTF-8"?>
<!-- Generated by org.testng.reporters.JUnitReportReporter -->
<testsuite hostname="KI-54" failures="0" tests="2" name="pagesTestCasesYasasiiWeb.KIMS_PharmacyBilling_RecomennedDose_Substitute_TestcaseYW" time="401.020" errors="0" timestamp="2024-12-27T13:55:32 IST" skipped="0">
  <testcase classname="pagesTestCasesYasasiiWeb.KIMS_PharmacyBilling_RecomennedDose_Substitute_TestcaseYW" name="Reg" time="114.112"/>
  <system-out/>
  <testcase classname="pagesTestCasesYasasiiWeb.KIMS_PharmacyBilling_RecomennedDose_Substitute_TestcaseYW" name="AdjustRefund" time="286.908"/>
  <system-out/>
</testsuite> <!-- pagesTestCasesYasasiiWeb.KIMS_PharmacyBilling_RecomennedDose_Substitute_TestcaseYW -->
