<?xml version="1.0" encoding="UTF-8"?>
<!-- Generated by org.testng.reporters.JUnitReportReporter -->
<testsuite hostname="KI129" failures="0" tests="2" name="pagesTestCasesYasasiiWeb.KIMS_OrdersetFormulatory_testcaseYW" time="334.468" errors="0" timestamp="2025-12-11T12:52:04 IST" skipped="0">
  <testcase classname="pagesTestCasesYasasiiWeb.KIMS_OrdersetFormulatory_testcaseYW" name="orderset" time="158.964"/>
  <system-out/>
  <testcase classname="pagesTestCasesYasasiiWeb.KIMS_OrdersetFormulatory_testcaseYW" name="Patreg" time="175.504"/>
  <system-out/>
</testsuite> <!-- pagesTestCasesYasasiiWeb.KIMS_OrdersetFormulatory_testcaseYW -->
