<?xml version="1.0" encoding="UTF-8"?>
<!-- Generated by org.testng.reporters.JUnitReportReporter -->
<testsuite hostname="KI-54" failures="0" tests="1" name="pagesTestCasesYasasiiWeb.KIMS_ClosedEncounterBilling_TestCaseYW" time="107.084" errors="0" timestamp="2025-12-09T11:01:47 IST" skipped="0">
  <testcase classname="pagesTestCasesYasasiiWeb.KIMS_ClosedEncounterBilling_TestCaseYW" name="closeEncounter" time="107.084"/>
  <system-out/>
</testsuite> <!-- pagesTestCasesYasasiiWeb.KIMS_ClosedEncounterBilling_TestCaseYW -->
