<?xml version="1.0" encoding="UTF-8"?>
<!-- Generated by org.testng.reporters.JUnitReportReporter -->
<testsuite hostname="KI-54" failures="0" tests="2" name="pagesTestCasesYasasiiWeb.KIMS_IPpanel_MedicineAdministration_TestcaseYW" time="630.923" errors="0" timestamp="2024-12-10T16:57:58 IST" skipped="0">
  <testcase classname="pagesTestCasesYasasiiWeb.KIMS_IPpanel_MedicineAdministration_TestcaseYW" name="Patreg" time="132.595"/>
  <system-out/>
  <testcase classname="pagesTestCasesYasasiiWeb.KIMS_IPpanel_MedicineAdministration_TestcaseYW" name="IPpanel" time="498.328"/>
  <system-out/>
</testsuite> <!-- pagesTestCasesYasasiiWeb.KIMS_IPpanel_MedicineAdministration_TestcaseYW -->
