<?xml version="1.0" encoding="UTF-8"?>
<!-- Generated by org.testng.reporters.JUnitReportReporter -->
<testsuite hostname="KI-54" failures="0" tests="2" name="pagesTestCasesYasasiiWeb.KIMS_BillCancelandRefund_TestCaseYW" time="359.441" errors="0" timestamp="2025-12-16T12:23:58 IST" skipped="0">
  <testcase classname="pagesTestCasesYasasiiWeb.KIMS_BillCancelandRefund_TestCaseYW" name="BirthReg" time="70.923"/>
  <system-out/>
  <testcase classname="pagesTestCasesYasasiiWeb.KIMS_BillCancelandRefund_TestCaseYW" name="billCancel" time="288.518"/>
  <system-out/>
</testsuite> <!-- pagesTestCasesYasasiiWeb.KIMS_BillCancelandRefund_TestCaseYW -->
