<?xml version="1.0" encoding="UTF-8"?>
<!-- Generated by org.testng.reporters.JUnitReportReporter -->
<testsuite hostname="KI-54" failures="0" tests="1" name="pagesTestCasesYasasiiWeb.KIMS_ER_Admission_IPEnquiry_Staypass_TestcaseYW" time="275.535" errors="0" timestamp="2025-12-16T11:18:23 IST" skipped="0">
  <testcase classname="pagesTestCasesYasasiiWeb.KIMS_ER_Admission_IPEnquiry_Staypass_TestcaseYW" name="EMRtransfer" time="275.535"/>
  <system-out/>
</testsuite> <!-- pagesTestCasesYasasiiWeb.KIMS_ER_Admission_IPEnquiry_Staypass_TestcaseYW -->
