<?xml version="1.0" encoding="UTF-8"?>
<!-- Generated by org.testng.reporters.JUnitReportReporter -->
<testsuite hostname="KI-54" failures="0" tests="2" name="pagesTestCasesYasasiiWeb.KIMS_IncomingServices_DifferentSiteBilling_TestcaseYW" time="257.771" errors="0" timestamp="2025-11-11T13:49:31 IST" skipped="0">
  <testcase classname="pagesTestCasesYasasiiWeb.KIMS_IncomingServices_DifferentSiteBilling_TestcaseYW" name="patreg" time="114.673"/>
  <system-out/>
  <testcase classname="pagesTestCasesYasasiiWeb.KIMS_IncomingServices_DifferentSiteBilling_TestcaseYW" name="doctornote" time="143.098"/>
  <system-out/>
</testsuite> <!-- pagesTestCasesYasasiiWeb.KIMS_IncomingServices_DifferentSiteBilling_TestcaseYW -->
