<?xml version="1.0" encoding="UTF-8"?>
<!-- Generated by org.testng.reporters.JUnitReportReporter -->
<testsuite hostname="KI-54" failures="0" tests="2" name="pagesTestCasesYasasiiWeb.KIMS_EMRhidenote_TeatcaseYW" time="490.962" errors="0" timestamp="2025-12-11T18:23:40 IST" skipped="0">
  <testcase classname="pagesTestCasesYasasiiWeb.KIMS_EMRhidenote_TeatcaseYW" name="Reg" time="123.676"/>
  <system-out/>
  <testcase classname="pagesTestCasesYasasiiWeb.KIMS_EMRhidenote_TeatcaseYW" name="Hidenote" time="367.286"/>
  <system-out/>
</testsuite> <!-- pagesTestCasesYasasiiWeb.KIMS_EMRhidenote_TeatcaseYW -->
