<?xml version="1.0" encoding="UTF-8"?>
<!-- Generated by org.testng.reporters.JUnitReportReporter -->
<testsuite hostname="KI-54" failures="0" tests="2" name="pagesTestCasesYasasiiWeb.KIMS_AdjustmentRefund_TestcaseYW" time="427.290" errors="0" timestamp="2025-01-02T11:55:21 IST" skipped="0">
  <testcase classname="pagesTestCasesYasasiiWeb.KIMS_AdjustmentRefund_TestcaseYW" name="Reg" time="134.915"/>
  <system-out/>
  <testcase classname="pagesTestCasesYasasiiWeb.KIMS_AdjustmentRefund_TestcaseYW" name="AdjustRefund" time="292.375"/>
  <system-out/>
</testsuite> <!-- pagesTestCasesYasasiiWeb.KIMS_AdjustmentRefund_TestcaseYW -->
