<?xml version="1.0" encoding="UTF-8"?>
<!-- Generated by org.testng.reporters.JUnitReportReporter -->
<testsuite hostname="KI129" failures="0" tests="2" name="pagesTestCasesYasasiiWeb.KIMS_OutsiderPatientFlow_TestcaseYW" time="174.197" errors="0" timestamp="2025-12-11T16:15:26 IST" skipped="0">
  <testcase classname="pagesTestCasesYasasiiWeb.KIMS_OutsiderPatientFlow_TestcaseYW" name="Reg" time="54.162"/>
  <system-out/>
  <testcase classname="pagesTestCasesYasasiiWeb.KIMS_OutsiderPatientFlow_TestcaseYW" name="OUtsideReg" time="120.035"/>
  <system-out/>
</testsuite> <!-- pagesTestCasesYasasiiWeb.KIMS_OutsiderPatientFlow_TestcaseYW -->
