<?xml version="1.0" encoding="UTF-8"?>
<!-- Generated by org.testng.reporters.JUnitReportReporter -->
<testsuite hostname="KI129" failures="0" tests="2" name="pagesTestCasesYasasiiWeb.KIMS_Investigation_Additionaltest_sampleTracker_TestcaseYW" time="332.980" errors="0" timestamp="2025-12-16T10:01:47 IST" skipped="0">
  <testcase classname="pagesTestCasesYasasiiWeb.KIMS_Investigation_Additionaltest_sampleTracker_TestcaseYW" name="Patreg" time="79.860"/>
  <system-out/>
  <testcase classname="pagesTestCasesYasasiiWeb.KIMS_Investigation_Additionaltest_sampleTracker_TestcaseYW" name="investigation" time="253.120"/>
  <system-out/>
</testsuite> <!-- pagesTestCasesYasasiiWeb.KIMS_Investigation_Additionaltest_sampleTracker_TestcaseYW -->
