<?xml version="1.0" encoding="UTF-8"?>
<!-- Generated by org.testng.reporters.JUnitReportReporter -->
<testsuite hostname="KI-54" failures="0" tests="1" name="pagesTestCasesYasasiiWeb.KIMS_Pathology_Cytology_TestCaseYW" time="94.713" errors="0" timestamp="2025-11-19T19:06:16 IST" skipped="0">
  <testcase classname="pagesTestCasesYasasiiWeb.KIMS_Pathology_Cytology_TestCaseYW" name="inestigation" time="94.713"/>
  <system-out/>
</testsuite> <!-- pagesTestCasesYasasiiWeb.KIMS_Pathology_Cytology_TestCaseYW -->
