<?xml version="1.0" encoding="UTF-8"?>
<!-- Generated by org.testng.reporters.JUnitReportReporter -->
<testsuite hostname="KI-54" failures="0" tests="2" name="pagesTestCasesYasasiiWeb.KIMS_CpoePendingOrder_Billing_TestcaseYW" time="364.193" errors="0" timestamp="2025-11-05T13:39:12 IST" skipped="0">
  <testcase classname="pagesTestCasesYasasiiWeb.KIMS_CpoePendingOrder_Billing_TestcaseYW" name="PatientReg" time="78.859"/>
  <system-out/>
  <testcase classname="pagesTestCasesYasasiiWeb.KIMS_CpoePendingOrder_Billing_TestcaseYW" name="CpoePending" time="285.334"/>
  <system-out/>
</testsuite> <!-- pagesTestCasesYasasiiWeb.KIMS_CpoePendingOrder_Billing_TestcaseYW -->
