<?xml version="1.0" encoding="UTF-8"?>
<!-- Generated by org.testng.reporters.JUnitReportReporter -->
<testsuite hostname="KI-54" failures="0" tests="2" name="pagesTestCasesYasasiiWeb.KIMS_AdvanceRefund_TestcaseYW" time="252.029" errors="0" timestamp="2025-01-02T12:15:45 IST" skipped="0">
  <testcase classname="pagesTestCasesYasasiiWeb.KIMS_AdvanceRefund_TestcaseYW" name="Reg" time="60.394"/>
  <system-out/>
  <testcase classname="pagesTestCasesYasasiiWeb.KIMS_AdvanceRefund_TestcaseYW" name="billCancel" time="191.635"/>
  <system-out/>
</testsuite> <!-- pagesTestCasesYasasiiWeb.KIMS_AdvanceRefund_TestcaseYW -->
