<?xml version="1.0" encoding="UTF-8"?>
<!-- Generated by org.testng.reporters.JUnitReportReporter -->
<testsuite hostname="KI129" failures="0" tests="1" name="pagesTestCasesYasasiiWeb.KIMS_MedicineMaster_Diagnosis_TestcaseYW" time="104.359" errors="0" timestamp="2025-12-15T16:35:34 IST" skipped="0">
  <testcase classname="pagesTestCasesYasasiiWeb.KIMS_MedicineMaster_Diagnosis_TestcaseYW" name="EMRapp" time="104.359"/>
  <system-out/>
</testsuite> <!-- pagesTestCasesYasasiiWeb.KIMS_MedicineMaster_Diagnosis_TestcaseYW -->
