<?xml version="1.0" encoding="UTF-8"?>
<!-- Generated by org.testng.reporters.JUnitReportReporter -->
<testsuite hostname="KI-54" failures="0" tests="1" name="pagesTestCasesYasasiiWeb.KIMS_EMRBlockandFreeze_TestcasesYW" time="242.236" errors="0" timestamp="2025-11-10T11:49:51 IST" skipped="0">
  <testcase classname="pagesTestCasesYasasiiWeb.KIMS_EMRBlockandFreeze_TestcasesYW" name="EMRBlock" time="242.236"/>
  <system-out/>
</testsuite> <!-- pagesTestCasesYasasiiWeb.KIMS_EMRBlockandFreeze_TestcasesYW -->
