<?xml version="1.0" encoding="UTF-8"?>
<!-- Generated by org.testng.reporters.JUnitReportReporter -->
<testsuite hostname="KI-54" failures="0" tests="1" name="pagesTestCasesYasasiiWeb.KIMS_StockTransfer_TestcaseYW" time="322.595" errors="0" timestamp="2025-11-26T19:40:06 IST" skipped="0">
  <testcase classname="pagesTestCasesYasasiiWeb.KIMS_StockTransfer_TestcaseYW" name="inventoryStockReservation" time="322.595"/>
  <system-out/>
</testsuite> <!-- pagesTestCasesYasasiiWeb.KIMS_StockTransfer_TestcaseYW -->
