<?xml version="1.0" encoding="UTF-8"?>
<!-- Generated by org.testng.reporters.JUnitReportReporter -->
<testsuite hostname="KI129" failures="0" tests="2" name="pagesTestCasesYasasiiWeb.KIMS_MergedMRNO_TestcaseYW" time="508.536" errors="0" timestamp="2025-12-20T16:26:04 IST" skipped="0">
  <testcase classname="pagesTestCasesYasasiiWeb.KIMS_MergedMRNO_TestcaseYW" name="merged" time="335.146"/>
  <system-out/>
  <testcase classname="pagesTestCasesYasasiiWeb.KIMS_MergedMRNO_TestcaseYW" name="Reg" time="173.390"/>
  <system-out/>
</testsuite> <!-- pagesTestCasesYasasiiWeb.KIMS_MergedMRNO_TestcaseYW -->
