<?xml version="1.0" encoding="UTF-8"?>
<!-- Generated by org.testng.reporters.JUnitReportReporter -->
<testsuite hostname="KI-54" failures="0" tests="1" name="pagesTestCasesYasasiiWeb.KIMS_SecondOpinion_TestcaseYW" time="284.401" errors="0" timestamp="2024-12-27T15:52:17 IST" skipped="0">
  <testcase classname="pagesTestCasesYasasiiWeb.KIMS_SecondOpinion_TestcaseYW" name="SecondOpinion" time="284.401"/>
  <system-out/>
</testsuite> <!-- pagesTestCasesYasasiiWeb.KIMS_SecondOpinion_TestcaseYW -->
