<?xml version="1.0" encoding="UTF-8"?>
<!-- Generated by org.testng.reporters.JUnitReportReporter -->
<testsuite hostname="KI-54" failures="0" tests="1" name="pagesTestCasesYasasiiWeb.KIMS_BillCancelandRefund_TestCaseYW" time="75.837" errors="0" timestamp="2025-12-02T16:41:45 IST" skipped="0">
  <testcase classname="pagesTestCasesYasasiiWeb.KIMS_BillCancelandRefund_TestCaseYW" name="billCancel" time="75.837"/>
  <system-out/>
</testsuite> <!-- pagesTestCasesYasasiiWeb.KIMS_BillCancelandRefund_TestCaseYW -->
