<?xml version="1.0" encoding="UTF-8"?>
<!-- Generated by org.testng.reporters.JUnitReportReporter -->
<testsuite hostname="KI129" failures="0" tests="2" name="pagesTestCasesYasasiiWeb.KIMS_Pathology_Cytology_TestCaseYW" time="515.845" errors="0" timestamp="2025-12-08T12:51:42 IST" skipped="0">
  <testcase classname="pagesTestCasesYasasiiWeb.KIMS_Pathology_Cytology_TestCaseYW" name="Pathology" time="109.794"/>
  <system-out/>
  <testcase classname="pagesTestCasesYasasiiWeb.KIMS_Pathology_Cytology_TestCaseYW" name="inestigation" time="406.051"/>
  <system-out/>
</testsuite> <!-- pagesTestCasesYasasiiWeb.KIMS_Pathology_Cytology_TestCaseYW -->
