<?xml version="1.0" encoding="UTF-8"?>
<!-- Generated by org.testng.reporters.JUnitReportReporter -->
<testsuite hostname="KI-54" failures="0" tests="1" name="pagesTestCasesYasasiiWeb.KIMS_Appointment_master_blockAndfreeze_TestcaseYW" time="163.306" errors="0" timestamp="2025-01-02T12:24:36 IST" skipped="0">
  <testcase classname="pagesTestCasesYasasiiWeb.KIMS_Appointment_master_blockAndfreeze_TestcaseYW" name="AppointmentCheckin" time="163.306"/>
  <system-out/>
</testsuite> <!-- pagesTestCasesYasasiiWeb.KIMS_Appointment_master_blockAndfreeze_TestcaseYW -->
