<?xml version="1.0" encoding="UTF-8"?>
<!-- Generated by org.testng.reporters.JUnitReportReporter -->
<testsuite hostname="KI-54" failures="0" tests="2" name="pagesTestCasesYasasiiWeb.KIMS_FinalBilling_OP_TestcaseYW" time="354.903" errors="0" timestamp="2025-12-05T11:09:13 IST" skipped="0">
  <testcase classname="pagesTestCasesYasasiiWeb.KIMS_FinalBilling_OP_TestcaseYW" name="Reg" time="115.334"/>
  <system-out/>
  <testcase classname="pagesTestCasesYasasiiWeb.KIMS_FinalBilling_OP_TestcaseYW" name="finalbilling" time="239.569"/>
  <system-out/>
</testsuite> <!-- pagesTestCasesYasasiiWeb.KIMS_FinalBilling_OP_TestcaseYW -->
