<?xml version="1.0" encoding="UTF-8"?>
<!-- Generated by org.testng.reporters.JUnitReportReporter -->
<testsuite hostname="KI-54" failures="0" tests="2" name="pagesTestCasesYasasiiWeb.KIMS_AppointmentView_inEMR_TestcaseYW" time="232.245" errors="0" timestamp="2025-12-02T15:39:51 IST" skipped="0">
  <testcase classname="pagesTestCasesYasasiiWeb.KIMS_AppointmentView_inEMR_TestcaseYW" name="Reg" time="88.530"/>
  <system-out/>
  <testcase classname="pagesTestCasesYasasiiWeb.KIMS_AppointmentView_inEMR_TestcaseYW" name="EMRapp" time="143.715"/>
  <system-out/>
</testsuite> <!-- pagesTestCasesYasasiiWeb.KIMS_AppointmentView_inEMR_TestcaseYW -->
