<?xml version="1.0" encoding="UTF-8"?>
<!-- Generated by org.testng.reporters.JUnitReportReporter -->
<testsuite hostname="KI-54" failures="0" tests="2" name="pagesTestCasesYasasiiWeb.KIMS_AdjustmentRefund_TestcaseYW" time="397.165" errors="0" timestamp="2025-12-02T14:18:30 IST" skipped="0">
  <testcase classname="pagesTestCasesYasasiiWeb.KIMS_AdjustmentRefund_TestcaseYW" name="Reg" time="120.649"/>
  <system-out/>
  <testcase classname="pagesTestCasesYasasiiWeb.KIMS_AdjustmentRefund_TestcaseYW" name="AdjustRefund" time="276.516"/>
  <system-out/>
</testsuite> <!-- pagesTestCasesYasasiiWeb.KIMS_AdjustmentRefund_TestcaseYW -->
