<?xml version="1.0" encoding="UTF-8"?>
<!-- Generated by org.testng.reporters.JUnitReportReporter -->
<testsuite hostname="KI-54" failures="0" tests="1" name="pagesTestCasesYasasiiWeb.KIMS_PatientJourney_OP_TestcasesYW" time="50.667" errors="0" timestamp="2025-01-02T10:55:54 IST" skipped="0">
  <testcase classname="pagesTestCasesYasasiiWeb.KIMS_PatientJourney_OP_TestcasesYW" name="billCancel" time="50.667"/>
  <system-out/>
</testsuite> <!-- pagesTestCasesYasasiiWeb.KIMS_PatientJourney_OP_TestcasesYW -->
