<?xml version="1.0" encoding="UTF-8"?>
<!-- Generated by org.testng.reporters.JUnitReportReporter -->
<testsuite hostname="KI-54" failures="0" tests="2" name="pagesTestCasesYasasiiWeb.KIMS_pathology_FrozenTestcaseYW" time="413.047" errors="0" timestamp="2025-11-20T18:19:25 IST" skipped="0">
  <testcase classname="pagesTestCasesYasasiiWeb.KIMS_pathology_FrozenTestcaseYW" name="Pathology" time="80.485"/>
  <system-out/>
  <testcase classname="pagesTestCasesYasasiiWeb.KIMS_pathology_FrozenTestcaseYW" name="investigation" time="332.562"/>
  <system-out/>
</testsuite> <!-- pagesTestCasesYasasiiWeb.KIMS_pathology_FrozenTestcaseYW -->
