<?xml version="1.0" encoding="UTF-8"?>
<!-- Generated by org.testng.reporters.JUnitReportReporter -->
<testsuite hostname="KI-54" failures="0" tests="1" name="pagesTestCasesYasasiiWeb.KIMS_EMRBlockandFreeze_TestcasesYW" time="221.291" errors="0" timestamp="2025-01-06T09:47:41 IST" skipped="0">
  <testcase classname="pagesTestCasesYasasiiWeb.KIMS_EMRBlockandFreeze_TestcasesYW" name="EMRBlock" time="221.291"/>
  <system-out/>
</testsuite> <!-- pagesTestCasesYasasiiWeb.KIMS_EMRBlockandFreeze_TestcasesYW -->
