<?xml version="1.0" encoding="UTF-8"?>
<!-- Generated by org.testng.reporters.JUnitReportReporter -->
<testsuite hostname="KI-54" failures="0" tests="2" name="pagesTestCasesYasasiiWeb.KIMS_StatementSettlement_TestcaseYW" time="548.774" errors="0" timestamp="2024-12-27T18:48:46 IST" skipped="0">
  <testcase classname="pagesTestCasesYasasiiWeb.KIMS_StatementSettlement_TestcaseYW" name="Reg" time="129.593"/>
  <system-out/>
  <testcase classname="pagesTestCasesYasasiiWeb.KIMS_StatementSettlement_TestcaseYW" name="finalbilling" time="419.181"/>
  <system-out/>
</testsuite> <!-- pagesTestCasesYasasiiWeb.KIMS_StatementSettlement_TestcaseYW -->
